<Category xmlns:i="http://www.w3.org/2001/XMLSchema-instance" xmlns="http://hornget.com/services">
  <Name>.horn</Name>
  <Categories>
    <Category>
      <Name>frameworks</Name>
      <Categories>
        <Category>
          <Name>rhino.tools</Name>
          <Categories>
            <Category>
              <Name>rhino.dsl</Name>
              <Categories />
              <Packages>
                <Package>
                  <Name>rhino.dsl</Name>
                  <MetaData>
                    <MetaData>
                      <Name>category</Name>
                      <Value>Frameworks</Value>
                    </MetaData>
                    <MetaData>
                      <Name>description</Name>
                      <Value>DSL Library for Boo</Value>
                    </MetaData>
                    <MetaData>
                      <Name>forum</Name>
                      <Value>http://groups.google.co.uk/group/rhino-tools-dev?hl=en</Value>
                    </MetaData>
                    <MetaData>
                      <Name>homepage</Name>
                      <Value>http://ayende.com/blog/</Value>
                    </MetaData>
                    <MetaData>
                      <Name>name</Name>
                      <Value>Rhino.Dsl</Value>
                    </MetaData>
                    <MetaData>
                      <Name>notes</Name>
                      <Value />
                    </MetaData>
                  </MetaData>
                  <Version>trunk</Version>
                  <Url>frameworks/rhino.tools/rhino.dsl/rhino.dsl-trunk</Url>
                  <ZipFileName>
                    <Name>rhino.dsl-trunk.zip</Name>
                  </ZipFileName>
                  <Contents>
                    <PackageFile>
                      <Name>Aggregate.dll</Name>
                    </PackageFile>
                    <PackageFile>
                      <Name>Aggregate.pdb</Name>
                    </PackageFile>
                    <PackageFile>
                      <Name>AnonymousBaseClass.boo</Name>
                    </PackageFile>
                    <PackageFile>
                      <Name>anotherFile.boo</Name>
                    </PackageFile>
                    <PackageFile>
                      <Name>anotherFile2.boo</Name>
                    </PackageFile>
                    <PackageFile>
                      <Name>AutoImport.boo</Name>
                    </PackageFile>
                    <PackageFile>
                      <Name>Boo.Lang.Compiler.dll</Name>
                    </PackageFile>
                    <PackageFile>
                      <Name>Boo.Lang.dll</Name>
                    </PackageFile>
                    <PackageFile>
                      <Name>Boo.Lang.Parser.dll</Name>
                    </PackageFile>
                    <PackageFile>
                      <Name>hasReferenceToAnotherFile.boo</Name>
                    </PackageFile>
                    <PackageFile>
                      <Name>log4net.dll</Name>
                    </PackageFile>
                    <PackageFile>
                      <Name>MbUnit.AddIn.dll</Name>
                    </PackageFile>
                    <PackageFile>
                      <Name>MbUnit.Cons.exe</Name>
                    </PackageFile>
                    <PackageFile>
                      <Name>MbUnit.Cons.exe.config</Name>
                    </PackageFile>
                    <PackageFile>
                      <Name>MbUnit.Demo.1.1.dll</Name>
                    </PackageFile>
                    <PackageFile>
                      <Name>MbUnit.Framework.1.1.dll</Name>
                    </PackageFile>
                    <PackageFile>
                      <Name>MbUnit.Framework.1.1.XML</Name>
                    </PackageFile>
                    <PackageFile>
                      <Name>MbUnit.Framework.2.0.dll</Name>
                    </PackageFile>
                    <PackageFile>
                      <Name>MbUnit.Framework.dll</Name>
                    </PackageFile>
                    <PackageFile>
                      <Name>MbUnit.Framework.XML</Name>
                    </PackageFile>
                    <PackageFile>
                      <Name>MbUnit.GUI.exe</Name>
                    </PackageFile>
                    <PackageFile>
                      <Name>MbUnit.GUI.exe.config</Name>
                    </PackageFile>
                    <PackageFile>
                      <Name>MbUnit.MSBuild.Tasks.dll</Name>
                    </PackageFile>
                    <PackageFile>
                      <Name>MbUnit.Tasks.dll</Name>
                    </PackageFile>
                    <PackageFile>
                      <Name>MbUnit.Tests.1.1.dll</Name>
                    </PackageFile>
                    <PackageFile>
                      <Name>MethodSubstitutionBaseClass.boo</Name>
                    </PackageFile>
                    <PackageFile>
                      <Name>namespacesImports.boo</Name>
                    </PackageFile>
                    <PackageFile>
                      <Name>NAnt.Core.dll</Name>
                    </PackageFile>
                    <PackageFile>
                      <Name>NAnt.Core.xml</Name>
                    </PackageFile>
                    <PackageFile>
                      <Name>NGraphviz.dll</Name>
                    </PackageFile>
                    <PackageFile>
                      <Name>NGraphviz.Helpers.dll</Name>
                    </PackageFile>
                    <PackageFile>
                      <Name>NGraphviz.Layout.dll</Name>
                    </PackageFile>
                    <PackageFile>
                      <Name>QuickGraph.Algorithms.dll</Name>
                    </PackageFile>
                    <PackageFile>
                      <Name>QuickGraph.Algorithms.Graphviz.dll</Name>
                    </PackageFile>
                    <PackageFile>
                      <Name>QuickGraph.dll</Name>
                    </PackageFile>
                    <PackageFile>
                      <Name>Refly.dll</Name>
                    </PackageFile>
                    <PackageFile>
                      <Name>Rhino.DSL.dll</Name>
                    </PackageFile>
                    <PackageFile>
                      <Name>Rhino.DSL.pdb</Name>
                    </PackageFile>
                    <PackageFile>
                      <Name>Rhino.DSL.Tests.dll</Name>
                    </PackageFile>
                    <PackageFile>
                      <Name>Rhino.DSL.Tests.pdb</Name>
                    </PackageFile>
                    <PackageFile>
                      <Name>Rhino.DSL.XML</Name>
                    </PackageFile>
                    <PackageFile>
                      <Name>Rhino.Mocks.dll</Name>
                    </PackageFile>
                    <PackageFile>
                      <Name>Rhino.Mocks.xml</Name>
                    </PackageFile>
                    <PackageFile>
                      <Name>TestDriven.Framework.dll</Name>
                    </PackageFile>
                    <PackageFile>
                      <Name>TestFu.dll</Name>
                    </PackageFile>
                    <PackageFile>
                      <Name>TestFu.XML</Name>
                    </PackageFile>
                    <PackageFile>
                      <Name>uninst.exe</Name>
                    </PackageFile>
                    <PackageFile>
                      <Name>users.txt</Name>
                    </PackageFile>
                    <PackageFile>
                      <Name>XsdTidy.exe</Name>
                    </PackageFile>
                  </Contents>
                  <IsError>false</IsError>
                  <ErrorMessage i:nil="true" />
                </Package>
              </Packages>
              <Url>frameworks/rhino.tools/rhino.dsl/</Url>
            </Category>
          </Categories>
          <Packages />
          <Url>frameworks/rhino.tools/</Url>
        </Category>
        <Category>
          <Name>sharp.architecture</Name>
          <Categories />
          <Packages>
            <Package>
              <Name>sharp.architecture</Name>
              <MetaData>
                <MetaData>
                  <Name>category</Name>
                  <Value>Frameworks</Value>
                </MetaData>
                <MetaData>
                  <Name>description</Name>
                  <Value>This is a solid architectural foundation for rapidly building maintainable web applications leveraging the ASP.NET MVC framework with NHibernate.</Value>
                </MetaData>
                <MetaData>
                  <Name>forum</Name>
                  <Value>http://groups.google.com/group/sharp-architecture</Value>
                </MetaData>
                <MetaData>
                  <Name>homepage</Name>
                  <Value>http://code.google.com/p/sharp-architecture/</Value>
                </MetaData>
                <MetaData>
                  <Name>name</Name>
                  <Value>Sharp Architecture</Value>
                </MetaData>
                <MetaData>
                  <Name>notes</Name>
                  <Value />
                </MetaData>
              </MetaData>
              <Version>trunk</Version>
              <Url>frameworks/sharp.architecture/sharp.architecture-trunk</Url>
              <ZipFileName i:nil="true" />
              <Contents />
              <IsError>true</IsError>
              <ErrorMessage>
                The build tool Horn.Core.BatchBuildTool failed building the sharp.architecture package
              </ErrorMessage>
            </Package>
          </Packages>
          <Url>frameworks/sharp.architecture/</Url>
        </Category>
      </Categories>
      <Packages />
      <Url>frameworks/</Url>
    </Category>
    <Category>
      <Name>ioc</Name>
      <Categories>
        <Category>
          <Name>castle.activerecord</Name>
          <Categories />
          <Packages>
            <Package>
              <Name>castle.activerecord</Name>
              <MetaData>
                <MetaData>
                  <Name>category</Name>
                  <Value>IoC</Value>
                </MetaData>
                <MetaData>
                  <Name>description</Name>
                  <Value>The Castle ActiveRecord project is an implementation of the ActiveRecord pattern for .NET.</Value>
                </MetaData>
                <MetaData>
                  <Name>forum</Name>
                  <Value>http://groups.google.co.uk/group/castle-project-users?hl=en</Value>
                </MetaData>
                <MetaData>
                  <Name>homepage</Name>
                  <Value>http://www.castleproject.org/</Value>
                </MetaData>
                <MetaData>
                  <Name>name</Name>
                  <Value>Castle ActiveRecord</Value>
                </MetaData>
                <MetaData>
                  <Name>notes</Name>
                  <Value />
                </MetaData>
              </MetaData>
              <Version>trunk</Version>
              <Url>ioc/castle.activerecord/castle.activerecord-trunk</Url>
              <ZipFileName>
                <Name>castle.activerecord-trunk.zip</Name>
              </ZipFileName>
              <Contents>
                <PackageFile>
                  <Name>ABC.hbm.xml</Name>
                </PackageFile>
                <PackageFile>
                  <Name>adodb.dll</Name>
                </PackageFile>
                <PackageFile>
                  <Name>Aggregate.dll</Name>
                </PackageFile>
                <PackageFile>
                  <Name>Aggregate.pdb</Name>
                </PackageFile>
                <PackageFile>
                  <Name>AnonymousBaseClass.boo</Name>
                </PackageFile>
                <PackageFile>
                  <Name>anotherFile.boo</Name>
                </PackageFile>
                <PackageFile>
                  <Name>anotherFile2.boo</Name>
                </PackageFile>
                <PackageFile>
                  <Name>anrControls.Markdown.NET.dll</Name>
                </PackageFile>
                <PackageFile>
                  <Name>antlr.runtime.dll</Name>
                </PackageFile>
                <PackageFile>
                  <Name>Antlr3.Runtime.dll</Name>
                </PackageFile>
                <PackageFile>
                  <Name>Application.spark</Name>
                </PackageFile>
                <PackageFile>
                  <Name>apppath.brail</Name>
                </PackageFile>
                <PackageFile>
                  <Name>AutoImport.boo</Name>
                </PackageFile>
                <PackageFile>
                  <Name>Bamboo.Prevalence.dll</Name>
                </PackageFile>
                <PackageFile>
                  <Name>Bamboo.Prevalence.Util.dll</Name>
                </PackageFile>
                <PackageFile>
                  <Name>Boo.Lang.CodeDom.dll</Name>
                </PackageFile>
                <PackageFile>
                  <Name>Boo.Lang.Compiler.dll</Name>
                </PackageFile>
                <PackageFile>
                  <Name>Boo.Lang.dll</Name>
                </PackageFile>
                <PackageFile>
                  <Name>Boo.Lang.Extensions.dll</Name>
                </PackageFile>
                <PackageFile>
                  <Name>Boo.Lang.Interpreter.dll</Name>
                </PackageFile>
                <PackageFile>
                  <Name>Boo.Lang.Parser.dll</Name>
                </PackageFile>
                <PackageFile>
                  <Name>Boo.Lang.PatternMatching.dll</Name>
                </PackageFile>
                <PackageFile>
                  <Name>Boo.Lang.Useful.dll</Name>
                </PackageFile>
                <PackageFile>
                  <Name>Boo.Microsoft.Build.Tasks.dll</Name>
                </PackageFile>
                <PackageFile>
                  <Name>Boo.NAnt.Tasks.dll</Name>
                </PackageFile>
                <PackageFile>
                  <Name>CanChangeAllTheDefaultsEvenThoughIShouldntWriteATestWithABigSurfaceAreaLikeThisNaughtyPete.xml</Name>
                </PackageFile>
                <PackageFile>
                  <Name>Cassini.dll</Name>
                </PackageFile>
                <PackageFile>
                  <Name>Castle.ActiveRecord.dll</Name>
                </PackageFile>
                <PackageFile>
                  <Name>Castle.ActiveRecord.Linq.dll</Name>
                </PackageFile>
                <PackageFile>
                  <Name>Castle.ActiveRecord.Linq.pdb</Name>
                </PackageFile>
                <PackageFile>
                  <Name>Castle.ActiveRecord.Linq.xml</Name>
                </PackageFile>
                <PackageFile>
                  <Name>Castle.ActiveRecord.pdb</Name>
                </PackageFile>
                <PackageFile>
                  <Name>Castle.ActiveRecord.xml</Name>
                </PackageFile>
                <PackageFile>
                  <Name>Castle.Components.Binder.dll</Name>
                </PackageFile>
                <PackageFile>
                  <Name>Castle.Components.Binder.pdb</Name>
                </PackageFile>
                <PackageFile>
                  <Name>Castle.Components.Binder.xml</Name>
                </PackageFile>
                <PackageFile>
                  <Name>Castle.Components.Common.EmailSender.dll</Name>
                </PackageFile>
                <PackageFile>
                  <Name>Castle.Components.Common.EmailSender.pdb</Name>
                </PackageFile>
                <PackageFile>
                  <Name>Castle.Components.Common.EmailSender.xml</Name>
                </PackageFile>
                <PackageFile>
                  <Name>Castle.Components.Common.TemplateEngine.dll</Name>
                </PackageFile>
                <PackageFile>
                  <Name>Castle.Components.Common.TemplateEngine.NVelocityTemplateEngine.dll</Name>
                </PackageFile>
                <PackageFile>
                  <Name>Castle.Components.Common.TemplateEngine.NVelocityTemplateEngine.pdb</Name>
                </PackageFile>
                <PackageFile>
                  <Name>Castle.Components.Common.TemplateEngine.NVelocityTemplateEngine.xml</Name>
                </PackageFile>
                <PackageFile>
                  <Name>Castle.Components.Common.TemplateEngine.pdb</Name>
                </PackageFile>
                <PackageFile>
                  <Name>Castle.Components.Common.TemplateEngine.xml</Name>
                </PackageFile>
                <PackageFile>
                  <Name>Castle.Components.DictionaryAdapter.dll</Name>
                </PackageFile>
                <PackageFile>
                  <Name>Castle.Components.DictionaryAdapter.pdb</Name>
                </PackageFile>
                <PackageFile>
                  <Name>Castle.Components.DictionaryAdapter.xml</Name>
                </PackageFile>
                <PackageFile>
                  <Name>Castle.Components.Pagination.dll</Name>
                </PackageFile>
                <PackageFile>
                  <Name>Castle.Components.Pagination.pdb</Name>
                </PackageFile>
                <PackageFile>
                  <Name>Castle.Components.Pagination.xml</Name>
                </PackageFile>
                <PackageFile>
                  <Name>Castle.Components.Scheduler.dll</Name>
                </PackageFile>
                <PackageFile>
                  <Name>Castle.Components.Scheduler.pdb</Name>
                </PackageFile>
                <PackageFile>
                  <Name>Castle.Components.Scheduler.WindsorExtension.dll</Name>
                </PackageFile>
                <PackageFile>
                  <Name>Castle.Components.Scheduler.WindsorExtension.pdb</Name>
                </PackageFile>
                <PackageFile>
                  <Name>Castle.Components.Scheduler.WindsorExtension.xml</Name>
                </PackageFile>
                <PackageFile>
                  <Name>Castle.Components.Scheduler.xml</Name>
                </PackageFile>
                <PackageFile>
                  <Name>Castle.Components.Validator.dll</Name>
                </PackageFile>
                <PackageFile>
                  <Name>Castle.Components.Validator.pdb</Name>
                </PackageFile>
                <PackageFile>
                  <Name>Castle.Components.Validator.resources.dll</Name>
                </PackageFile>
                <PackageFile>
                  <Name>Castle.Components.Validator.Tests.dll</Name>
                </PackageFile>
                <PackageFile>
                  <Name>Castle.Components.Validator.Tests.pdb</Name>
                </PackageFile>
                <PackageFile>
                  <Name>Castle.Components.Validator.Tests.xml</Name>
                </PackageFile>
                <PackageFile>
                  <Name>Castle.Components.Validator.xml</Name>
                </PackageFile>
                <PackageFile>
                  <Name>Castle.Core.dll</Name>
                </PackageFile>
                <PackageFile>
                  <Name>Castle.Core.pdb</Name>
                </PackageFile>
                <PackageFile>
                  <Name>Castle.Core.xml</Name>
                </PackageFile>
                <PackageFile>
                  <Name>Castle.DynamicProxy.license.txt</Name>
                </PackageFile>
                <PackageFile>
                  <Name>Castle.DynamicProxy2.dll</Name>
                </PackageFile>
                <PackageFile>
                  <Name>Castle.DynamicProxy2.pdb</Name>
                </PackageFile>
                <PackageFile>
                  <Name>Castle.DynamicProxy2.xml</Name>
                </PackageFile>
                <PackageFile>
                  <Name>Castle.Facilities.ActiveRecordIntegration.dll</Name>
                </PackageFile>
                <PackageFile>
                  <Name>Castle.Facilities.ActiveRecordIntegration.pdb</Name>
                </PackageFile>
                <PackageFile>
                  <Name>Castle.Facilities.ActiveRecordIntegration.xml</Name>
                </PackageFile>
                <PackageFile>
                  <Name>Castle.Facilities.AutomaticTransactionManagement.dll</Name>
                </PackageFile>
                <PackageFile>
                  <Name>Castle.Facilities.AutomaticTransactionManagement.pdb</Name>
                </PackageFile>
                <PackageFile>
                  <Name>Castle.Facilities.AutomaticTransactionManagement.xml</Name>
                </PackageFile>
                <PackageFile>
                  <Name>Castle.Facilities.BatchRegistration.dll</Name>
                </PackageFile>
                <PackageFile>
                  <Name>Castle.Facilities.BatchRegistration.pdb</Name>
                </PackageFile>
                <PackageFile>
                  <Name>Castle.Facilities.BatchRegistration.xml</Name>
                </PackageFile>
                <PackageFile>
                  <Name>Castle.Facilities.Cache.dll</Name>
                </PackageFile>
                <PackageFile>
                  <Name>Castle.Facilities.Cache.pdb</Name>
                </PackageFile>
                <PackageFile>
                  <Name>Castle.Facilities.Cache.xml</Name>
                </PackageFile>
                <PackageFile>
                  <Name>Castle.Facilities.Logging.dll</Name>
                </PackageFile>
                <PackageFile>
                  <Name>Castle.Facilities.Logging.pdb</Name>
                </PackageFile>
                <PackageFile>
                  <Name>Castle.Facilities.Logging.xml</Name>
                </PackageFile>
                <PackageFile>
                  <Name>Castle.Facilities.NHibernateIntegration.dll</Name>
                </PackageFile>
                <PackageFile>
                  <Name>Castle.Facilities.NHibernateIntegration.pdb</Name>
                </PackageFile>
                <PackageFile>
                  <Name>Castle.Facilities.NHibernateIntegration.xml</Name>
                </PackageFile>
                <PackageFile>
                  <Name>Castle.Facilities.Remoting.TestComponents.dll</Name>
                </PackageFile>
                <PackageFile>
                  <Name>Castle.Facilities.Remoting.TestComponents.pdb</Name>
                </PackageFile>
                <PackageFile>
                  <Name>Castle.Facilities.Remoting.TestComponents.xml</Name>
                </PackageFile>
                <PackageFile>
                  <Name>Castle.Facilities.Synchronize.dll</Name>
                </PackageFile>
                <PackageFile>
                  <Name>Castle.Facilities.Synchronize.pdb</Name>
                </PackageFile>
                <PackageFile>
                  <Name>Castle.Facilities.Synchronize.xml</Name>
                </PackageFile>
                <PackageFile>
                  <Name>Castle.Facilities.WcfIntegration.Demo.dll</Name>
                </PackageFile>
                <PackageFile>
                  <Name>Castle.Facilities.WcfIntegration.Demo.pdb</Name>
                </PackageFile>
                <PackageFile>
                  <Name>Castle.Facilities.WcfIntegration.Demo.xml</Name>
                </PackageFile>
                <PackageFile>
                  <Name>Castle.Facilities.WcfIntegration.dll</Name>
                </PackageFile>
                <PackageFile>
                  <Name>Castle.Facilities.WcfIntegration.pdb</Name>
                </PackageFile>
                <PackageFile>
                  <Name>Castle.Facilities.WcfIntegration.xml</Name>
                </PackageFile>
                <PackageFile>
                  <Name>Castle.MicroKernel.dll</Name>
                </PackageFile>
                <PackageFile>
                  <Name>Castle.MicroKernel.pdb</Name>
                </PackageFile>
                <PackageFile>
                  <Name>Castle.MicroKernel.xml</Name>
                </PackageFile>
                <PackageFile>
                  <Name>Castle.Services.Logging.Log4netIntegration.dll</Name>
                </PackageFile>
                <PackageFile>
                  <Name>Castle.Services.Logging.Log4netIntegration.pdb</Name>
                </PackageFile>
                <PackageFile>
                  <Name>Castle.Services.Logging.Log4netIntegration.xml</Name>
                </PackageFile>
                <PackageFile>
                  <Name>Castle.Services.Logging.NLogIntegration.dll</Name>
                </PackageFile>
                <PackageFile>
                  <Name>Castle.Services.Logging.NLogIntegration.pdb</Name>
                </PackageFile>
                <PackageFile>
                  <Name>Castle.Services.Logging.NLogIntegration.xml</Name>
                </PackageFile>
                <PackageFile>
                  <Name>Castle.Services.Transaction.dll</Name>
                </PackageFile>
                <PackageFile>
                  <Name>Castle.Services.Transaction.pdb</Name>
                </PackageFile>
                <PackageFile>
                  <Name>Castle.Services.Transaction.xml</Name>
                </PackageFile>
                <PackageFile>
                  <Name>Castle.Windsor.dll</Name>
                </PackageFile>
                <PackageFile>
                  <Name>Castle.Windsor.pdb</Name>
                </PackageFile>
                <PackageFile>
                  <Name>Castle.Windsor.xml</Name>
                </PackageFile>
                <PackageFile>
                  <Name>Common.Logging.dll</Name>
                </PackageFile>
                <PackageFile>
                  <Name>DefaultsAreCorrect.xml</Name>
                </PackageFile>
                <PackageFile>
                  <Name>EcmaScript.NET.modified.dll</Name>
                </PackageFile>
                <PackageFile>
                  <Name>Examples.FirstProject.exe</Name>
                </PackageFile>
                <PackageFile>
                  <Name>Examples.FirstProject.pdb</Name>
                </PackageFile>
                <PackageFile>
                  <Name>exists.txt</Name>
                </PackageFile>
                <PackageFile>
                  <Name>extensions.brail</Name>
                </PackageFile>
                <PackageFile>
                  <Name>FluentNHibernate.dll</Name>
                </PackageFile>
                <PackageFile>
                  <Name>FluentNHibernate.pdb</Name>
                </PackageFile>
                <PackageFile>
                  <Name>FluentNHibernate.Testing.dll</Name>
                </PackageFile>
                <PackageFile>
                  <Name>FluentNHibernate.Testing.dll.config</Name>
                </PackageFile>
                <PackageFile>
                  <Name>FluentNHibernate.Testing.pdb</Name>
                </PackageFile>
                <PackageFile>
                  <Name>foreach.spark</Name>
                </PackageFile>
                <PackageFile>
                  <Name>hasReferenceToAnotherFile.boo</Name>
                </PackageFile>
                <PackageFile>
                  <Name>hibernate.cfg.xml</Name>
                </PackageFile>
                <PackageFile>
                  <Name>HtmlAgilityPack.dll</Name>
                </PackageFile>
                <PackageFile>
                  <Name>Iesi.Collections.dll</Name>
                </PackageFile>
                <PackageFile>
                  <Name>Iesi.Collections.license.txt</Name>
                </PackageFile>
                <PackageFile>
                  <Name>Iesi.Collections.pdb</Name>
                </PackageFile>
                <PackageFile>
                  <Name>Iesi.Collections.Test.dll</Name>
                </PackageFile>
                <PackageFile>
                  <Name>Iesi.Collections.Test.pdb</Name>
                </PackageFile>
                <PackageFile>
                  <Name>Iesi.Collections.xml</Name>
                </PackageFile>
                <PackageFile>
                  <Name>LinFu.DynamicProxy.dll</Name>
                </PackageFile>
                <PackageFile>
                  <Name>LinFu.License.txt</Name>
                </PackageFile>
                <PackageFile>
                  <Name>List.spark</Name>
                </PackageFile>
                <PackageFile>
                  <Name>log4net.dll</Name>
                </PackageFile>
                <PackageFile>
                  <Name>log4net.license.txt</Name>
                </PackageFile>
                <PackageFile>
                  <Name>log4net.xml</Name>
                </PackageFile>
                <PackageFile>
                  <Name>Lucene.Net.dll</Name>
                </PackageFile>
                <PackageFile>
                  <Name>master.brail</Name>
                </PackageFile>
                <PackageFile>
                  <Name>MbUnit.AddIn.dll</Name>
                </PackageFile>
                <PackageFile>
                  <Name>MbUnit.Cons.exe</Name>
                </PackageFile>
                <PackageFile>
                  <Name>MbUnit.Cons.exe.config</Name>
                </PackageFile>
                <PackageFile>
                  <Name>MbUnit.Demo.1.1.dll</Name>
                </PackageFile>
                <PackageFile>
                  <Name>MbUnit.Framework.1.1.dll</Name>
                </PackageFile>
                <PackageFile>
                  <Name>MbUnit.Framework.1.1.XML</Name>
                </PackageFile>
                <PackageFile>
                  <Name>MbUnit.Framework.2.0.dll</Name>
                </PackageFile>
                <PackageFile>
                  <Name>MbUnit.Framework.dll</Name>
                </PackageFile>
                <PackageFile>
                  <Name>MbUnit.Framework.XML</Name>
                </PackageFile>
                <PackageFile>
                  <Name>MbUnit.GUI.exe</Name>
                </PackageFile>
                <PackageFile>
                  <Name>MbUnit.GUI.exe.config</Name>
                </PackageFile>
                <PackageFile>
                  <Name>MbUnit.MSBuild.Tasks.dll</Name>
                </PackageFile>
                <PackageFile>
                  <Name>MbUnit.Tasks.dll</Name>
                </PackageFile>
                <PackageFile>
                  <Name>MbUnit.Tests.1.1.dll</Name>
                </PackageFile>
                <PackageFile>
                  <Name>Memcached.ClientLibrary.dll</Name>
                </PackageFile>
                <PackageFile>
                  <Name>Messages.lt.Designer.cs</Name>
                </PackageFile>
                <PackageFile>
                  <Name>Messages.lt.resx</Name>
                </PackageFile>
                <PackageFile>
                  <Name>Messages.ru.resx</Name>
                </PackageFile>
                <PackageFile>
                  <Name>MethodSubstitutionBaseClass.boo</Name>
                </PackageFile>
                <PackageFile>
                  <Name>Microsoft.Practices.ObjectBuilder2.dll</Name>
                </PackageFile>
                <PackageFile>
                  <Name>Microsoft.Practices.ServiceLocation.dll</Name>
                </PackageFile>
                <PackageFile>
                  <Name>Microsoft.Practices.ServiceLocation.pdb</Name>
                </PackageFile>
                <PackageFile>
                  <Name>Microsoft.Practices.ServiceLocation.xml</Name>
                </PackageFile>
                <PackageFile>
                  <Name>Microsoft.Practices.Unity.dll</Name>
                </PackageFile>
                <PackageFile>
                  <Name>Microsoft.Web.Mvc.dll</Name>
                </PackageFile>
                <PackageFile>
                  <Name>Microsoft.Web.Mvc.pdb</Name>
                </PackageFile>
                <PackageFile>
                  <Name>MvcContrib.BrailViewEngine.dll</Name>
                </PackageFile>
                <PackageFile>
                  <Name>MvcContrib.BrailViewEngine.pdb</Name>
                </PackageFile>
                <PackageFile>
                  <Name>MvcContrib.BrailViewEngine.xml</Name>
                </PackageFile>
                <PackageFile>
                  <Name>MvcContrib.Castle.dll</Name>
                </PackageFile>
                <PackageFile>
                  <Name>MvcContrib.Castle.pdb</Name>
                </PackageFile>
                <PackageFile>
                  <Name>MvcContrib.Castle.xml</Name>
                </PackageFile>
                <PackageFile>
                  <Name>MvcContrib.dll</Name>
                </PackageFile>
                <PackageFile>
                  <Name>MvcContrib.FluentHtml.dll</Name>
                </PackageFile>
                <PackageFile>
                  <Name>MvcContrib.FluentHtml.pdb</Name>
                </PackageFile>
                <PackageFile>
                  <Name>MvcContrib.FluentHtml.xml</Name>
                </PackageFile>
                <PackageFile>
                  <Name>MvcContrib.IncludeHandling.dll</Name>
                </PackageFile>
                <PackageFile>
                  <Name>MvcContrib.IncludeHandling.pdb</Name>
                </PackageFile>
                <PackageFile>
                  <Name>MvcContrib.pdb</Name>
                </PackageFile>
                <PackageFile>
                  <Name>MvcContrib.SparkViewEngine.dll</Name>
                </PackageFile>
                <PackageFile>
                  <Name>MvcContrib.SparkViewEngine.pdb</Name>
                </PackageFile>
                <PackageFile>
                  <Name>MvcContrib.Spring.dll</Name>
                </PackageFile>
                <PackageFile>
                  <Name>MvcContrib.Spring.pdb</Name>
                </PackageFile>
                <PackageFile>
                  <Name>MvcContrib.Spring.xml</Name>
                </PackageFile>
                <PackageFile>
                  <Name>MvcContrib.StructureMap.dll</Name>
                </PackageFile>
                <PackageFile>
                  <Name>MvcContrib.StructureMap.pdb</Name>
                </PackageFile>
                <PackageFile>
                  <Name>MvcContrib.StructureMap.xml</Name>
                </PackageFile>
                <PackageFile>
                  <Name>MvcContrib.TestHelper.dll</Name>
                </PackageFile>
                <PackageFile>
                  <Name>MvcContrib.TestHelper.pdb</Name>
                </PackageFile>
                <PackageFile>
                  <Name>MvcContrib.TestHelper.xml</Name>
                </PackageFile>
                <PackageFile>
                  <Name>MVCContrib.UnitTests.dll</Name>
                </PackageFile>
                <PackageFile>
                  <Name>MVCContrib.UnitTests.dll.config</Name>
                </PackageFile>
                <PackageFile>
                  <Name>MVCContrib.UnitTests.pdb</Name>
                </PackageFile>
                <PackageFile>
                  <Name>MvcContrib.Unity.dll</Name>
                </PackageFile>
                <PackageFile>
                  <Name>MvcContrib.Unity.pdb</Name>
                </PackageFile>
                <PackageFile>
                  <Name>MvcContrib.Unity.XML</Name>
                </PackageFile>
                <PackageFile>
                  <Name>MvcContrib.ViewEngines.NVelocity.dll</Name>
                </PackageFile>
                <PackageFile>
                  <Name>MvcContrib.ViewEngines.NVelocity.pdb</Name>
                </PackageFile>
                <PackageFile>
                  <Name>MvcContrib.xml</Name>
                </PackageFile>
                <PackageFile>
                  <Name>MvcContrib.XsltViewEngine.dll</Name>
                </PackageFile>
                <PackageFile>
                  <Name>MvcContrib.XsltViewEngine.pdb</Name>
                </PackageFile>
                <PackageFile>
                  <Name>MvcContrib.XsltViewEngine.XML</Name>
                </PackageFile>
                <PackageFile>
                  <Name>MvcTestingFramework.Sample.Test.dll</Name>
                </PackageFile>
                <PackageFile>
                  <Name>MvcTestingFramework.Sample.Test.pdb</Name>
                </PackageFile>
                <PackageFile>
                  <Name>Mvp.Xml.dll</Name>
                </PackageFile>
                <PackageFile>
                  <Name>namespacesImports.boo</Name>
                </PackageFile>
                <PackageFile>
                  <Name>NAnt.Core.dll</Name>
                </PackageFile>
                <PackageFile>
                  <Name>NAnt.Core.xml</Name>
                </PackageFile>
                <PackageFile>
                  <Name>Newtonsoft.Json.dll</Name>
                </PackageFile>
                <PackageFile>
                  <Name>Newtonsoft.Json.XML</Name>
                </PackageFile>
                <PackageFile>
                  <Name>NGraphviz.dll</Name>
                </PackageFile>
                <PackageFile>
                  <Name>NGraphviz.Helpers.dll</Name>
                </PackageFile>
                <PackageFile>
                  <Name>NGraphviz.Layout.dll</Name>
                </PackageFile>
                <PackageFile>
                  <Name>NHibernate.ByteCode.Castle.dll</Name>
                </PackageFile>
                <PackageFile>
                  <Name>NHibernate.ByteCode.Castle.pdb</Name>
                </PackageFile>
                <PackageFile>
                  <Name>NHibernate.ByteCode.Castle.Tests.dll</Name>
                </PackageFile>
                <PackageFile>
                  <Name>NHibernate.ByteCode.Castle.Tests.dll.config</Name>
                </PackageFile>
                <PackageFile>
                  <Name>NHibernate.ByteCode.Castle.Tests.pdb</Name>
                </PackageFile>
                <PackageFile>
                  <Name>NHibernate.ByteCode.Castle.xml</Name>
                </PackageFile>
                <PackageFile>
                  <Name>NHibernate.ByteCode.LinFu.dll</Name>
                </PackageFile>
                <PackageFile>
                  <Name>NHibernate.ByteCode.LinFu.pdb</Name>
                </PackageFile>
                <PackageFile>
                  <Name>NHibernate.ByteCode.LinFu.Tests.dll</Name>
                </PackageFile>
                <PackageFile>
                  <Name>NHibernate.ByteCode.LinFu.Tests.dll.config</Name>
                </PackageFile>
                <PackageFile>
                  <Name>NHibernate.ByteCode.LinFu.Tests.pdb</Name>
                </PackageFile>
                <PackageFile>
                  <Name>NHibernate.ByteCode.LinFu.xml</Name>
                </PackageFile>
                <PackageFile>
                  <Name>NHibernate.ByteCode.Spring.dll</Name>
                </PackageFile>
                <PackageFile>
                  <Name>NHibernate.ByteCode.Spring.pdb</Name>
                </PackageFile>
                <PackageFile>
                  <Name>NHibernate.ByteCode.Spring.Tests.dll</Name>
                </PackageFile>
                <PackageFile>
                  <Name>NHibernate.ByteCode.Spring.Tests.dll.config</Name>
                </PackageFile>
                <PackageFile>
                  <Name>NHibernate.ByteCode.Spring.Tests.pdb</Name>
                </PackageFile>
                <PackageFile>
                  <Name>NHibernate.ByteCode.Spring.xml</Name>
                </PackageFile>
                <PackageFile>
                  <Name>NHibernate.Caches.MemCache.dll</Name>
                </PackageFile>
                <PackageFile>
                  <Name>NHibernate.Caches.MemCache.Tests.dll</Name>
                </PackageFile>
                <PackageFile>
                  <Name>NHibernate.Caches.MemCache.Tests.dll.config</Name>
                </PackageFile>
                <PackageFile>
                  <Name>NHibernate.Caches.Prevalence.dll</Name>
                </PackageFile>
                <PackageFile>
                  <Name>NHibernate.Caches.Prevalence.Tests.dll</Name>
                </PackageFile>
                <PackageFile>
                  <Name>NHibernate.Caches.Prevalence.Tests.dll.config</Name>
                </PackageFile>
                <PackageFile>
                  <Name>NHibernate.Caches.SharedCache.dll</Name>
                </PackageFile>
                <PackageFile>
                  <Name>NHibernate.Caches.SharedCache.Tests.dll</Name>
                </PackageFile>
                <PackageFile>
                  <Name>NHibernate.Caches.SharedCache.Tests.dll.config</Name>
                </PackageFile>
                <PackageFile>
                  <Name>NHibernate.Caches.SysCache.dll</Name>
                </PackageFile>
                <PackageFile>
                  <Name>NHibernate.Caches.SysCache.Tests.dll</Name>
                </PackageFile>
                <PackageFile>
                  <Name>NHibernate.Caches.SysCache2.dll</Name>
                </PackageFile>
                <PackageFile>
                  <Name>NHibernate.dll</Name>
                </PackageFile>
                <PackageFile>
                  <Name>NHibernate.DomainModel.dll</Name>
                </PackageFile>
                <PackageFile>
                  <Name>NHibernate.DomainModel.pdb</Name>
                </PackageFile>
                <PackageFile>
                  <Name>NHibernate.DomainModel.xml</Name>
                </PackageFile>
                <PackageFile>
                  <Name>NHibernate.license.txt</Name>
                </PackageFile>
                <PackageFile>
                  <Name>NHibernate.Linq.dll</Name>
                </PackageFile>
                <PackageFile>
                  <Name>NHibernate.Linq.pdb</Name>
                </PackageFile>
                <PackageFile>
                  <Name>NHibernate.Linq.Tests.dll</Name>
                </PackageFile>
                <PackageFile>
                  <Name>NHibernate.Linq.Tests.dll.config</Name>
                </PackageFile>
                <PackageFile>
                  <Name>NHibernate.Linq.Tests.pdb</Name>
                </PackageFile>
                <PackageFile>
                  <Name>NHibernate.Linq.xml</Name>
                </PackageFile>
                <PackageFile>
                  <Name>NHibernate.pdb</Name>
                </PackageFile>
                <PackageFile>
                  <Name>NHibernate.Search.dll</Name>
                </PackageFile>
                <PackageFile>
                  <Name>NHibernate.Test.dll</Name>
                </PackageFile>
                <PackageFile>
                  <Name>NHibernate.Test.dll.config</Name>
                </PackageFile>
                <PackageFile>
                  <Name>NHibernate.Test.pdb</Name>
                </PackageFile>
                <PackageFile>
                  <Name>NHibernate.Tool.HbmXsd.exe</Name>
                </PackageFile>
                <PackageFile>
                  <Name>NHibernate.Tool.HbmXsd.pdb</Name>
                </PackageFile>
                <PackageFile>
                  <Name>NHibernate.Validator.dll</Name>
                </PackageFile>
                <PackageFile>
                  <Name>NHibernate.Validator.pdb</Name>
                </PackageFile>
                <PackageFile>
                  <Name>NHibernate.Validator.Specific.dll</Name>
                </PackageFile>
                <PackageFile>
                  <Name>NHibernate.Validator.Specific.pdb</Name>
                </PackageFile>
                <PackageFile>
                  <Name>NHibernate.Validator.Specific.xml</Name>
                </PackageFile>
                <PackageFile>
                  <Name>NHibernate.Validator.xml</Name>
                </PackageFile>
                <PackageFile>
                  <Name>NHibernate.xml</Name>
                </PackageFile>
                <PackageFile>
                  <Name>nhibernate-mapping.xsd</Name>
                </PackageFile>
                <PackageFile>
                  <Name>NLog.dll</Name>
                </PackageFile>
                <PackageFile>
                  <Name>NLog.license.txt</Name>
                </PackageFile>
                <PackageFile>
                  <Name>NLog.xml</Name>
                </PackageFile>
                <PackageFile>
                  <Name>Northwind.Entities.dll</Name>
                </PackageFile>
                <PackageFile>
                  <Name>Northwind.Entities.pdb</Name>
                </PackageFile>
                <PackageFile>
                  <Name>Northwind.Entities.xml</Name>
                </PackageFile>
                <PackageFile>
                  <Name>nunit.core.dll</Name>
                </PackageFile>
                <PackageFile>
                  <Name>nunit.framework.dll</Name>
                </PackageFile>
                <PackageFile>
                  <Name>nunit.framework.extensions.dll</Name>
                </PackageFile>
                <PackageFile>
                  <Name>nunit.framework.license.txt</Name>
                </PackageFile>
                <PackageFile>
                  <Name>nunit.framework.xml</Name>
                </PackageFile>
                <PackageFile>
                  <Name>NVelocity.dll</Name>
                </PackageFile>
                <PackageFile>
                  <Name>NVelocity.pdb</Name>
                </PackageFile>
                <PackageFile>
                  <Name>NVelocity.xml</Name>
                </PackageFile>
                <PackageFile>
                  <Name>QuickGraph.Algorithms.dll</Name>
                </PackageFile>
                <PackageFile>
                  <Name>QuickGraph.Algorithms.Graphviz.dll</Name>
                </PackageFile>
                <PackageFile>
                  <Name>QuickGraph.dll</Name>
                </PackageFile>
                <PackageFile>
                  <Name>Refly.dll</Name>
                </PackageFile>
                <PackageFile>
                  <Name>Rhino.DSL.dll</Name>
                </PackageFile>
                <PackageFile>
                  <Name>Rhino.DSL.pdb</Name>
                </PackageFile>
                <PackageFile>
                  <Name>Rhino.DSL.Tests.dll</Name>
                </PackageFile>
                <PackageFile>
                  <Name>Rhino.DSL.Tests.pdb</Name>
                </PackageFile>
                <PackageFile>
                  <Name>Rhino.DSL.XML</Name>
                </PackageFile>
                <PackageFile>
                  <Name>Rhino.Mocks.CPP.Interfaces.dll</Name>
                </PackageFile>
                <PackageFile>
                  <Name>Rhino.Mocks.dll</Name>
                </PackageFile>
                <PackageFile>
                  <Name>Rhino.Mocks.xml</Name>
                </PackageFile>
                <PackageFile>
                  <Name>SharpTestsEx.NUnit.dll</Name>
                </PackageFile>
                <PackageFile>
                  <Name>SharpTestsEx.NUnit.xml</Name>
                </PackageFile>
                <PackageFile>
                  <Name>Spark.dll</Name>
                </PackageFile>
                <PackageFile>
                  <Name>Spark.pdb</Name>
                </PackageFile>
                <PackageFile>
                  <Name>Spark.Web.Mvc.dll</Name>
                </PackageFile>
                <PackageFile>
                  <Name>Spark.Web.Mvc.pdb</Name>
                </PackageFile>
                <PackageFile>
                  <Name>SparkPartial.spark</Name>
                </PackageFile>
                <PackageFile>
                  <Name>Spring.Aop.dll</Name>
                </PackageFile>
                <PackageFile>
                  <Name>Spring.Aop.xml</Name>
                </PackageFile>
                <PackageFile>
                  <Name>Spring.Core.dll</Name>
                </PackageFile>
                <PackageFile>
                  <Name>Spring.Core.xml</Name>
                </PackageFile>
                <PackageFile>
                  <Name>sqlite3.dll</Name>
                </PackageFile>
                <PackageFile>
                  <Name>StructureMap.dll</Name>
                </PackageFile>
                <PackageFile>
                  <Name>sub.brail</Name>
                </PackageFile>
                <PackageFile>
                  <Name>sub_CustomViewData.brail</Name>
                </PackageFile>
                <PackageFile>
                  <Name>System.Data.Services.dll</Name>
                </PackageFile>
                <PackageFile>
                  <Name>System.Data.Services.xml</Name>
                </PackageFile>
                <PackageFile>
                  <Name>System.Data.SQLite.DLL</Name>
                </PackageFile>
                <PackageFile>
                  <Name>System.Linq.Dynamic.license.txt</Name>
                </PackageFile>
                <PackageFile>
                  <Name>System.Web.Mvc.dll</Name>
                </PackageFile>
                <PackageFile>
                  <Name>System.Web.Mvc.xml</Name>
                </PackageFile>
                <PackageFile>
                  <Name>TestDriven.Framework.dll</Name>
                </PackageFile>
                <PackageFile>
                  <Name>TestEnbeddedConfig.cfg.xml</Name>
                </PackageFile>
                <PackageFile>
                  <Name>TestFu.dll</Name>
                </PackageFile>
                <PackageFile>
                  <Name>TestFu.XML</Name>
                </PackageFile>
                <PackageFile>
                  <Name>uninst.exe</Name>
                </PackageFile>
                <PackageFile>
                  <Name>users.txt</Name>
                </PackageFile>
                <PackageFile>
                  <Name>view.brail</Name>
                </PackageFile>
                <PackageFile>
                  <Name>view_CustomViewData.brail</Name>
                </PackageFile>
                <PackageFile>
                  <Name>WatiN.Core.dll</Name>
                </PackageFile>
                <PackageFile>
                  <Name>WatiN.Core.xml</Name>
                </PackageFile>
                <PackageFile>
                  <Name>Website.dll</Name>
                </PackageFile>
                <PackageFile>
                  <Name>Website.pdb</Name>
                </PackageFile>
                <PackageFile>
                  <Name>WhenPathMissingAFormatPlaceHolder_WillThrow_pathValidation1.xml</Name>
                </PackageFile>
                <PackageFile>
                  <Name>WhenPathMissingAFormatPlaceHolder_WillThrow_pathValidation2.xml</Name>
                </PackageFile>
                <PackageFile>
                  <Name>XsdTidy.exe</Name>
                </PackageFile>
                <PackageFile>
                  <Name>Yahoo.Yui.Compressor.dll</Name>
                </PackageFile>
              </Contents>
              <IsError>false</IsError>
              <ErrorMessage i:nil="true" />
            </Package>
          </Packages>
          <Url>ioc/castle.activerecord/</Url>
        </Category>
        <Category>
          <Name>castle.components</Name>
          <Categories />
          <Packages>
            <Package>
              <Name>castle.components</Name>
              <MetaData>
                <MetaData>
                  <Name>category</Name>
                  <Value>IoC</Value>
                </MetaData>
                <MetaData>
                  <Name>description</Name>
                  <Value>Castle validator, templating engine etc.</Value>
                </MetaData>
                <MetaData>
                  <Name>forum</Name>
                  <Value>http://groups.google.co.uk/group/castle-project-users?hl=en</Value>
                </MetaData>
                <MetaData>
                  <Name>homepage</Name>
                  <Value>http://www.castleproject.org/</Value>
                </MetaData>
                <MetaData>
                  <Name>name</Name>
                  <Value>Castle Components</Value>
                </MetaData>
                <MetaData>
                  <Name>notes</Name>
                  <Value />
                </MetaData>
              </MetaData>
              <Version>trunk</Version>
              <Url>ioc/castle.components/castle.components-trunk</Url>
              <ZipFileName>
                <Name>castle.components-trunk.zip</Name>
              </ZipFileName>
              <Contents>
                <PackageFile>
                  <Name>adodb.dll</Name>
                </PackageFile>
                <PackageFile>
                  <Name>Aggregate.dll</Name>
                </PackageFile>
                <PackageFile>
                  <Name>Aggregate.pdb</Name>
                </PackageFile>
                <PackageFile>
                  <Name>AnonymousBaseClass.boo</Name>
                </PackageFile>
                <PackageFile>
                  <Name>anotherFile.boo</Name>
                </PackageFile>
                <PackageFile>
                  <Name>anotherFile2.boo</Name>
                </PackageFile>
                <PackageFile>
                  <Name>anrControls.Markdown.NET.dll</Name>
                </PackageFile>
                <PackageFile>
                  <Name>Antlr3.Runtime.dll</Name>
                </PackageFile>
                <PackageFile>
                  <Name>AutoImport.boo</Name>
                </PackageFile>
                <PackageFile>
                  <Name>Boo.Lang.CodeDom.dll</Name>
                </PackageFile>
                <PackageFile>
                  <Name>Boo.Lang.Compiler.dll</Name>
                </PackageFile>
                <PackageFile>
                  <Name>Boo.Lang.dll</Name>
                </PackageFile>
                <PackageFile>
                  <Name>Boo.Lang.Extensions.dll</Name>
                </PackageFile>
                <PackageFile>
                  <Name>Boo.Lang.Interpreter.dll</Name>
                </PackageFile>
                <PackageFile>
                  <Name>Boo.Lang.Parser.dll</Name>
                </PackageFile>
                <PackageFile>
                  <Name>Boo.Lang.PatternMatching.dll</Name>
                </PackageFile>
                <PackageFile>
                  <Name>Boo.Lang.Useful.dll</Name>
                </PackageFile>
                <PackageFile>
                  <Name>Boo.Microsoft.Build.Tasks.dll</Name>
                </PackageFile>
                <PackageFile>
                  <Name>Boo.NAnt.Tasks.dll</Name>
                </PackageFile>
                <PackageFile>
                  <Name>Cassini.dll</Name>
                </PackageFile>
                <PackageFile>
                  <Name>Castle.Components.Binder.dll</Name>
                </PackageFile>
                <PackageFile>
                  <Name>Castle.Components.Binder.pdb</Name>
                </PackageFile>
                <PackageFile>
                  <Name>Castle.Components.Binder.xml</Name>
                </PackageFile>
                <PackageFile>
                  <Name>Castle.Components.Common.EmailSender.dll</Name>
                </PackageFile>
                <PackageFile>
                  <Name>Castle.Components.Common.EmailSender.pdb</Name>
                </PackageFile>
                <PackageFile>
                  <Name>Castle.Components.Common.EmailSender.xml</Name>
                </PackageFile>
                <PackageFile>
                  <Name>Castle.Components.Common.TemplateEngine.dll</Name>
                </PackageFile>
                <PackageFile>
                  <Name>Castle.Components.Common.TemplateEngine.NVelocityTemplateEngine.dll</Name>
                </PackageFile>
                <PackageFile>
                  <Name>Castle.Components.Common.TemplateEngine.NVelocityTemplateEngine.pdb</Name>
                </PackageFile>
                <PackageFile>
                  <Name>Castle.Components.Common.TemplateEngine.NVelocityTemplateEngine.xml</Name>
                </PackageFile>
                <PackageFile>
                  <Name>Castle.Components.Common.TemplateEngine.pdb</Name>
                </PackageFile>
                <PackageFile>
                  <Name>Castle.Components.Common.TemplateEngine.xml</Name>
                </PackageFile>
                <PackageFile>
                  <Name>Castle.Components.DictionaryAdapter.dll</Name>
                </PackageFile>
                <PackageFile>
                  <Name>Castle.Components.DictionaryAdapter.pdb</Name>
                </PackageFile>
                <PackageFile>
                  <Name>Castle.Components.DictionaryAdapter.xml</Name>
                </PackageFile>
                <PackageFile>
                  <Name>Castle.Components.Pagination.dll</Name>
                </PackageFile>
                <PackageFile>
                  <Name>Castle.Components.Pagination.pdb</Name>
                </PackageFile>
                <PackageFile>
                  <Name>Castle.Components.Pagination.xml</Name>
                </PackageFile>
                <PackageFile>
                  <Name>Castle.Components.Scheduler.dll</Name>
                </PackageFile>
                <PackageFile>
                  <Name>Castle.Components.Scheduler.pdb</Name>
                </PackageFile>
                <PackageFile>
                  <Name>Castle.Components.Scheduler.WindsorExtension.dll</Name>
                </PackageFile>
                <PackageFile>
                  <Name>Castle.Components.Scheduler.WindsorExtension.pdb</Name>
                </PackageFile>
                <PackageFile>
                  <Name>Castle.Components.Scheduler.WindsorExtension.xml</Name>
                </PackageFile>
                <PackageFile>
                  <Name>Castle.Components.Scheduler.xml</Name>
                </PackageFile>
                <PackageFile>
                  <Name>Castle.Components.Validator.dll</Name>
                </PackageFile>
                <PackageFile>
                  <Name>Castle.Components.Validator.pdb</Name>
                </PackageFile>
                <PackageFile>
                  <Name>Castle.Components.Validator.Tests.dll</Name>
                </PackageFile>
                <PackageFile>
                  <Name>Castle.Components.Validator.Tests.pdb</Name>
                </PackageFile>
                <PackageFile>
                  <Name>Castle.Components.Validator.Tests.xml</Name>
                </PackageFile>
                <PackageFile>
                  <Name>Castle.Components.Validator.xml</Name>
                </PackageFile>
                <PackageFile>
                  <Name>Castle.Core.dll</Name>
                </PackageFile>
                <PackageFile>
                  <Name>Castle.Core.pdb</Name>
                </PackageFile>
                <PackageFile>
                  <Name>Castle.Core.xml</Name>
                </PackageFile>
                <PackageFile>
                  <Name>Castle.DynamicProxy2.dll</Name>
                </PackageFile>
                <PackageFile>
                  <Name>Castle.DynamicProxy2.pdb</Name>
                </PackageFile>
                <PackageFile>
                  <Name>Castle.DynamicProxy2.xml</Name>
                </PackageFile>
                <PackageFile>
                  <Name>Castle.MicroKernel.dll</Name>
                </PackageFile>
                <PackageFile>
                  <Name>Castle.MicroKernel.pdb</Name>
                </PackageFile>
                <PackageFile>
                  <Name>Castle.MicroKernel.xml</Name>
                </PackageFile>
                <PackageFile>
                  <Name>Castle.Windsor.dll</Name>
                </PackageFile>
                <PackageFile>
                  <Name>Castle.Windsor.pdb</Name>
                </PackageFile>
                <PackageFile>
                  <Name>Castle.Windsor.xml</Name>
                </PackageFile>
                <PackageFile>
                  <Name>hasReferenceToAnotherFile.boo</Name>
                </PackageFile>
                <PackageFile>
                  <Name>Iesi.Collections.dll</Name>
                </PackageFile>
                <PackageFile>
                  <Name>Iesi.Collections.license.txt</Name>
                </PackageFile>
                <PackageFile>
                  <Name>Iesi.Collections.xml</Name>
                </PackageFile>
                <PackageFile>
                  <Name>log4net.dll</Name>
                </PackageFile>
                <PackageFile>
                  <Name>log4net.license.txt</Name>
                </PackageFile>
                <PackageFile>
                  <Name>log4net.xml</Name>
                </PackageFile>
                <PackageFile>
                  <Name>Lucene.Net.dll</Name>
                </PackageFile>
                <PackageFile>
                  <Name>MbUnit.AddIn.dll</Name>
                </PackageFile>
                <PackageFile>
                  <Name>MbUnit.Cons.exe</Name>
                </PackageFile>
                <PackageFile>
                  <Name>MbUnit.Cons.exe.config</Name>
                </PackageFile>
                <PackageFile>
                  <Name>MbUnit.Demo.1.1.dll</Name>
                </PackageFile>
                <PackageFile>
                  <Name>MbUnit.Framework.1.1.dll</Name>
                </PackageFile>
                <PackageFile>
                  <Name>MbUnit.Framework.1.1.XML</Name>
                </PackageFile>
                <PackageFile>
                  <Name>MbUnit.Framework.2.0.dll</Name>
                </PackageFile>
                <PackageFile>
                  <Name>MbUnit.Framework.dll</Name>
                </PackageFile>
                <PackageFile>
                  <Name>MbUnit.Framework.XML</Name>
                </PackageFile>
                <PackageFile>
                  <Name>MbUnit.GUI.exe</Name>
                </PackageFile>
                <PackageFile>
                  <Name>MbUnit.GUI.exe.config</Name>
                </PackageFile>
                <PackageFile>
                  <Name>MbUnit.MSBuild.Tasks.dll</Name>
                </PackageFile>
                <PackageFile>
                  <Name>MbUnit.Tasks.dll</Name>
                </PackageFile>
                <PackageFile>
                  <Name>MbUnit.Tests.1.1.dll</Name>
                </PackageFile>
                <PackageFile>
                  <Name>Messages.lt.Designer.cs</Name>
                </PackageFile>
                <PackageFile>
                  <Name>Messages.lt.resx</Name>
                </PackageFile>
                <PackageFile>
                  <Name>Messages.ru.resx</Name>
                </PackageFile>
                <PackageFile>
                  <Name>MethodSubstitutionBaseClass.boo</Name>
                </PackageFile>
                <PackageFile>
                  <Name>namespacesImports.boo</Name>
                </PackageFile>
                <PackageFile>
                  <Name>NAnt.Core.dll</Name>
                </PackageFile>
                <PackageFile>
                  <Name>NAnt.Core.xml</Name>
                </PackageFile>
                <PackageFile>
                  <Name>Newtonsoft.Json.dll</Name>
                </PackageFile>
                <PackageFile>
                  <Name>Newtonsoft.Json.XML</Name>
                </PackageFile>
                <PackageFile>
                  <Name>NGraphviz.dll</Name>
                </PackageFile>
                <PackageFile>
                  <Name>NGraphviz.Helpers.dll</Name>
                </PackageFile>
                <PackageFile>
                  <Name>NGraphviz.Layout.dll</Name>
                </PackageFile>
                <PackageFile>
                  <Name>NHibernate.ByteCode.Castle.dll</Name>
                </PackageFile>
                <PackageFile>
                  <Name>NHibernate.ByteCode.Castle.xml</Name>
                </PackageFile>
                <PackageFile>
                  <Name>NHibernate.dll</Name>
                </PackageFile>
                <PackageFile>
                  <Name>NHibernate.license.txt</Name>
                </PackageFile>
                <PackageFile>
                  <Name>NHibernate.Linq.dll</Name>
                </PackageFile>
                <PackageFile>
                  <Name>NHibernate.Linq.xml</Name>
                </PackageFile>
                <PackageFile>
                  <Name>NHibernate.Search.dll</Name>
                </PackageFile>
                <PackageFile>
                  <Name>NHibernate.xml</Name>
                </PackageFile>
                <PackageFile>
                  <Name>NLog.dll</Name>
                </PackageFile>
                <PackageFile>
                  <Name>NLog.license.txt</Name>
                </PackageFile>
                <PackageFile>
                  <Name>NLog.xml</Name>
                </PackageFile>
                <PackageFile>
                  <Name>nunit.framework.dll</Name>
                </PackageFile>
                <PackageFile>
                  <Name>nunit.framework.license.txt</Name>
                </PackageFile>
                <PackageFile>
                  <Name>NVelocity.dll</Name>
                </PackageFile>
                <PackageFile>
                  <Name>NVelocity.pdb</Name>
                </PackageFile>
                <PackageFile>
                  <Name>NVelocity.xml</Name>
                </PackageFile>
                <PackageFile>
                  <Name>QuickGraph.Algorithms.dll</Name>
                </PackageFile>
                <PackageFile>
                  <Name>QuickGraph.Algorithms.Graphviz.dll</Name>
                </PackageFile>
                <PackageFile>
                  <Name>QuickGraph.dll</Name>
                </PackageFile>
                <PackageFile>
                  <Name>Refly.dll</Name>
                </PackageFile>
                <PackageFile>
                  <Name>Rhino.DSL.dll</Name>
                </PackageFile>
                <PackageFile>
                  <Name>Rhino.DSL.pdb</Name>
                </PackageFile>
                <PackageFile>
                  <Name>Rhino.DSL.Tests.dll</Name>
                </PackageFile>
                <PackageFile>
                  <Name>Rhino.DSL.Tests.pdb</Name>
                </PackageFile>
                <PackageFile>
                  <Name>Rhino.DSL.XML</Name>
                </PackageFile>
                <PackageFile>
                  <Name>Rhino.Mocks.CPP.Interfaces.dll</Name>
                </PackageFile>
                <PackageFile>
                  <Name>Rhino.Mocks.dll</Name>
                </PackageFile>
                <PackageFile>
                  <Name>Rhino.Mocks.xml</Name>
                </PackageFile>
                <PackageFile>
                  <Name>sqlite3.dll</Name>
                </PackageFile>
                <PackageFile>
                  <Name>System.Data.SQLite.DLL</Name>
                </PackageFile>
                <PackageFile>
                  <Name>TestDriven.Framework.dll</Name>
                </PackageFile>
                <PackageFile>
                  <Name>TestFu.dll</Name>
                </PackageFile>
                <PackageFile>
                  <Name>TestFu.XML</Name>
                </PackageFile>
                <PackageFile>
                  <Name>uninst.exe</Name>
                </PackageFile>
                <PackageFile>
                  <Name>users.txt</Name>
                </PackageFile>
                <PackageFile>
                  <Name>WatiN.Core.dll</Name>
                </PackageFile>
                <PackageFile>
                  <Name>WatiN.Core.xml</Name>
                </PackageFile>
                <PackageFile>
                  <Name>XsdTidy.exe</Name>
                </PackageFile>
              </Contents>
              <IsError>false</IsError>
              <ErrorMessage i:nil="true" />
            </Package>
          </Packages>
          <Url>ioc/castle.components/</Url>
        </Category>
        <Category>
          <Name>castle.facilities</Name>
          <Categories />
          <Packages>
            <Package>
              <Name>castle.facilities</Name>
              <MetaData>
                <MetaData>
                  <Name>category</Name>
                  <Value>IoC</Value>
                </MetaData>
                <MetaData>
                  <Name>description</Name>
                  <Value>A castle facility augments the container with new functionality.</Value>
                </MetaData>
                <MetaData>
                  <Name>forum</Name>
                  <Value>http://groups.google.co.uk/group/castle-project-users?hl=en</Value>
                </MetaData>
                <MetaData>
                  <Name>homepage</Name>
                  <Value>http://www.castleproject.org/</Value>
                </MetaData>
                <MetaData>
                  <Name>name</Name>
                  <Value>Castle Facilities</Value>
                </MetaData>
                <MetaData>
                  <Name>notes</Name>
                  <Value />
                </MetaData>
              </MetaData>
              <Version>trunk</Version>
              <Url>ioc/castle.facilities/castle.facilities-trunk</Url>
              <ZipFileName>
                <Name>castle.facilities-trunk.zip</Name>
              </ZipFileName>
              <Contents>
                <PackageFile>
                  <Name>ABC.hbm.xml</Name>
                </PackageFile>
                <PackageFile>
                  <Name>adodb.dll</Name>
                </PackageFile>
                <PackageFile>
                  <Name>Aggregate.dll</Name>
                </PackageFile>
                <PackageFile>
                  <Name>Aggregate.pdb</Name>
                </PackageFile>
                <PackageFile>
                  <Name>AnonymousBaseClass.boo</Name>
                </PackageFile>
                <PackageFile>
                  <Name>anotherFile.boo</Name>
                </PackageFile>
                <PackageFile>
                  <Name>anotherFile2.boo</Name>
                </PackageFile>
                <PackageFile>
                  <Name>anrControls.Markdown.NET.dll</Name>
                </PackageFile>
                <PackageFile>
                  <Name>antlr.runtime.dll</Name>
                </PackageFile>
                <PackageFile>
                  <Name>Antlr3.Runtime.dll</Name>
                </PackageFile>
                <PackageFile>
                  <Name>AutoImport.boo</Name>
                </PackageFile>
                <PackageFile>
                  <Name>Boo.Lang.CodeDom.dll</Name>
                </PackageFile>
                <PackageFile>
                  <Name>Boo.Lang.Compiler.dll</Name>
                </PackageFile>
                <PackageFile>
                  <Name>Boo.Lang.dll</Name>
                </PackageFile>
                <PackageFile>
                  <Name>Boo.Lang.Extensions.dll</Name>
                </PackageFile>
                <PackageFile>
                  <Name>Boo.Lang.Interpreter.dll</Name>
                </PackageFile>
                <PackageFile>
                  <Name>Boo.Lang.Parser.dll</Name>
                </PackageFile>
                <PackageFile>
                  <Name>Boo.Lang.PatternMatching.dll</Name>
                </PackageFile>
                <PackageFile>
                  <Name>Boo.Lang.Useful.dll</Name>
                </PackageFile>
                <PackageFile>
                  <Name>Boo.Microsoft.Build.Tasks.dll</Name>
                </PackageFile>
                <PackageFile>
                  <Name>Boo.NAnt.Tasks.dll</Name>
                </PackageFile>
                <PackageFile>
                  <Name>Cassini.dll</Name>
                </PackageFile>
                <PackageFile>
                  <Name>Castle.ActiveRecord.dll</Name>
                </PackageFile>
                <PackageFile>
                  <Name>Castle.ActiveRecord.Linq.dll</Name>
                </PackageFile>
                <PackageFile>
                  <Name>Castle.ActiveRecord.Linq.pdb</Name>
                </PackageFile>
                <PackageFile>
                  <Name>Castle.ActiveRecord.Linq.xml</Name>
                </PackageFile>
                <PackageFile>
                  <Name>Castle.ActiveRecord.pdb</Name>
                </PackageFile>
                <PackageFile>
                  <Name>Castle.ActiveRecord.xml</Name>
                </PackageFile>
                <PackageFile>
                  <Name>Castle.Components.Binder.dll</Name>
                </PackageFile>
                <PackageFile>
                  <Name>Castle.Components.Binder.pdb</Name>
                </PackageFile>
                <PackageFile>
                  <Name>Castle.Components.Binder.xml</Name>
                </PackageFile>
                <PackageFile>
                  <Name>Castle.Components.Common.EmailSender.dll</Name>
                </PackageFile>
                <PackageFile>
                  <Name>Castle.Components.Common.EmailSender.pdb</Name>
                </PackageFile>
                <PackageFile>
                  <Name>Castle.Components.Common.EmailSender.xml</Name>
                </PackageFile>
                <PackageFile>
                  <Name>Castle.Components.Common.TemplateEngine.dll</Name>
                </PackageFile>
                <PackageFile>
                  <Name>Castle.Components.Common.TemplateEngine.NVelocityTemplateEngine.dll</Name>
                </PackageFile>
                <PackageFile>
                  <Name>Castle.Components.Common.TemplateEngine.NVelocityTemplateEngine.pdb</Name>
                </PackageFile>
                <PackageFile>
                  <Name>Castle.Components.Common.TemplateEngine.NVelocityTemplateEngine.xml</Name>
                </PackageFile>
                <PackageFile>
                  <Name>Castle.Components.Common.TemplateEngine.pdb</Name>
                </PackageFile>
                <PackageFile>
                  <Name>Castle.Components.Common.TemplateEngine.xml</Name>
                </PackageFile>
                <PackageFile>
                  <Name>Castle.Components.DictionaryAdapter.dll</Name>
                </PackageFile>
                <PackageFile>
                  <Name>Castle.Components.DictionaryAdapter.pdb</Name>
                </PackageFile>
                <PackageFile>
                  <Name>Castle.Components.DictionaryAdapter.xml</Name>
                </PackageFile>
                <PackageFile>
                  <Name>Castle.Components.Pagination.dll</Name>
                </PackageFile>
                <PackageFile>
                  <Name>Castle.Components.Pagination.pdb</Name>
                </PackageFile>
                <PackageFile>
                  <Name>Castle.Components.Pagination.xml</Name>
                </PackageFile>
                <PackageFile>
                  <Name>Castle.Components.Scheduler.dll</Name>
                </PackageFile>
                <PackageFile>
                  <Name>Castle.Components.Scheduler.pdb</Name>
                </PackageFile>
                <PackageFile>
                  <Name>Castle.Components.Scheduler.WindsorExtension.dll</Name>
                </PackageFile>
                <PackageFile>
                  <Name>Castle.Components.Scheduler.WindsorExtension.pdb</Name>
                </PackageFile>
                <PackageFile>
                  <Name>Castle.Components.Scheduler.WindsorExtension.xml</Name>
                </PackageFile>
                <PackageFile>
                  <Name>Castle.Components.Scheduler.xml</Name>
                </PackageFile>
                <PackageFile>
                  <Name>Castle.Components.Validator.dll</Name>
                </PackageFile>
                <PackageFile>
                  <Name>Castle.Components.Validator.pdb</Name>
                </PackageFile>
                <PackageFile>
                  <Name>Castle.Components.Validator.Tests.dll</Name>
                </PackageFile>
                <PackageFile>
                  <Name>Castle.Components.Validator.Tests.pdb</Name>
                </PackageFile>
                <PackageFile>
                  <Name>Castle.Components.Validator.Tests.xml</Name>
                </PackageFile>
                <PackageFile>
                  <Name>Castle.Components.Validator.xml</Name>
                </PackageFile>
                <PackageFile>
                  <Name>Castle.Core.dll</Name>
                </PackageFile>
                <PackageFile>
                  <Name>Castle.Core.pdb</Name>
                </PackageFile>
                <PackageFile>
                  <Name>Castle.Core.xml</Name>
                </PackageFile>
                <PackageFile>
                  <Name>Castle.DynamicProxy.license.txt</Name>
                </PackageFile>
                <PackageFile>
                  <Name>Castle.DynamicProxy2.dll</Name>
                </PackageFile>
                <PackageFile>
                  <Name>Castle.DynamicProxy2.pdb</Name>
                </PackageFile>
                <PackageFile>
                  <Name>Castle.DynamicProxy2.xml</Name>
                </PackageFile>
                <PackageFile>
                  <Name>Castle.Facilities.ActiveRecordIntegration.dll</Name>
                </PackageFile>
                <PackageFile>
                  <Name>Castle.Facilities.ActiveRecordIntegration.pdb</Name>
                </PackageFile>
                <PackageFile>
                  <Name>Castle.Facilities.ActiveRecordIntegration.xml</Name>
                </PackageFile>
                <PackageFile>
                  <Name>Castle.Facilities.AutomaticTransactionManagement.dll</Name>
                </PackageFile>
                <PackageFile>
                  <Name>Castle.Facilities.AutomaticTransactionManagement.pdb</Name>
                </PackageFile>
                <PackageFile>
                  <Name>Castle.Facilities.AutomaticTransactionManagement.xml</Name>
                </PackageFile>
                <PackageFile>
                  <Name>Castle.Facilities.BatchRegistration.dll</Name>
                </PackageFile>
                <PackageFile>
                  <Name>Castle.Facilities.BatchRegistration.pdb</Name>
                </PackageFile>
                <PackageFile>
                  <Name>Castle.Facilities.BatchRegistration.xml</Name>
                </PackageFile>
                <PackageFile>
                  <Name>Castle.Facilities.Cache.dll</Name>
                </PackageFile>
                <PackageFile>
                  <Name>Castle.Facilities.Cache.pdb</Name>
                </PackageFile>
                <PackageFile>
                  <Name>Castle.Facilities.Cache.xml</Name>
                </PackageFile>
                <PackageFile>
                  <Name>Castle.Facilities.Logging.dll</Name>
                </PackageFile>
                <PackageFile>
                  <Name>Castle.Facilities.Logging.pdb</Name>
                </PackageFile>
                <PackageFile>
                  <Name>Castle.Facilities.Logging.xml</Name>
                </PackageFile>
                <PackageFile>
                  <Name>Castle.Facilities.NHibernateIntegration.dll</Name>
                </PackageFile>
                <PackageFile>
                  <Name>Castle.Facilities.NHibernateIntegration.pdb</Name>
                </PackageFile>
                <PackageFile>
                  <Name>Castle.Facilities.NHibernateIntegration.xml</Name>
                </PackageFile>
                <PackageFile>
                  <Name>Castle.Facilities.Remoting.TestComponents.dll</Name>
                </PackageFile>
                <PackageFile>
                  <Name>Castle.Facilities.Remoting.TestComponents.pdb</Name>
                </PackageFile>
                <PackageFile>
                  <Name>Castle.Facilities.Remoting.TestComponents.xml</Name>
                </PackageFile>
                <PackageFile>
                  <Name>Castle.Facilities.Synchronize.dll</Name>
                </PackageFile>
                <PackageFile>
                  <Name>Castle.Facilities.Synchronize.pdb</Name>
                </PackageFile>
                <PackageFile>
                  <Name>Castle.Facilities.Synchronize.xml</Name>
                </PackageFile>
                <PackageFile>
                  <Name>Castle.Facilities.WcfIntegration.Demo.dll</Name>
                </PackageFile>
                <PackageFile>
                  <Name>Castle.Facilities.WcfIntegration.Demo.pdb</Name>
                </PackageFile>
                <PackageFile>
                  <Name>Castle.Facilities.WcfIntegration.Demo.xml</Name>
                </PackageFile>
                <PackageFile>
                  <Name>Castle.Facilities.WcfIntegration.dll</Name>
                </PackageFile>
                <PackageFile>
                  <Name>Castle.Facilities.WcfIntegration.pdb</Name>
                </PackageFile>
                <PackageFile>
                  <Name>Castle.Facilities.WcfIntegration.xml</Name>
                </PackageFile>
                <PackageFile>
                  <Name>Castle.MicroKernel.dll</Name>
                </PackageFile>
                <PackageFile>
                  <Name>Castle.MicroKernel.pdb</Name>
                </PackageFile>
                <PackageFile>
                  <Name>Castle.MicroKernel.xml</Name>
                </PackageFile>
                <PackageFile>
                  <Name>Castle.Services.Logging.Log4netIntegration.dll</Name>
                </PackageFile>
                <PackageFile>
                  <Name>Castle.Services.Logging.Log4netIntegration.pdb</Name>
                </PackageFile>
                <PackageFile>
                  <Name>Castle.Services.Logging.Log4netIntegration.xml</Name>
                </PackageFile>
                <PackageFile>
                  <Name>Castle.Services.Logging.NLogIntegration.dll</Name>
                </PackageFile>
                <PackageFile>
                  <Name>Castle.Services.Logging.NLogIntegration.pdb</Name>
                </PackageFile>
                <PackageFile>
                  <Name>Castle.Services.Logging.NLogIntegration.xml</Name>
                </PackageFile>
                <PackageFile>
                  <Name>Castle.Services.Transaction.dll</Name>
                </PackageFile>
                <PackageFile>
                  <Name>Castle.Services.Transaction.pdb</Name>
                </PackageFile>
                <PackageFile>
                  <Name>Castle.Services.Transaction.xml</Name>
                </PackageFile>
                <PackageFile>
                  <Name>Castle.Windsor.dll</Name>
                </PackageFile>
                <PackageFile>
                  <Name>Castle.Windsor.pdb</Name>
                </PackageFile>
                <PackageFile>
                  <Name>Castle.Windsor.xml</Name>
                </PackageFile>
                <PackageFile>
                  <Name>Common.Logging.dll</Name>
                </PackageFile>
                <PackageFile>
                  <Name>hasReferenceToAnotherFile.boo</Name>
                </PackageFile>
                <PackageFile>
                  <Name>Iesi.Collections.dll</Name>
                </PackageFile>
                <PackageFile>
                  <Name>Iesi.Collections.license.txt</Name>
                </PackageFile>
                <PackageFile>
                  <Name>Iesi.Collections.pdb</Name>
                </PackageFile>
                <PackageFile>
                  <Name>Iesi.Collections.Test.dll</Name>
                </PackageFile>
                <PackageFile>
                  <Name>Iesi.Collections.Test.pdb</Name>
                </PackageFile>
                <PackageFile>
                  <Name>Iesi.Collections.xml</Name>
                </PackageFile>
                <PackageFile>
                  <Name>LinFu.DynamicProxy.dll</Name>
                </PackageFile>
                <PackageFile>
                  <Name>LinFu.License.txt</Name>
                </PackageFile>
                <PackageFile>
                  <Name>log4net.dll</Name>
                </PackageFile>
                <PackageFile>
                  <Name>log4net.license.txt</Name>
                </PackageFile>
                <PackageFile>
                  <Name>log4net.xml</Name>
                </PackageFile>
                <PackageFile>
                  <Name>Lucene.Net.dll</Name>
                </PackageFile>
                <PackageFile>
                  <Name>MbUnit.AddIn.dll</Name>
                </PackageFile>
                <PackageFile>
                  <Name>MbUnit.Cons.exe</Name>
                </PackageFile>
                <PackageFile>
                  <Name>MbUnit.Cons.exe.config</Name>
                </PackageFile>
                <PackageFile>
                  <Name>MbUnit.Demo.1.1.dll</Name>
                </PackageFile>
                <PackageFile>
                  <Name>MbUnit.Framework.1.1.dll</Name>
                </PackageFile>
                <PackageFile>
                  <Name>MbUnit.Framework.1.1.XML</Name>
                </PackageFile>
                <PackageFile>
                  <Name>MbUnit.Framework.2.0.dll</Name>
                </PackageFile>
                <PackageFile>
                  <Name>MbUnit.Framework.dll</Name>
                </PackageFile>
                <PackageFile>
                  <Name>MbUnit.Framework.XML</Name>
                </PackageFile>
                <PackageFile>
                  <Name>MbUnit.GUI.exe</Name>
                </PackageFile>
                <PackageFile>
                  <Name>MbUnit.GUI.exe.config</Name>
                </PackageFile>
                <PackageFile>
                  <Name>MbUnit.MSBuild.Tasks.dll</Name>
                </PackageFile>
                <PackageFile>
                  <Name>MbUnit.Tasks.dll</Name>
                </PackageFile>
                <PackageFile>
                  <Name>MbUnit.Tests.1.1.dll</Name>
                </PackageFile>
                <PackageFile>
                  <Name>Messages.lt.Designer.cs</Name>
                </PackageFile>
                <PackageFile>
                  <Name>Messages.lt.resx</Name>
                </PackageFile>
                <PackageFile>
                  <Name>Messages.ru.resx</Name>
                </PackageFile>
                <PackageFile>
                  <Name>MethodSubstitutionBaseClass.boo</Name>
                </PackageFile>
                <PackageFile>
                  <Name>namespacesImports.boo</Name>
                </PackageFile>
                <PackageFile>
                  <Name>NAnt.Core.dll</Name>
                </PackageFile>
                <PackageFile>
                  <Name>NAnt.Core.xml</Name>
                </PackageFile>
                <PackageFile>
                  <Name>Newtonsoft.Json.dll</Name>
                </PackageFile>
                <PackageFile>
                  <Name>Newtonsoft.Json.XML</Name>
                </PackageFile>
                <PackageFile>
                  <Name>NGraphviz.dll</Name>
                </PackageFile>
                <PackageFile>
                  <Name>NGraphviz.Helpers.dll</Name>
                </PackageFile>
                <PackageFile>
                  <Name>NGraphviz.Layout.dll</Name>
                </PackageFile>
                <PackageFile>
                  <Name>NHibernate.ByteCode.Castle.dll</Name>
                </PackageFile>
                <PackageFile>
                  <Name>NHibernate.ByteCode.Castle.pdb</Name>
                </PackageFile>
                <PackageFile>
                  <Name>NHibernate.ByteCode.Castle.Tests.dll</Name>
                </PackageFile>
                <PackageFile>
                  <Name>NHibernate.ByteCode.Castle.Tests.dll.config</Name>
                </PackageFile>
                <PackageFile>
                  <Name>NHibernate.ByteCode.Castle.Tests.pdb</Name>
                </PackageFile>
                <PackageFile>
                  <Name>NHibernate.ByteCode.Castle.xml</Name>
                </PackageFile>
                <PackageFile>
                  <Name>NHibernate.ByteCode.LinFu.dll</Name>
                </PackageFile>
                <PackageFile>
                  <Name>NHibernate.ByteCode.LinFu.pdb</Name>
                </PackageFile>
                <PackageFile>
                  <Name>NHibernate.ByteCode.LinFu.Tests.dll</Name>
                </PackageFile>
                <PackageFile>
                  <Name>NHibernate.ByteCode.LinFu.Tests.dll.config</Name>
                </PackageFile>
                <PackageFile>
                  <Name>NHibernate.ByteCode.LinFu.Tests.pdb</Name>
                </PackageFile>
                <PackageFile>
                  <Name>NHibernate.ByteCode.LinFu.xml</Name>
                </PackageFile>
                <PackageFile>
                  <Name>NHibernate.ByteCode.Spring.dll</Name>
                </PackageFile>
                <PackageFile>
                  <Name>NHibernate.ByteCode.Spring.pdb</Name>
                </PackageFile>
                <PackageFile>
                  <Name>NHibernate.ByteCode.Spring.Tests.dll</Name>
                </PackageFile>
                <PackageFile>
                  <Name>NHibernate.ByteCode.Spring.Tests.dll.config</Name>
                </PackageFile>
                <PackageFile>
                  <Name>NHibernate.ByteCode.Spring.Tests.pdb</Name>
                </PackageFile>
                <PackageFile>
                  <Name>NHibernate.ByteCode.Spring.xml</Name>
                </PackageFile>
                <PackageFile>
                  <Name>NHibernate.dll</Name>
                </PackageFile>
                <PackageFile>
                  <Name>NHibernate.DomainModel.dll</Name>
                </PackageFile>
                <PackageFile>
                  <Name>NHibernate.DomainModel.pdb</Name>
                </PackageFile>
                <PackageFile>
                  <Name>NHibernate.DomainModel.xml</Name>
                </PackageFile>
                <PackageFile>
                  <Name>NHibernate.license.txt</Name>
                </PackageFile>
                <PackageFile>
                  <Name>NHibernate.Linq.dll</Name>
                </PackageFile>
                <PackageFile>
                  <Name>NHibernate.Linq.xml</Name>
                </PackageFile>
                <PackageFile>
                  <Name>NHibernate.pdb</Name>
                </PackageFile>
                <PackageFile>
                  <Name>NHibernate.Search.dll</Name>
                </PackageFile>
                <PackageFile>
                  <Name>NHibernate.Test.dll</Name>
                </PackageFile>
                <PackageFile>
                  <Name>NHibernate.Test.dll.config</Name>
                </PackageFile>
                <PackageFile>
                  <Name>NHibernate.Test.pdb</Name>
                </PackageFile>
                <PackageFile>
                  <Name>NHibernate.Tool.HbmXsd.exe</Name>
                </PackageFile>
                <PackageFile>
                  <Name>NHibernate.Tool.HbmXsd.pdb</Name>
                </PackageFile>
                <PackageFile>
                  <Name>NHibernate.xml</Name>
                </PackageFile>
                <PackageFile>
                  <Name>NLog.dll</Name>
                </PackageFile>
                <PackageFile>
                  <Name>NLog.license.txt</Name>
                </PackageFile>
                <PackageFile>
                  <Name>NLog.xml</Name>
                </PackageFile>
                <PackageFile>
                  <Name>nunit.core.dll</Name>
                </PackageFile>
                <PackageFile>
                  <Name>nunit.framework.dll</Name>
                </PackageFile>
                <PackageFile>
                  <Name>nunit.framework.license.txt</Name>
                </PackageFile>
                <PackageFile>
                  <Name>NVelocity.dll</Name>
                </PackageFile>
                <PackageFile>
                  <Name>NVelocity.pdb</Name>
                </PackageFile>
                <PackageFile>
                  <Name>NVelocity.xml</Name>
                </PackageFile>
                <PackageFile>
                  <Name>QuickGraph.Algorithms.dll</Name>
                </PackageFile>
                <PackageFile>
                  <Name>QuickGraph.Algorithms.Graphviz.dll</Name>
                </PackageFile>
                <PackageFile>
                  <Name>QuickGraph.dll</Name>
                </PackageFile>
                <PackageFile>
                  <Name>Refly.dll</Name>
                </PackageFile>
                <PackageFile>
                  <Name>Rhino.DSL.dll</Name>
                </PackageFile>
                <PackageFile>
                  <Name>Rhino.DSL.pdb</Name>
                </PackageFile>
                <PackageFile>
                  <Name>Rhino.DSL.Tests.dll</Name>
                </PackageFile>
                <PackageFile>
                  <Name>Rhino.DSL.Tests.pdb</Name>
                </PackageFile>
                <PackageFile>
                  <Name>Rhino.DSL.XML</Name>
                </PackageFile>
                <PackageFile>
                  <Name>Rhino.Mocks.CPP.Interfaces.dll</Name>
                </PackageFile>
                <PackageFile>
                  <Name>Rhino.Mocks.dll</Name>
                </PackageFile>
                <PackageFile>
                  <Name>Rhino.Mocks.xml</Name>
                </PackageFile>
                <PackageFile>
                  <Name>Spring.Aop.dll</Name>
                </PackageFile>
                <PackageFile>
                  <Name>Spring.Aop.xml</Name>
                </PackageFile>
                <PackageFile>
                  <Name>Spring.Core.dll</Name>
                </PackageFile>
                <PackageFile>
                  <Name>Spring.Core.xml</Name>
                </PackageFile>
                <PackageFile>
                  <Name>sqlite3.dll</Name>
                </PackageFile>
                <PackageFile>
                  <Name>System.Data.SQLite.DLL</Name>
                </PackageFile>
                <PackageFile>
                  <Name>TestDriven.Framework.dll</Name>
                </PackageFile>
                <PackageFile>
                  <Name>TestEnbeddedConfig.cfg.xml</Name>
                </PackageFile>
                <PackageFile>
                  <Name>TestFu.dll</Name>
                </PackageFile>
                <PackageFile>
                  <Name>TestFu.XML</Name>
                </PackageFile>
                <PackageFile>
                  <Name>uninst.exe</Name>
                </PackageFile>
                <PackageFile>
                  <Name>users.txt</Name>
                </PackageFile>
                <PackageFile>
                  <Name>WatiN.Core.dll</Name>
                </PackageFile>
                <PackageFile>
                  <Name>WatiN.Core.xml</Name>
                </PackageFile>
                <PackageFile>
                  <Name>XsdTidy.exe</Name>
                </PackageFile>
              </Contents>
              <IsError>false</IsError>
              <ErrorMessage i:nil="true" />
            </Package>
          </Packages>
          <Url>ioc/castle.facilities/</Url>
        </Category>
        <Category>
          <Name>castle.nvelocity</Name>
          <Categories />
          <Packages>
            <Package>
              <Name>castle.nvelocity</Name>
              <MetaData>
                <MetaData>
                  <Name>category</Name>
                  <Value>ViewEngines</Value>
                </MetaData>
                <MetaData>
                  <Name>description</Name>
                  <Value>NVelocity is a port of the excellent Apache Jakarta Velocity project. It is a very simple, easy to learn and extensible template engine.</Value>
                </MetaData>
                <MetaData>
                  <Name>forum</Name>
                  <Value>http://groups.google.com/group/castle-project-users</Value>
                </MetaData>
                <MetaData>
                  <Name>homepage</Name>
                  <Value>http://www.castleproject.org/others/nvelocity/index.html</Value>
                </MetaData>
                <MetaData>
                  <Name>name</Name>
                  <Value>Castle NVelocity</Value>
                </MetaData>
                <MetaData>
                  <Name>notes</Name>
                  <Value />
                </MetaData>
              </MetaData>
              <Version>trunk</Version>
              <Url>ioc/castle.nvelocity/castle.nvelocity-trunk</Url>
              <ZipFileName i:nil="true" />
              <Contents />
              <IsError>true</IsError>
              <ErrorMessage>
                OPTIONS of 'https://svn.castleproject.org/svn/castle/NVelocity/trunk': Server certificate verification failed: issuer is not trusted (https://svn.castleproject.org)

              </ErrorMessage>
            </Package>
          </Packages>
          <Url>ioc/castle.nvelocity/</Url>
        </Category>
        <Category>
          <Name>castle.services</Name>
          <Categories />
          <Packages>
            <Package>
              <Name>castle.services</Name>
              <MetaData>
                <MetaData>
                  <Name>category</Name>
                  <Value>IoC</Value>
                </MetaData>
                <MetaData>
                  <Name>description</Name>
                  <Value>Castle provides a number of services.</Value>
                </MetaData>
                <MetaData>
                  <Name>forum</Name>
                  <Value>http://groups.google.co.uk/group/castle-project-users?hl=en</Value>
                </MetaData>
                <MetaData>
                  <Name>homepage</Name>
                  <Value>http://www.castleproject.org/</Value>
                </MetaData>
                <MetaData>
                  <Name>name</Name>
                  <Value>Castle Services</Value>
                </MetaData>
                <MetaData>
                  <Name>notes</Name>
                  <Value />
                </MetaData>
              </MetaData>
              <Version>trunk</Version>
              <Url>ioc/castle.services/castle.services-trunk</Url>
              <ZipFileName>
                <Name>castle.services-trunk.zip</Name>
              </ZipFileName>
              <Contents>
                <PackageFile>
                  <Name>adodb.dll</Name>
                </PackageFile>
                <PackageFile>
                  <Name>Aggregate.dll</Name>
                </PackageFile>
                <PackageFile>
                  <Name>Aggregate.pdb</Name>
                </PackageFile>
                <PackageFile>
                  <Name>AnonymousBaseClass.boo</Name>
                </PackageFile>
                <PackageFile>
                  <Name>anotherFile.boo</Name>
                </PackageFile>
                <PackageFile>
                  <Name>anotherFile2.boo</Name>
                </PackageFile>
                <PackageFile>
                  <Name>anrControls.Markdown.NET.dll</Name>
                </PackageFile>
                <PackageFile>
                  <Name>Antlr3.Runtime.dll</Name>
                </PackageFile>
                <PackageFile>
                  <Name>AutoImport.boo</Name>
                </PackageFile>
                <PackageFile>
                  <Name>Boo.Lang.CodeDom.dll</Name>
                </PackageFile>
                <PackageFile>
                  <Name>Boo.Lang.Compiler.dll</Name>
                </PackageFile>
                <PackageFile>
                  <Name>Boo.Lang.dll</Name>
                </PackageFile>
                <PackageFile>
                  <Name>Boo.Lang.Extensions.dll</Name>
                </PackageFile>
                <PackageFile>
                  <Name>Boo.Lang.Interpreter.dll</Name>
                </PackageFile>
                <PackageFile>
                  <Name>Boo.Lang.Parser.dll</Name>
                </PackageFile>
                <PackageFile>
                  <Name>Boo.Lang.PatternMatching.dll</Name>
                </PackageFile>
                <PackageFile>
                  <Name>Boo.Lang.Useful.dll</Name>
                </PackageFile>
                <PackageFile>
                  <Name>Boo.Microsoft.Build.Tasks.dll</Name>
                </PackageFile>
                <PackageFile>
                  <Name>Boo.NAnt.Tasks.dll</Name>
                </PackageFile>
                <PackageFile>
                  <Name>Cassini.dll</Name>
                </PackageFile>
                <PackageFile>
                  <Name>Castle.Core.dll</Name>
                </PackageFile>
                <PackageFile>
                  <Name>Castle.Core.pdb</Name>
                </PackageFile>
                <PackageFile>
                  <Name>Castle.Core.xml</Name>
                </PackageFile>
                <PackageFile>
                  <Name>Castle.DynamicProxy2.dll</Name>
                </PackageFile>
                <PackageFile>
                  <Name>Castle.DynamicProxy2.pdb</Name>
                </PackageFile>
                <PackageFile>
                  <Name>Castle.DynamicProxy2.xml</Name>
                </PackageFile>
                <PackageFile>
                  <Name>Castle.Services.Logging.Log4netIntegration.dll</Name>
                </PackageFile>
                <PackageFile>
                  <Name>Castle.Services.Logging.Log4netIntegration.pdb</Name>
                </PackageFile>
                <PackageFile>
                  <Name>Castle.Services.Logging.Log4netIntegration.xml</Name>
                </PackageFile>
                <PackageFile>
                  <Name>Castle.Services.Logging.NLogIntegration.dll</Name>
                </PackageFile>
                <PackageFile>
                  <Name>Castle.Services.Logging.NLogIntegration.pdb</Name>
                </PackageFile>
                <PackageFile>
                  <Name>Castle.Services.Logging.NLogIntegration.xml</Name>
                </PackageFile>
                <PackageFile>
                  <Name>Castle.Services.Transaction.dll</Name>
                </PackageFile>
                <PackageFile>
                  <Name>Castle.Services.Transaction.pdb</Name>
                </PackageFile>
                <PackageFile>
                  <Name>Castle.Services.Transaction.xml</Name>
                </PackageFile>
                <PackageFile>
                  <Name>hasReferenceToAnotherFile.boo</Name>
                </PackageFile>
                <PackageFile>
                  <Name>Iesi.Collections.dll</Name>
                </PackageFile>
                <PackageFile>
                  <Name>Iesi.Collections.license.txt</Name>
                </PackageFile>
                <PackageFile>
                  <Name>Iesi.Collections.xml</Name>
                </PackageFile>
                <PackageFile>
                  <Name>log4net.dll</Name>
                </PackageFile>
                <PackageFile>
                  <Name>log4net.license.txt</Name>
                </PackageFile>
                <PackageFile>
                  <Name>log4net.xml</Name>
                </PackageFile>
                <PackageFile>
                  <Name>Lucene.Net.dll</Name>
                </PackageFile>
                <PackageFile>
                  <Name>MbUnit.AddIn.dll</Name>
                </PackageFile>
                <PackageFile>
                  <Name>MbUnit.Cons.exe</Name>
                </PackageFile>
                <PackageFile>
                  <Name>MbUnit.Cons.exe.config</Name>
                </PackageFile>
                <PackageFile>
                  <Name>MbUnit.Demo.1.1.dll</Name>
                </PackageFile>
                <PackageFile>
                  <Name>MbUnit.Framework.1.1.dll</Name>
                </PackageFile>
                <PackageFile>
                  <Name>MbUnit.Framework.1.1.XML</Name>
                </PackageFile>
                <PackageFile>
                  <Name>MbUnit.Framework.2.0.dll</Name>
                </PackageFile>
                <PackageFile>
                  <Name>MbUnit.Framework.dll</Name>
                </PackageFile>
                <PackageFile>
                  <Name>MbUnit.Framework.XML</Name>
                </PackageFile>
                <PackageFile>
                  <Name>MbUnit.GUI.exe</Name>
                </PackageFile>
                <PackageFile>
                  <Name>MbUnit.GUI.exe.config</Name>
                </PackageFile>
                <PackageFile>
                  <Name>MbUnit.MSBuild.Tasks.dll</Name>
                </PackageFile>
                <PackageFile>
                  <Name>MbUnit.Tasks.dll</Name>
                </PackageFile>
                <PackageFile>
                  <Name>MbUnit.Tests.1.1.dll</Name>
                </PackageFile>
                <PackageFile>
                  <Name>MethodSubstitutionBaseClass.boo</Name>
                </PackageFile>
                <PackageFile>
                  <Name>namespacesImports.boo</Name>
                </PackageFile>
                <PackageFile>
                  <Name>NAnt.Core.dll</Name>
                </PackageFile>
                <PackageFile>
                  <Name>NAnt.Core.xml</Name>
                </PackageFile>
                <PackageFile>
                  <Name>Newtonsoft.Json.dll</Name>
                </PackageFile>
                <PackageFile>
                  <Name>Newtonsoft.Json.XML</Name>
                </PackageFile>
                <PackageFile>
                  <Name>NGraphviz.dll</Name>
                </PackageFile>
                <PackageFile>
                  <Name>NGraphviz.Helpers.dll</Name>
                </PackageFile>
                <PackageFile>
                  <Name>NGraphviz.Layout.dll</Name>
                </PackageFile>
                <PackageFile>
                  <Name>NHibernate.ByteCode.Castle.dll</Name>
                </PackageFile>
                <PackageFile>
                  <Name>NHibernate.ByteCode.Castle.xml</Name>
                </PackageFile>
                <PackageFile>
                  <Name>NHibernate.dll</Name>
                </PackageFile>
                <PackageFile>
                  <Name>NHibernate.license.txt</Name>
                </PackageFile>
                <PackageFile>
                  <Name>NHibernate.Linq.dll</Name>
                </PackageFile>
                <PackageFile>
                  <Name>NHibernate.Linq.xml</Name>
                </PackageFile>
                <PackageFile>
                  <Name>NHibernate.Search.dll</Name>
                </PackageFile>
                <PackageFile>
                  <Name>NHibernate.xml</Name>
                </PackageFile>
                <PackageFile>
                  <Name>NLog.dll</Name>
                </PackageFile>
                <PackageFile>
                  <Name>NLog.license.txt</Name>
                </PackageFile>
                <PackageFile>
                  <Name>NLog.xml</Name>
                </PackageFile>
                <PackageFile>
                  <Name>nunit.framework.dll</Name>
                </PackageFile>
                <PackageFile>
                  <Name>nunit.framework.license.txt</Name>
                </PackageFile>
                <PackageFile>
                  <Name>NVelocity.dll</Name>
                </PackageFile>
                <PackageFile>
                  <Name>NVelocity.pdb</Name>
                </PackageFile>
                <PackageFile>
                  <Name>NVelocity.xml</Name>
                </PackageFile>
                <PackageFile>
                  <Name>QuickGraph.Algorithms.dll</Name>
                </PackageFile>
                <PackageFile>
                  <Name>QuickGraph.Algorithms.Graphviz.dll</Name>
                </PackageFile>
                <PackageFile>
                  <Name>QuickGraph.dll</Name>
                </PackageFile>
                <PackageFile>
                  <Name>Refly.dll</Name>
                </PackageFile>
                <PackageFile>
                  <Name>Rhino.DSL.dll</Name>
                </PackageFile>
                <PackageFile>
                  <Name>Rhino.DSL.pdb</Name>
                </PackageFile>
                <PackageFile>
                  <Name>Rhino.DSL.Tests.dll</Name>
                </PackageFile>
                <PackageFile>
                  <Name>Rhino.DSL.Tests.pdb</Name>
                </PackageFile>
                <PackageFile>
                  <Name>Rhino.DSL.XML</Name>
                </PackageFile>
                <PackageFile>
                  <Name>Rhino.Mocks.CPP.Interfaces.dll</Name>
                </PackageFile>
                <PackageFile>
                  <Name>Rhino.Mocks.dll</Name>
                </PackageFile>
                <PackageFile>
                  <Name>Rhino.Mocks.xml</Name>
                </PackageFile>
                <PackageFile>
                  <Name>sqlite3.dll</Name>
                </PackageFile>
                <PackageFile>
                  <Name>System.Data.SQLite.DLL</Name>
                </PackageFile>
                <PackageFile>
                  <Name>TestDriven.Framework.dll</Name>
                </PackageFile>
                <PackageFile>
                  <Name>TestFu.dll</Name>
                </PackageFile>
                <PackageFile>
                  <Name>TestFu.XML</Name>
                </PackageFile>
                <PackageFile>
                  <Name>uninst.exe</Name>
                </PackageFile>
                <PackageFile>
                  <Name>users.txt</Name>
                </PackageFile>
                <PackageFile>
                  <Name>WatiN.Core.dll</Name>
                </PackageFile>
                <PackageFile>
                  <Name>WatiN.Core.xml</Name>
                </PackageFile>
                <PackageFile>
                  <Name>XsdTidy.exe</Name>
                </PackageFile>
              </Contents>
              <IsError>false</IsError>
              <ErrorMessage i:nil="true" />
            </Package>
          </Packages>
          <Url>ioc/castle.services/</Url>
        </Category>
        <Category>
          <Name>castle.templateengine</Name>
          <Categories />
          <Packages>
            <Package>
              <Name>castle.templateengine</Name>
              <MetaData>
                <MetaData>
                  <Name>category</Name>
                  <Value>TemplateEngines</Value>
                </MetaData>
                <MetaData>
                  <Name>description</Name>
                  <Value>The TemplateEngine component is used to abstract template processing approaches. It is useful to provide a minimal template processing to your applications. It comes with a default implementation which relies on NVelocity.</Value>
                </MetaData>
                <MetaData>
                  <Name>forum</Name>
                  <Value>http://groups.google.com/group/castle-project-users</Value>
                </MetaData>
                <MetaData>
                  <Name>homepage</Name>
                  <Value>http://www.castleproject.org/components/templateengine/index.html</Value>
                </MetaData>
                <MetaData>
                  <Name>name</Name>
                  <Value>Castle TemplateEngine Component</Value>
                </MetaData>
                <MetaData>
                  <Name>notes</Name>
                  <Value />
                </MetaData>
              </MetaData>
              <Version>trunk</Version>
              <Url>ioc/castle.templateengine/castle.templateengine-trunk</Url>
              <ZipFileName i:nil="true" />
              <Contents />
              <IsError>true</IsError>
              <ErrorMessage>
                OPTIONS of 'https://svn.castleproject.org/svn/castle/NVelocity/trunk': Server certificate verification failed: issuer is not trusted (https://svn.castleproject.org)

              </ErrorMessage>
            </Package>
          </Packages>
          <Url>ioc/castle.templateengine/</Url>
        </Category>
        <Category>
          <Name>castle.tools</Name>
          <Categories />
          <Packages>
            <Package>
              <Name>castle.tools</Name>
              <MetaData>
                <MetaData>
                  <Name>category</Name>
                  <Value>IoC</Value>
                </MetaData>
                <MetaData>
                  <Name>description</Name>
                  <Value>Dynamic Proxy Generator for the CLR.</Value>
                </MetaData>
                <MetaData>
                  <Name>forum</Name>
                  <Value>http://groups.google.co.uk/group/castle-project-users?hl=en</Value>
                </MetaData>
                <MetaData>
                  <Name>homepage</Name>
                  <Value>http://www.castleproject.org/</Value>
                </MetaData>
                <MetaData>
                  <Name>name</Name>
                  <Value>Castle Tools</Value>
                </MetaData>
                <MetaData>
                  <Name>notes</Name>
                  <Value />
                </MetaData>
              </MetaData>
              <Version>trunk</Version>
              <Url>ioc/castle.tools/castle.tools-trunk</Url>
              <ZipFileName>
                <Name>castle.tools-trunk.zip</Name>
              </ZipFileName>
              <Contents>
                <PackageFile>
                  <Name>Castle.Core.dll</Name>
                </PackageFile>
                <PackageFile>
                  <Name>Castle.Core.pdb</Name>
                </PackageFile>
                <PackageFile>
                  <Name>Castle.Core.xml</Name>
                </PackageFile>
                <PackageFile>
                  <Name>Castle.DynamicProxy2.dll</Name>
                </PackageFile>
                <PackageFile>
                  <Name>Castle.DynamicProxy2.pdb</Name>
                </PackageFile>
                <PackageFile>
                  <Name>Castle.DynamicProxy2.xml</Name>
                </PackageFile>
                <PackageFile>
                  <Name>NVelocity.dll</Name>
                </PackageFile>
                <PackageFile>
                  <Name>NVelocity.pdb</Name>
                </PackageFile>
                <PackageFile>
                  <Name>NVelocity.xml</Name>
                </PackageFile>
              </Contents>
              <IsError>false</IsError>
              <ErrorMessage i:nil="true" />
            </Package>
          </Packages>
          <Url>ioc/castle.tools/</Url>
        </Category>
        <Category>
          <Name>castle.windsor</Name>
          <Categories />
          <Packages>
            <Package>
              <Name>castle.windsor</Name>
              <MetaData>
                <MetaData>
                  <Name>category</Name>
                  <Value>IoC</Value>
                </MetaData>
                <MetaData>
                  <Name>description</Name>
                  <Value>Windsor is an inversion of control container that aggregates the MicroKernel offering a friendly fool-proof interface and options to external configurations.</Value>
                </MetaData>
                <MetaData>
                  <Name>forum</Name>
                  <Value>http://groups.google.co.uk/group/castle-project-users?hl=en</Value>
                </MetaData>
                <MetaData>
                  <Name>homepage</Name>
                  <Value>http://www.castleproject.org/</Value>
                </MetaData>
                <MetaData>
                  <Name>name</Name>
                  <Value>Castle Windsor</Value>
                </MetaData>
                <MetaData>
                  <Name>notes</Name>
                  <Value />
                </MetaData>
              </MetaData>
              <Version>trunk</Version>
              <Url>ioc/castle.windsor/castle.windsor-trunk</Url>
              <ZipFileName>
                <Name>castle.windsor-trunk.zip</Name>
              </ZipFileName>
              <Contents>
                <PackageFile>
                  <Name>adodb.dll</Name>
                </PackageFile>
                <PackageFile>
                  <Name>Aggregate.dll</Name>
                </PackageFile>
                <PackageFile>
                  <Name>Aggregate.pdb</Name>
                </PackageFile>
                <PackageFile>
                  <Name>AnonymousBaseClass.boo</Name>
                </PackageFile>
                <PackageFile>
                  <Name>anotherFile.boo</Name>
                </PackageFile>
                <PackageFile>
                  <Name>anotherFile2.boo</Name>
                </PackageFile>
                <PackageFile>
                  <Name>anrControls.Markdown.NET.dll</Name>
                </PackageFile>
                <PackageFile>
                  <Name>Antlr3.Runtime.dll</Name>
                </PackageFile>
                <PackageFile>
                  <Name>AutoImport.boo</Name>
                </PackageFile>
                <PackageFile>
                  <Name>Boo.Lang.CodeDom.dll</Name>
                </PackageFile>
                <PackageFile>
                  <Name>Boo.Lang.Compiler.dll</Name>
                </PackageFile>
                <PackageFile>
                  <Name>Boo.Lang.dll</Name>
                </PackageFile>
                <PackageFile>
                  <Name>Boo.Lang.Extensions.dll</Name>
                </PackageFile>
                <PackageFile>
                  <Name>Boo.Lang.Interpreter.dll</Name>
                </PackageFile>
                <PackageFile>
                  <Name>Boo.Lang.Parser.dll</Name>
                </PackageFile>
                <PackageFile>
                  <Name>Boo.Lang.PatternMatching.dll</Name>
                </PackageFile>
                <PackageFile>
                  <Name>Boo.Lang.Useful.dll</Name>
                </PackageFile>
                <PackageFile>
                  <Name>Boo.Microsoft.Build.Tasks.dll</Name>
                </PackageFile>
                <PackageFile>
                  <Name>Boo.NAnt.Tasks.dll</Name>
                </PackageFile>
                <PackageFile>
                  <Name>Cassini.dll</Name>
                </PackageFile>
                <PackageFile>
                  <Name>Castle.Core.dll</Name>
                </PackageFile>
                <PackageFile>
                  <Name>Castle.Core.pdb</Name>
                </PackageFile>
                <PackageFile>
                  <Name>Castle.Core.xml</Name>
                </PackageFile>
                <PackageFile>
                  <Name>Castle.DynamicProxy2.dll</Name>
                </PackageFile>
                <PackageFile>
                  <Name>Castle.DynamicProxy2.pdb</Name>
                </PackageFile>
                <PackageFile>
                  <Name>Castle.DynamicProxy2.xml</Name>
                </PackageFile>
                <PackageFile>
                  <Name>Castle.MicroKernel.dll</Name>
                </PackageFile>
                <PackageFile>
                  <Name>Castle.MicroKernel.pdb</Name>
                </PackageFile>
                <PackageFile>
                  <Name>Castle.MicroKernel.xml</Name>
                </PackageFile>
                <PackageFile>
                  <Name>Castle.Windsor.dll</Name>
                </PackageFile>
                <PackageFile>
                  <Name>Castle.Windsor.pdb</Name>
                </PackageFile>
                <PackageFile>
                  <Name>Castle.Windsor.xml</Name>
                </PackageFile>
                <PackageFile>
                  <Name>hasReferenceToAnotherFile.boo</Name>
                </PackageFile>
                <PackageFile>
                  <Name>Iesi.Collections.dll</Name>
                </PackageFile>
                <PackageFile>
                  <Name>Iesi.Collections.license.txt</Name>
                </PackageFile>
                <PackageFile>
                  <Name>Iesi.Collections.xml</Name>
                </PackageFile>
                <PackageFile>
                  <Name>log4net.dll</Name>
                </PackageFile>
                <PackageFile>
                  <Name>log4net.license.txt</Name>
                </PackageFile>
                <PackageFile>
                  <Name>log4net.xml</Name>
                </PackageFile>
                <PackageFile>
                  <Name>Lucene.Net.dll</Name>
                </PackageFile>
                <PackageFile>
                  <Name>MbUnit.AddIn.dll</Name>
                </PackageFile>
                <PackageFile>
                  <Name>MbUnit.Cons.exe</Name>
                </PackageFile>
                <PackageFile>
                  <Name>MbUnit.Cons.exe.config</Name>
                </PackageFile>
                <PackageFile>
                  <Name>MbUnit.Demo.1.1.dll</Name>
                </PackageFile>
                <PackageFile>
                  <Name>MbUnit.Framework.1.1.dll</Name>
                </PackageFile>
                <PackageFile>
                  <Name>MbUnit.Framework.1.1.XML</Name>
                </PackageFile>
                <PackageFile>
                  <Name>MbUnit.Framework.2.0.dll</Name>
                </PackageFile>
                <PackageFile>
                  <Name>MbUnit.Framework.dll</Name>
                </PackageFile>
                <PackageFile>
                  <Name>MbUnit.Framework.XML</Name>
                </PackageFile>
                <PackageFile>
                  <Name>MbUnit.GUI.exe</Name>
                </PackageFile>
                <PackageFile>
                  <Name>MbUnit.GUI.exe.config</Name>
                </PackageFile>
                <PackageFile>
                  <Name>MbUnit.MSBuild.Tasks.dll</Name>
                </PackageFile>
                <PackageFile>
                  <Name>MbUnit.Tasks.dll</Name>
                </PackageFile>
                <PackageFile>
                  <Name>MbUnit.Tests.1.1.dll</Name>
                </PackageFile>
                <PackageFile>
                  <Name>MethodSubstitutionBaseClass.boo</Name>
                </PackageFile>
                <PackageFile>
                  <Name>namespacesImports.boo</Name>
                </PackageFile>
                <PackageFile>
                  <Name>NAnt.Core.dll</Name>
                </PackageFile>
                <PackageFile>
                  <Name>NAnt.Core.xml</Name>
                </PackageFile>
                <PackageFile>
                  <Name>Newtonsoft.Json.dll</Name>
                </PackageFile>
                <PackageFile>
                  <Name>Newtonsoft.Json.XML</Name>
                </PackageFile>
                <PackageFile>
                  <Name>NGraphviz.dll</Name>
                </PackageFile>
                <PackageFile>
                  <Name>NGraphviz.Helpers.dll</Name>
                </PackageFile>
                <PackageFile>
                  <Name>NGraphviz.Layout.dll</Name>
                </PackageFile>
                <PackageFile>
                  <Name>NHibernate.ByteCode.Castle.dll</Name>
                </PackageFile>
                <PackageFile>
                  <Name>NHibernate.ByteCode.Castle.xml</Name>
                </PackageFile>
                <PackageFile>
                  <Name>NHibernate.dll</Name>
                </PackageFile>
                <PackageFile>
                  <Name>NHibernate.license.txt</Name>
                </PackageFile>
                <PackageFile>
                  <Name>NHibernate.Linq.dll</Name>
                </PackageFile>
                <PackageFile>
                  <Name>NHibernate.Linq.xml</Name>
                </PackageFile>
                <PackageFile>
                  <Name>NHibernate.Search.dll</Name>
                </PackageFile>
                <PackageFile>
                  <Name>NHibernate.xml</Name>
                </PackageFile>
                <PackageFile>
                  <Name>NLog.dll</Name>
                </PackageFile>
                <PackageFile>
                  <Name>NLog.license.txt</Name>
                </PackageFile>
                <PackageFile>
                  <Name>NLog.xml</Name>
                </PackageFile>
                <PackageFile>
                  <Name>nunit.framework.dll</Name>
                </PackageFile>
                <PackageFile>
                  <Name>nunit.framework.license.txt</Name>
                </PackageFile>
                <PackageFile>
                  <Name>NVelocity.dll</Name>
                </PackageFile>
                <PackageFile>
                  <Name>NVelocity.pdb</Name>
                </PackageFile>
                <PackageFile>
                  <Name>NVelocity.xml</Name>
                </PackageFile>
                <PackageFile>
                  <Name>QuickGraph.Algorithms.dll</Name>
                </PackageFile>
                <PackageFile>
                  <Name>QuickGraph.Algorithms.Graphviz.dll</Name>
                </PackageFile>
                <PackageFile>
                  <Name>QuickGraph.dll</Name>
                </PackageFile>
                <PackageFile>
                  <Name>Refly.dll</Name>
                </PackageFile>
                <PackageFile>
                  <Name>Rhino.DSL.dll</Name>
                </PackageFile>
                <PackageFile>
                  <Name>Rhino.DSL.pdb</Name>
                </PackageFile>
                <PackageFile>
                  <Name>Rhino.DSL.Tests.dll</Name>
                </PackageFile>
                <PackageFile>
                  <Name>Rhino.DSL.Tests.pdb</Name>
                </PackageFile>
                <PackageFile>
                  <Name>Rhino.DSL.XML</Name>
                </PackageFile>
                <PackageFile>
                  <Name>Rhino.Mocks.CPP.Interfaces.dll</Name>
                </PackageFile>
                <PackageFile>
                  <Name>Rhino.Mocks.dll</Name>
                </PackageFile>
                <PackageFile>
                  <Name>Rhino.Mocks.xml</Name>
                </PackageFile>
                <PackageFile>
                  <Name>sqlite3.dll</Name>
                </PackageFile>
                <PackageFile>
                  <Name>System.Data.SQLite.DLL</Name>
                </PackageFile>
                <PackageFile>
                  <Name>TestDriven.Framework.dll</Name>
                </PackageFile>
                <PackageFile>
                  <Name>TestFu.dll</Name>
                </PackageFile>
                <PackageFile>
                  <Name>TestFu.XML</Name>
                </PackageFile>
                <PackageFile>
                  <Name>uninst.exe</Name>
                </PackageFile>
                <PackageFile>
                  <Name>users.txt</Name>
                </PackageFile>
                <PackageFile>
                  <Name>WatiN.Core.dll</Name>
                </PackageFile>
                <PackageFile>
                  <Name>WatiN.Core.xml</Name>
                </PackageFile>
                <PackageFile>
                  <Name>XsdTidy.exe</Name>
                </PackageFile>
              </Contents>
              <IsError>false</IsError>
              <ErrorMessage i:nil="true" />
            </Package>
          </Packages>
          <Url>ioc/castle.windsor/</Url>
        </Category>
        <Category>
          <Name>linfu</Name>
          <Categories />
          <Packages>
            <Package>
              <Name>linfu</Name>
              <MetaData>
                <MetaData>
                  <Name>category</Name>
                  <Value>IoC</Value>
                </MetaData>
                <MetaData>
                  <Name>description</Name>
                  <Value>The LinFu Framework is a set of libraries that extend the CLR.</Value>
                </MetaData>
                <MetaData>
                  <Name>forum</Name>
                  <Value>http://groups.google.com/group/linfuframework</Value>
                </MetaData>
                <MetaData>
                  <Name>homepage</Name>
                  <Value>http://code.google.com/p/linfu/</Value>
                </MetaData>
                <MetaData>
                  <Name>name</Name>
                  <Value>LinFu</Value>
                </MetaData>
                <MetaData>
                  <Name>notes</Name>
                  <Value />
                </MetaData>
              </MetaData>
              <Version>trunk</Version>
              <Url>ioc/linfu/linfu-trunk</Url>
              <ZipFileName>
                <Name>linfu-trunk.zip</Name>
              </ZipFileName>
              <Contents>
                <PackageFile>
                  <Name>LinFu.AOP.Cecil.dll</Name>
                </PackageFile>
                <PackageFile>
                  <Name>LinFu.AOP.Cecil.pdb</Name>
                </PackageFile>
                <PackageFile>
                  <Name>LinFu.AOP.Cecil.xml</Name>
                </PackageFile>
                <PackageFile>
                  <Name>LinFu.AOP.Interfaces.dll</Name>
                </PackageFile>
                <PackageFile>
                  <Name>LinFu.AOP.Interfaces.pdb</Name>
                </PackageFile>
                <PackageFile>
                  <Name>LinFu.AOP.Interfaces.XML</Name>
                </PackageFile>
                <PackageFile>
                  <Name>LinFu.Finders.dll</Name>
                </PackageFile>
                <PackageFile>
                  <Name>LinFu.Finders.pdb</Name>
                </PackageFile>
                <PackageFile>
                  <Name>LinFu.Finders.XML</Name>
                </PackageFile>
                <PackageFile>
                  <Name>LinFu.IoC.Common.dll</Name>
                </PackageFile>
                <PackageFile>
                  <Name>LinFu.IoC.Common.pdb</Name>
                </PackageFile>
                <PackageFile>
                  <Name>LinFu.IoC.Common.XML</Name>
                </PackageFile>
                <PackageFile>
                  <Name>LinFu.IoC.dll</Name>
                </PackageFile>
                <PackageFile>
                  <Name>LinFu.IoC.pdb</Name>
                </PackageFile>
                <PackageFile>
                  <Name>LinFu.IoC.XML</Name>
                </PackageFile>
                <PackageFile>
                  <Name>LinFu.Proxy.dll</Name>
                </PackageFile>
                <PackageFile>
                  <Name>LinFu.Proxy.Extensions.dll</Name>
                </PackageFile>
                <PackageFile>
                  <Name>LinFu.Proxy.Extensions.pdb</Name>
                </PackageFile>
                <PackageFile>
                  <Name>LinFu.Proxy.Extensions.XML</Name>
                </PackageFile>
                <PackageFile>
                  <Name>LinFu.Proxy.Interfaces.dll</Name>
                </PackageFile>
                <PackageFile>
                  <Name>LinFu.Proxy.Interfaces.pdb</Name>
                </PackageFile>
                <PackageFile>
                  <Name>LinFu.Proxy.Interfaces.xml</Name>
                </PackageFile>
                <PackageFile>
                  <Name>LinFu.Proxy.pdb</Name>
                </PackageFile>
                <PackageFile>
                  <Name>LinFu.Proxy.xml</Name>
                </PackageFile>
                <PackageFile>
                  <Name>LinFu.Reflection.dll</Name>
                </PackageFile>
                <PackageFile>
                  <Name>LinFu.Reflection.Emit.dll</Name>
                </PackageFile>
                <PackageFile>
                  <Name>LinFu.Reflection.Emit.pdb</Name>
                </PackageFile>
                <PackageFile>
                  <Name>LinFu.Reflection.Emit.XML</Name>
                </PackageFile>
                <PackageFile>
                  <Name>LinFu.Reflection.pdb</Name>
                </PackageFile>
                <PackageFile>
                  <Name>LinFu.Reflection.XML</Name>
                </PackageFile>
                <PackageFile>
                  <Name>Mono.Cecil.dll</Name>
                </PackageFile>
              </Contents>
              <IsError>false</IsError>
              <ErrorMessage i:nil="true" />
            </Package>
          </Packages>
          <Url>ioc/linfu/</Url>
        </Category>
        <Category>
          <Name>ninject</Name>
          <Categories />
          <Packages>
            <Package>
              <Name>ninject</Name>
              <MetaData>
                <MetaData>
                  <Name>category</Name>
                  <Value>IoC</Value>
                </MetaData>
                <MetaData>
                  <Name>description</Name>
                  <Value>Ninject: Lightning-fast dependency injection for .NET</Value>
                </MetaData>
                <MetaData>
                  <Name>forum</Name>
                  <Value>http://groups.google.com/group/ninject</Value>
                </MetaData>
                <MetaData>
                  <Name>homepage</Name>
                  <Value>http://ninject.org/</Value>
                </MetaData>
                <MetaData>
                  <Name>name</Name>
                  <Value>Ninject</Value>
                </MetaData>
                <MetaData>
                  <Name>notes</Name>
                  <Value />
                </MetaData>
              </MetaData>
              <Version>2.0</Version>
              <Url>ioc/ninject/ninject-2.0</Url>
              <ZipFileName>
                <Name>ninject-2.0.zip</Name>
              </ZipFileName>
              <Contents>
                <PackageFile>
                  <Name>Ninject.dll</Name>
                </PackageFile>
              </Contents>
              <IsError>false</IsError>
              <ErrorMessage i:nil="true" />
            </Package>
            <Package>
              <Name>ninject</Name>
              <MetaData>
                <MetaData>
                  <Name>category</Name>
                  <Value>IoC</Value>
                </MetaData>
                <MetaData>
                  <Name>description</Name>
                  <Value>Ninject: Lightning-fast dependency injection for .NET</Value>
                </MetaData>
                <MetaData>
                  <Name>forum</Name>
                  <Value>http://groups.google.com/group/ninject</Value>
                </MetaData>
                <MetaData>
                  <Name>homepage</Name>
                  <Value>http://ninject.org/</Value>
                </MetaData>
                <MetaData>
                  <Name>name</Name>
                  <Value>Ninject</Value>
                </MetaData>
                <MetaData>
                  <Name>notes</Name>
                  <Value />
                </MetaData>
              </MetaData>
              <Version>trunk</Version>
              <Url>ioc/ninject/ninject-trunk</Url>
              <ZipFileName>
                <Name>ninject-trunk.zip</Name>
              </ZipFileName>
              <Contents>
                <PackageFile>
                  <Name>Ninject.dll</Name>
                </PackageFile>
              </Contents>
              <IsError>false</IsError>
              <ErrorMessage i:nil="true" />
            </Package>
          </Packages>
          <Url>ioc/ninject/</Url>
        </Category>
      </Categories>
      <Packages />
      <Url>ioc/</Url>
    </Category>
    <Category>
      <Name>loggers</Name>
      <Categories>
        <Category>
          <Name>log4net</Name>
          <Categories />
          <Packages>
            <Package>
              <Name>log4net</Name>
              <MetaData>
                <MetaData>
                  <Name>category</Name>
                  <Value>Loggers</Value>
                </MetaData>
                <MetaData>
                  <Name>description</Name>
                  <Value>log4net is a tool to help the programmer output log statements to a variety of output targets</Value>
                </MetaData>
                <MetaData>
                  <Name>forum</Name>
                  <Value>http://mail-archives.apache.org/mod_mbox/logging-log4net-user/</Value>
                </MetaData>
                <MetaData>
                  <Name>homepage</Name>
                  <Value>http://logging.apache.org/log4net/index.html</Value>
                </MetaData>
                <MetaData>
                  <Name>name</Name>
                  <Value>Log4Net</Value>
                </MetaData>
                <MetaData>
                  <Name>notes</Name>
                  <Value>The Trunk of Log4Net is Broken. Use Package &lt;log4net-1.2.10&gt;</Value>
                </MetaData>
              </MetaData>
              <Version>1.2.10</Version>
              <Url>loggers/log4net/log4net-1.2.10</Url>
              <ZipFileName>
                <Name>log4net-1.2.10.zip</Name>
              </ZipFileName>
              <Contents>
                <PackageFile>
                  <Name>log4net.dll</Name>
                </PackageFile>
                <PackageFile>
                  <Name>log4net.pdb</Name>
                </PackageFile>
                <PackageFile>
                  <Name>log4net.xml</Name>
                </PackageFile>
              </Contents>
              <IsError>false</IsError>
              <ErrorMessage i:nil="true" />
            </Package>
            <Package>
              <Name>log4net</Name>
              <MetaData>
                <MetaData>
                  <Name>category</Name>
                  <Value>Loggers</Value>
                </MetaData>
                <MetaData>
                  <Name>description</Name>
                  <Value>log4net is a tool to help the programmer output log statements to a variety of output targets</Value>
                </MetaData>
                <MetaData>
                  <Name>forum</Name>
                  <Value>http://mail-archives.apache.org/mod_mbox/logging-log4net-user/</Value>
                </MetaData>
                <MetaData>
                  <Name>homepage</Name>
                  <Value>http://logging.apache.org/log4net/index.html</Value>
                </MetaData>
                <MetaData>
                  <Name>name</Name>
                  <Value>Log4Net</Value>
                </MetaData>
                <MetaData>
                  <Name>notes</Name>
                  <Value>The Trunk of Log4Net is Broken. Use Package &lt;log4net-1.2.10&gt;</Value>
                </MetaData>
              </MetaData>
              <Version>trunk</Version>
              <Url>loggers/log4net/log4net-trunk</Url>
              <ZipFileName>
                <Name>log4net-trunk.zip</Name>
              </ZipFileName>
              <Contents>
                <PackageFile>
                  <Name>log4net.dll</Name>
                </PackageFile>
                <PackageFile>
                  <Name>log4net.pdb</Name>
                </PackageFile>
                <PackageFile>
                  <Name>log4net.xml</Name>
                </PackageFile>
              </Contents>
              <IsError>false</IsError>
              <ErrorMessage i:nil="true" />
            </Package>
          </Packages>
          <Url>loggers/log4net/</Url>
        </Category>
      </Categories>
      <Packages />
      <Url>loggers/</Url>
    </Category>
    <Category>
      <Name>mappers</Name>
      <Categories>
        <Category>
          <Name>automapper</Name>
          <Categories />
          <Packages>
            <Package>
              <Name>automapper</Name>
              <MetaData>
                <MetaData>
                  <Name>category</Name>
                  <Value>Mappers</Value>
                </MetaData>
                <MetaData>
                  <Name>description</Name>
                  <Value>A convention-based object-object mapper in .NET.</Value>
                </MetaData>
                <MetaData>
                  <Name>forum</Name>
                  <Value>http://groups.google.com/group/automapper-users</Value>
                </MetaData>
                <MetaData>
                  <Name>homepage</Name>
                  <Value>http://www.codeplex.com/AutoMapper/</Value>
                </MetaData>
                <MetaData>
                  <Name>name</Name>
                  <Value>AutoMapper</Value>
                </MetaData>
                <MetaData>
                  <Name>notes</Name>
                  <Value />
                </MetaData>
              </MetaData>
              <Version>trunk</Version>
              <Url>mappers/automapper/automapper-trunk</Url>
              <ZipFileName>
                <Name>automapper-trunk.zip</Name>
              </ZipFileName>
              <Contents>
                <PackageFile>
                  <Name>AutoMapper.dll</Name>
                </PackageFile>
                <PackageFile>
                  <Name>AutoMapper.pdb</Name>
                </PackageFile>
                <PackageFile>
                  <Name>LinFu.DynamicProxy.dll</Name>
                </PackageFile>
              </Contents>
              <IsError>false</IsError>
              <ErrorMessage i:nil="true" />
            </Package>
          </Packages>
          <Url>mappers/automapper/</Url>
        </Category>
      </Categories>
      <Packages />
      <Url>mappers/</Url>
    </Category>
    <Category>
      <Name>mocks</Name>
      <Categories>
        <Category>
          <Name>rhino.mocks</Name>
          <Categories />
          <Packages>
            <Package>
              <Name>rhino.mocks</Name>
              <MetaData>
                <MetaData>
                  <Name>category</Name>
                  <Value>Mocks</Value>
                </MetaData>
                <MetaData>
                  <Name>description</Name>
                  <Value>Dynamic Mocking Framework for .NET.</Value>
                </MetaData>
                <MetaData>
                  <Name>forum</Name>
                  <Value>http://groups.google.co.uk/group/rhino-tools-dev?hl=en</Value>
                </MetaData>
                <MetaData>
                  <Name>homepage</Name>
                  <Value>http://ayende.com/blog/</Value>
                </MetaData>
                <MetaData>
                  <Name>name</Name>
                  <Value>Rhino.Mocks</Value>
                </MetaData>
                <MetaData>
                  <Name>notes</Name>
                  <Value />
                </MetaData>
              </MetaData>
              <Version>trunk</Version>
              <Url>mocks/rhino.mocks/rhino.mocks-trunk</Url>
              <ZipFileName>
                <Name>rhino.mocks-trunk.zip</Name>
              </ZipFileName>
              <Contents>
                <PackageFile>
                  <Name>Castle.Core.dll</Name>
                </PackageFile>
                <PackageFile>
                  <Name>Castle.Core.pdb</Name>
                </PackageFile>
                <PackageFile>
                  <Name>Castle.Core.xml</Name>
                </PackageFile>
                <PackageFile>
                  <Name>Castle.DynamicProxy2.dll</Name>
                </PackageFile>
                <PackageFile>
                  <Name>Castle.DynamicProxy2.pdb</Name>
                </PackageFile>
                <PackageFile>
                  <Name>Castle.DynamicProxy2.xml</Name>
                </PackageFile>
                <PackageFile>
                  <Name>Interop.ADODB.dll</Name>
                </PackageFile>
                <PackageFile>
                  <Name>Interop.MSHTML.dll</Name>
                </PackageFile>
                <PackageFile>
                  <Name>Microsoft.Practices.ObjectBuilder2.dll</Name>
                </PackageFile>
                <PackageFile>
                  <Name>Microsoft.Practices.ObjectBuilder2.xml</Name>
                </PackageFile>
                <PackageFile>
                  <Name>Microsoft.Practices.Unity.dll</Name>
                </PackageFile>
                <PackageFile>
                  <Name>Microsoft.Practices.Unity.xml</Name>
                </PackageFile>
                <PackageFile>
                  <Name>NVelocity.dll</Name>
                </PackageFile>
                <PackageFile>
                  <Name>NVelocity.pdb</Name>
                </PackageFile>
                <PackageFile>
                  <Name>NVelocity.xml</Name>
                </PackageFile>
                <PackageFile>
                  <Name>Rhino.Mocks.CPP.Interfaces.dll</Name>
                </PackageFile>
                <PackageFile>
                  <Name>Rhino.Mocks.dll</Name>
                </PackageFile>
                <PackageFile>
                  <Name>Rhino.Mocks.Partial.dll</Name>
                </PackageFile>
                <PackageFile>
                  <Name>Rhino.Mocks.pdb</Name>
                </PackageFile>
                <PackageFile>
                  <Name>Rhino.Mocks.Tests.dll</Name>
                </PackageFile>
                <PackageFile>
                  <Name>Rhino.Mocks.Tests.Model.dll</Name>
                </PackageFile>
                <PackageFile>
                  <Name>Rhino.Mocks.Tests.Model.pdb</Name>
                </PackageFile>
                <PackageFile>
                  <Name>Rhino.Mocks.Tests.pdb</Name>
                </PackageFile>
                <PackageFile>
                  <Name>Rhino.Mocks.XML</Name>
                </PackageFile>
                <PackageFile>
                  <Name>Scripting.dll</Name>
                </PackageFile>
                <PackageFile>
                  <Name>xunit.console.exe</Name>
                </PackageFile>
                <PackageFile>
                  <Name>xunit.console.exe.config</Name>
                </PackageFile>
                <PackageFile>
                  <Name>xunit.dll</Name>
                </PackageFile>
                <PackageFile>
                  <Name>xunit.extensions.dll</Name>
                </PackageFile>
                <PackageFile>
                  <Name>xunit.extensions.xml</Name>
                </PackageFile>
                <PackageFile>
                  <Name>xunit.gui.exe</Name>
                </PackageFile>
                <PackageFile>
                  <Name>xunit.installer.exe</Name>
                </PackageFile>
                <PackageFile>
                  <Name>XUnit.NAntTasks.dll</Name>
                </PackageFile>
                <PackageFile>
                  <Name>xunit.runner.msbuild.dll</Name>
                </PackageFile>
                <PackageFile>
                  <Name>xunit.runner.resharper.dll</Name>
                </PackageFile>
                <PackageFile>
                  <Name>xunit.runner.tdnet.dll</Name>
                </PackageFile>
                <PackageFile>
                  <Name>xunit.runner.utility.dll</Name>
                </PackageFile>
                <PackageFile>
                  <Name>xunit.runner.utility.xml</Name>
                </PackageFile>
                <PackageFile>
                  <Name>xunit.xml</Name>
                </PackageFile>
              </Contents>
              <IsError>false</IsError>
              <ErrorMessage i:nil="true" />
            </Package>
          </Packages>
          <Url>mocks/rhino.mocks/</Url>
        </Category>
      </Categories>
      <Packages />
      <Url>mocks/</Url>
    </Category>
    <Category>
      <Name>orm</Name>
      <Categories>
        <Category>
          <Name>fluentnhibernate</Name>
          <Categories />
          <Packages>
            <Package>
              <Name>fluentnhibernate</Name>
              <MetaData>
                <MetaData>
                  <Name>category</Name>
                  <Value>ORM</Value>
                </MetaData>
                <MetaData>
                  <Name>description</Name>
                  <Value>Fluent, XML-less, compile safe, automated, testable mappings for NHibernate </Value>
                </MetaData>
                <MetaData>
                  <Name>forum</Name>
                  <Value>http://groups.google.com/group/fluent-nhibernate</Value>
                </MetaData>
                <MetaData>
                  <Name>homepage</Name>
                  <Value>http://fluentnhibernate.org/</Value>
                </MetaData>
                <MetaData>
                  <Name>name</Name>
                  <Value>Fluent NHibernate</Value>
                </MetaData>
                <MetaData>
                  <Name>notes</Name>
                  <Value />
                </MetaData>
              </MetaData>
              <Version>0.1</Version>
              <Url>orm/fluentnhibernate/fluentnhibernate-0.1</Url>
              <ZipFileName>
                <Name>fluentnhibernate-0.1.zip</Name>
              </ZipFileName>
              <Contents>
                <PackageFile>
                  <Name>ABC.hbm.xml</Name>
                </PackageFile>
                <PackageFile>
                  <Name>antlr.runtime.dll</Name>
                </PackageFile>
                <PackageFile>
                  <Name>Antlr3.Runtime.dll</Name>
                </PackageFile>
                <PackageFile>
                  <Name>Bamboo.Prevalence.dll</Name>
                </PackageFile>
                <PackageFile>
                  <Name>Bamboo.Prevalence.Util.dll</Name>
                </PackageFile>
                <PackageFile>
                  <Name>Castle.Core.dll</Name>
                </PackageFile>
                <PackageFile>
                  <Name>Castle.Core.pdb</Name>
                </PackageFile>
                <PackageFile>
                  <Name>Castle.Core.xml</Name>
                </PackageFile>
                <PackageFile>
                  <Name>Castle.DynamicProxy.license.txt</Name>
                </PackageFile>
                <PackageFile>
                  <Name>Castle.DynamicProxy2.dll</Name>
                </PackageFile>
                <PackageFile>
                  <Name>Castle.DynamicProxy2.pdb</Name>
                </PackageFile>
                <PackageFile>
                  <Name>Castle.DynamicProxy2.xml</Name>
                </PackageFile>
                <PackageFile>
                  <Name>Common.Logging.dll</Name>
                </PackageFile>
                <PackageFile>
                  <Name>Examples.FirstProject.exe</Name>
                </PackageFile>
                <PackageFile>
                  <Name>Examples.FirstProject.pdb</Name>
                </PackageFile>
                <PackageFile>
                  <Name>FluentNHibernate.dll</Name>
                </PackageFile>
                <PackageFile>
                  <Name>FluentNHibernate.pdb</Name>
                </PackageFile>
                <PackageFile>
                  <Name>FluentNHibernate.Testing.dll</Name>
                </PackageFile>
                <PackageFile>
                  <Name>FluentNHibernate.Testing.dll.config</Name>
                </PackageFile>
                <PackageFile>
                  <Name>FluentNHibernate.Testing.pdb</Name>
                </PackageFile>
                <PackageFile>
                  <Name>Iesi.Collections.dll</Name>
                </PackageFile>
                <PackageFile>
                  <Name>Iesi.Collections.license.txt</Name>
                </PackageFile>
                <PackageFile>
                  <Name>Iesi.Collections.pdb</Name>
                </PackageFile>
                <PackageFile>
                  <Name>Iesi.Collections.Test.dll</Name>
                </PackageFile>
                <PackageFile>
                  <Name>Iesi.Collections.Test.pdb</Name>
                </PackageFile>
                <PackageFile>
                  <Name>Iesi.Collections.xml</Name>
                </PackageFile>
                <PackageFile>
                  <Name>LinFu.DynamicProxy.dll</Name>
                </PackageFile>
                <PackageFile>
                  <Name>LinFu.License.txt</Name>
                </PackageFile>
                <PackageFile>
                  <Name>log4net.dll</Name>
                </PackageFile>
                <PackageFile>
                  <Name>log4net.license.txt</Name>
                </PackageFile>
                <PackageFile>
                  <Name>log4net.xml</Name>
                </PackageFile>
                <PackageFile>
                  <Name>Memcached.ClientLibrary.dll</Name>
                </PackageFile>
                <PackageFile>
                  <Name>NHibernate.ByteCode.Castle.dll</Name>
                </PackageFile>
                <PackageFile>
                  <Name>NHibernate.ByteCode.Castle.pdb</Name>
                </PackageFile>
                <PackageFile>
                  <Name>NHibernate.ByteCode.Castle.Tests.dll</Name>
                </PackageFile>
                <PackageFile>
                  <Name>NHibernate.ByteCode.Castle.Tests.dll.config</Name>
                </PackageFile>
                <PackageFile>
                  <Name>NHibernate.ByteCode.Castle.Tests.pdb</Name>
                </PackageFile>
                <PackageFile>
                  <Name>NHibernate.ByteCode.Castle.xml</Name>
                </PackageFile>
                <PackageFile>
                  <Name>NHibernate.ByteCode.LinFu.dll</Name>
                </PackageFile>
                <PackageFile>
                  <Name>NHibernate.ByteCode.LinFu.pdb</Name>
                </PackageFile>
                <PackageFile>
                  <Name>NHibernate.ByteCode.LinFu.Tests.dll</Name>
                </PackageFile>
                <PackageFile>
                  <Name>NHibernate.ByteCode.LinFu.Tests.dll.config</Name>
                </PackageFile>
                <PackageFile>
                  <Name>NHibernate.ByteCode.LinFu.Tests.pdb</Name>
                </PackageFile>
                <PackageFile>
                  <Name>NHibernate.ByteCode.LinFu.xml</Name>
                </PackageFile>
                <PackageFile>
                  <Name>NHibernate.ByteCode.Spring.dll</Name>
                </PackageFile>
                <PackageFile>
                  <Name>NHibernate.ByteCode.Spring.pdb</Name>
                </PackageFile>
                <PackageFile>
                  <Name>NHibernate.ByteCode.Spring.Tests.dll</Name>
                </PackageFile>
                <PackageFile>
                  <Name>NHibernate.ByteCode.Spring.Tests.dll.config</Name>
                </PackageFile>
                <PackageFile>
                  <Name>NHibernate.ByteCode.Spring.Tests.pdb</Name>
                </PackageFile>
                <PackageFile>
                  <Name>NHibernate.ByteCode.Spring.xml</Name>
                </PackageFile>
                <PackageFile>
                  <Name>NHibernate.Caches.MemCache.dll</Name>
                </PackageFile>
                <PackageFile>
                  <Name>NHibernate.Caches.MemCache.Tests.dll</Name>
                </PackageFile>
                <PackageFile>
                  <Name>NHibernate.Caches.MemCache.Tests.dll.config</Name>
                </PackageFile>
                <PackageFile>
                  <Name>NHibernate.Caches.Prevalence.dll</Name>
                </PackageFile>
                <PackageFile>
                  <Name>NHibernate.Caches.Prevalence.Tests.dll</Name>
                </PackageFile>
                <PackageFile>
                  <Name>NHibernate.Caches.Prevalence.Tests.dll.config</Name>
                </PackageFile>
                <PackageFile>
                  <Name>NHibernate.Caches.SharedCache.dll</Name>
                </PackageFile>
                <PackageFile>
                  <Name>NHibernate.Caches.SharedCache.Tests.dll</Name>
                </PackageFile>
                <PackageFile>
                  <Name>NHibernate.Caches.SharedCache.Tests.dll.config</Name>
                </PackageFile>
                <PackageFile>
                  <Name>NHibernate.Caches.SysCache.dll</Name>
                </PackageFile>
                <PackageFile>
                  <Name>NHibernate.Caches.SysCache.Tests.dll</Name>
                </PackageFile>
                <PackageFile>
                  <Name>NHibernate.Caches.SysCache2.dll</Name>
                </PackageFile>
                <PackageFile>
                  <Name>NHibernate.dll</Name>
                </PackageFile>
                <PackageFile>
                  <Name>NHibernate.DomainModel.dll</Name>
                </PackageFile>
                <PackageFile>
                  <Name>NHibernate.DomainModel.pdb</Name>
                </PackageFile>
                <PackageFile>
                  <Name>NHibernate.DomainModel.xml</Name>
                </PackageFile>
                <PackageFile>
                  <Name>NHibernate.pdb</Name>
                </PackageFile>
                <PackageFile>
                  <Name>NHibernate.Test.dll</Name>
                </PackageFile>
                <PackageFile>
                  <Name>NHibernate.Test.dll.config</Name>
                </PackageFile>
                <PackageFile>
                  <Name>NHibernate.Test.pdb</Name>
                </PackageFile>
                <PackageFile>
                  <Name>NHibernate.Tool.HbmXsd.exe</Name>
                </PackageFile>
                <PackageFile>
                  <Name>NHibernate.Tool.HbmXsd.pdb</Name>
                </PackageFile>
                <PackageFile>
                  <Name>NHibernate.xml</Name>
                </PackageFile>
                <PackageFile>
                  <Name>nhibernate-mapping.xsd</Name>
                </PackageFile>
                <PackageFile>
                  <Name>nunit.core.dll</Name>
                </PackageFile>
                <PackageFile>
                  <Name>nunit.framework.dll</Name>
                </PackageFile>
                <PackageFile>
                  <Name>nunit.framework.license.txt</Name>
                </PackageFile>
                <PackageFile>
                  <Name>NVelocity.dll</Name>
                </PackageFile>
                <PackageFile>
                  <Name>NVelocity.pdb</Name>
                </PackageFile>
                <PackageFile>
                  <Name>NVelocity.xml</Name>
                </PackageFile>
                <PackageFile>
                  <Name>Rhino.Mocks.dll</Name>
                </PackageFile>
                <PackageFile>
                  <Name>Rhino.Mocks.xml</Name>
                </PackageFile>
                <PackageFile>
                  <Name>Spring.Aop.dll</Name>
                </PackageFile>
                <PackageFile>
                  <Name>Spring.Aop.xml</Name>
                </PackageFile>
                <PackageFile>
                  <Name>Spring.Core.dll</Name>
                </PackageFile>
                <PackageFile>
                  <Name>Spring.Core.xml</Name>
                </PackageFile>
                <PackageFile>
                  <Name>TestEnbeddedConfig.cfg.xml</Name>
                </PackageFile>
              </Contents>
              <IsError>false</IsError>
              <ErrorMessage i:nil="true" />
            </Package>
            <Package>
              <Name>fluentnhibernate</Name>
              <MetaData>
                <MetaData>
                  <Name>category</Name>
                  <Value>ORM</Value>
                </MetaData>
                <MetaData>
                  <Name>description</Name>
                  <Value>Fluent, XML-less, compile safe, automated, testable mappings for NHibernate </Value>
                </MetaData>
                <MetaData>
                  <Name>forum</Name>
                  <Value>http://groups.google.com/group/fluent-nhibernate</Value>
                </MetaData>
                <MetaData>
                  <Name>homepage</Name>
                  <Value>http://fluentnhibernate.org/</Value>
                </MetaData>
                <MetaData>
                  <Name>name</Name>
                  <Value>Fluent NHibernate</Value>
                </MetaData>
                <MetaData>
                  <Name>notes</Name>
                  <Value />
                </MetaData>
              </MetaData>
              <Version>trunk</Version>
              <Url>orm/fluentnhibernate/fluentnhibernate-trunk</Url>
              <ZipFileName>
                <Name>fluentnhibernate-trunk.zip</Name>
              </ZipFileName>
              <Contents>
                <PackageFile>
                  <Name>ABC.hbm.xml</Name>
                </PackageFile>
                <PackageFile>
                  <Name>antlr.runtime.dll</Name>
                </PackageFile>
                <PackageFile>
                  <Name>Antlr3.Runtime.dll</Name>
                </PackageFile>
                <PackageFile>
                  <Name>Bamboo.Prevalence.dll</Name>
                </PackageFile>
                <PackageFile>
                  <Name>Bamboo.Prevalence.Util.dll</Name>
                </PackageFile>
                <PackageFile>
                  <Name>Castle.Core.dll</Name>
                </PackageFile>
                <PackageFile>
                  <Name>Castle.Core.pdb</Name>
                </PackageFile>
                <PackageFile>
                  <Name>Castle.Core.xml</Name>
                </PackageFile>
                <PackageFile>
                  <Name>Castle.DynamicProxy.license.txt</Name>
                </PackageFile>
                <PackageFile>
                  <Name>Castle.DynamicProxy2.dll</Name>
                </PackageFile>
                <PackageFile>
                  <Name>Castle.DynamicProxy2.pdb</Name>
                </PackageFile>
                <PackageFile>
                  <Name>Castle.DynamicProxy2.xml</Name>
                </PackageFile>
                <PackageFile>
                  <Name>Common.Logging.dll</Name>
                </PackageFile>
                <PackageFile>
                  <Name>Examples.FirstProject.exe</Name>
                </PackageFile>
                <PackageFile>
                  <Name>Examples.FirstProject.pdb</Name>
                </PackageFile>
                <PackageFile>
                  <Name>FluentNHibernate.dll</Name>
                </PackageFile>
                <PackageFile>
                  <Name>FluentNHibernate.pdb</Name>
                </PackageFile>
                <PackageFile>
                  <Name>FluentNHibernate.Testing.dll</Name>
                </PackageFile>
                <PackageFile>
                  <Name>FluentNHibernate.Testing.dll.config</Name>
                </PackageFile>
                <PackageFile>
                  <Name>FluentNHibernate.Testing.pdb</Name>
                </PackageFile>
                <PackageFile>
                  <Name>Iesi.Collections.dll</Name>
                </PackageFile>
                <PackageFile>
                  <Name>Iesi.Collections.license.txt</Name>
                </PackageFile>
                <PackageFile>
                  <Name>Iesi.Collections.pdb</Name>
                </PackageFile>
                <PackageFile>
                  <Name>Iesi.Collections.Test.dll</Name>
                </PackageFile>
                <PackageFile>
                  <Name>Iesi.Collections.Test.pdb</Name>
                </PackageFile>
                <PackageFile>
                  <Name>Iesi.Collections.xml</Name>
                </PackageFile>
                <PackageFile>
                  <Name>LinFu.DynamicProxy.dll</Name>
                </PackageFile>
                <PackageFile>
                  <Name>LinFu.License.txt</Name>
                </PackageFile>
                <PackageFile>
                  <Name>log4net.dll</Name>
                </PackageFile>
                <PackageFile>
                  <Name>log4net.license.txt</Name>
                </PackageFile>
                <PackageFile>
                  <Name>log4net.xml</Name>
                </PackageFile>
                <PackageFile>
                  <Name>Memcached.ClientLibrary.dll</Name>
                </PackageFile>
                <PackageFile>
                  <Name>NHibernate.ByteCode.Castle.dll</Name>
                </PackageFile>
                <PackageFile>
                  <Name>NHibernate.ByteCode.Castle.pdb</Name>
                </PackageFile>
                <PackageFile>
                  <Name>NHibernate.ByteCode.Castle.Tests.dll</Name>
                </PackageFile>
                <PackageFile>
                  <Name>NHibernate.ByteCode.Castle.Tests.dll.config</Name>
                </PackageFile>
                <PackageFile>
                  <Name>NHibernate.ByteCode.Castle.Tests.pdb</Name>
                </PackageFile>
                <PackageFile>
                  <Name>NHibernate.ByteCode.Castle.xml</Name>
                </PackageFile>
                <PackageFile>
                  <Name>NHibernate.ByteCode.LinFu.dll</Name>
                </PackageFile>
                <PackageFile>
                  <Name>NHibernate.ByteCode.LinFu.pdb</Name>
                </PackageFile>
                <PackageFile>
                  <Name>NHibernate.ByteCode.LinFu.Tests.dll</Name>
                </PackageFile>
                <PackageFile>
                  <Name>NHibernate.ByteCode.LinFu.Tests.dll.config</Name>
                </PackageFile>
                <PackageFile>
                  <Name>NHibernate.ByteCode.LinFu.Tests.pdb</Name>
                </PackageFile>
                <PackageFile>
                  <Name>NHibernate.ByteCode.LinFu.xml</Name>
                </PackageFile>
                <PackageFile>
                  <Name>NHibernate.ByteCode.Spring.dll</Name>
                </PackageFile>
                <PackageFile>
                  <Name>NHibernate.ByteCode.Spring.pdb</Name>
                </PackageFile>
                <PackageFile>
                  <Name>NHibernate.ByteCode.Spring.Tests.dll</Name>
                </PackageFile>
                <PackageFile>
                  <Name>NHibernate.ByteCode.Spring.Tests.dll.config</Name>
                </PackageFile>
                <PackageFile>
                  <Name>NHibernate.ByteCode.Spring.Tests.pdb</Name>
                </PackageFile>
                <PackageFile>
                  <Name>NHibernate.ByteCode.Spring.xml</Name>
                </PackageFile>
                <PackageFile>
                  <Name>NHibernate.Caches.MemCache.dll</Name>
                </PackageFile>
                <PackageFile>
                  <Name>NHibernate.Caches.MemCache.Tests.dll</Name>
                </PackageFile>
                <PackageFile>
                  <Name>NHibernate.Caches.MemCache.Tests.dll.config</Name>
                </PackageFile>
                <PackageFile>
                  <Name>NHibernate.Caches.Prevalence.dll</Name>
                </PackageFile>
                <PackageFile>
                  <Name>NHibernate.Caches.Prevalence.Tests.dll</Name>
                </PackageFile>
                <PackageFile>
                  <Name>NHibernate.Caches.Prevalence.Tests.dll.config</Name>
                </PackageFile>
                <PackageFile>
                  <Name>NHibernate.Caches.SharedCache.dll</Name>
                </PackageFile>
                <PackageFile>
                  <Name>NHibernate.Caches.SharedCache.Tests.dll</Name>
                </PackageFile>
                <PackageFile>
                  <Name>NHibernate.Caches.SharedCache.Tests.dll.config</Name>
                </PackageFile>
                <PackageFile>
                  <Name>NHibernate.Caches.SysCache.dll</Name>
                </PackageFile>
                <PackageFile>
                  <Name>NHibernate.Caches.SysCache.Tests.dll</Name>
                </PackageFile>
                <PackageFile>
                  <Name>NHibernate.Caches.SysCache2.dll</Name>
                </PackageFile>
                <PackageFile>
                  <Name>NHibernate.dll</Name>
                </PackageFile>
                <PackageFile>
                  <Name>NHibernate.DomainModel.dll</Name>
                </PackageFile>
                <PackageFile>
                  <Name>NHibernate.DomainModel.pdb</Name>
                </PackageFile>
                <PackageFile>
                  <Name>NHibernate.DomainModel.xml</Name>
                </PackageFile>
                <PackageFile>
                  <Name>NHibernate.pdb</Name>
                </PackageFile>
                <PackageFile>
                  <Name>NHibernate.Test.dll</Name>
                </PackageFile>
                <PackageFile>
                  <Name>NHibernate.Test.dll.config</Name>
                </PackageFile>
                <PackageFile>
                  <Name>NHibernate.Test.pdb</Name>
                </PackageFile>
                <PackageFile>
                  <Name>NHibernate.Tool.HbmXsd.exe</Name>
                </PackageFile>
                <PackageFile>
                  <Name>NHibernate.Tool.HbmXsd.pdb</Name>
                </PackageFile>
                <PackageFile>
                  <Name>NHibernate.xml</Name>
                </PackageFile>
                <PackageFile>
                  <Name>nhibernate-mapping.xsd</Name>
                </PackageFile>
                <PackageFile>
                  <Name>nunit.core.dll</Name>
                </PackageFile>
                <PackageFile>
                  <Name>nunit.framework.dll</Name>
                </PackageFile>
                <PackageFile>
                  <Name>nunit.framework.license.txt</Name>
                </PackageFile>
                <PackageFile>
                  <Name>NVelocity.dll</Name>
                </PackageFile>
                <PackageFile>
                  <Name>NVelocity.pdb</Name>
                </PackageFile>
                <PackageFile>
                  <Name>NVelocity.xml</Name>
                </PackageFile>
                <PackageFile>
                  <Name>Rhino.Mocks.dll</Name>
                </PackageFile>
                <PackageFile>
                  <Name>Rhino.Mocks.xml</Name>
                </PackageFile>
                <PackageFile>
                  <Name>Spring.Aop.dll</Name>
                </PackageFile>
                <PackageFile>
                  <Name>Spring.Aop.xml</Name>
                </PackageFile>
                <PackageFile>
                  <Name>Spring.Core.dll</Name>
                </PackageFile>
                <PackageFile>
                  <Name>Spring.Core.xml</Name>
                </PackageFile>
                <PackageFile>
                  <Name>TestEnbeddedConfig.cfg.xml</Name>
                </PackageFile>
              </Contents>
              <IsError>false</IsError>
              <ErrorMessage i:nil="true" />
            </Package>
          </Packages>
          <Url>orm/fluentnhibernate/</Url>
        </Category>
        <Category>
          <Name>nhcontrib</Name>
          <Categories>
            <Category>
              <Name>nhibernate.burrow</Name>
              <Categories />
              <Packages>
                <Package>
                  <Name>nhibernate.burrow</Name>
                  <MetaData>
                    <MetaData>
                      <Name>category</Name>
                      <Value>ORM</Value>
                    </MetaData>
                    <MetaData>
                      <Name>description</Name>
                      <Value>NHibernate.Burrow is a light weight middleware developed to support .Net applications using NHibernate</Value>
                    </MetaData>
                    <MetaData>
                      <Name>forum</Name>
                      <Value>http://groups.google.co.uk/group/nhusers?hl=en</Value>
                    </MetaData>
                    <MetaData>
                      <Name>homepage</Name>
                      <Value>http://www.ohloh.net/p/NHibernateContrib</Value>
                    </MetaData>
                    <MetaData>
                      <Name>name</Name>
                      <Value>NHibernate Burrrow</Value>
                    </MetaData>
                    <MetaData>
                      <Name>notes</Name>
                      <Value />
                    </MetaData>
                  </MetaData>
                  <Version>2.1</Version>
                  <Url>orm/nhcontrib/nhibernate.burrow/nhibernate.burrow-2.1</Url>
                  <ZipFileName>
                    <Name>nhibernate.burrow-2.1.zip</Name>
                  </ZipFileName>
                  <Contents>
                    <PackageFile>
                      <Name>ABC.hbm.xml</Name>
                    </PackageFile>
                    <PackageFile>
                      <Name>antlr.runtime.dll</Name>
                    </PackageFile>
                    <PackageFile>
                      <Name>Antlr3.Runtime.dll</Name>
                    </PackageFile>
                    <PackageFile>
                      <Name>BurrowTest.cfg.xml</Name>
                    </PackageFile>
                    <PackageFile>
                      <Name>Castle.Core.dll</Name>
                    </PackageFile>
                    <PackageFile>
                      <Name>Castle.Core.pdb</Name>
                    </PackageFile>
                    <PackageFile>
                      <Name>Castle.Core.xml</Name>
                    </PackageFile>
                    <PackageFile>
                      <Name>Castle.DynamicProxy.license.txt</Name>
                    </PackageFile>
                    <PackageFile>
                      <Name>Castle.DynamicProxy2.dll</Name>
                    </PackageFile>
                    <PackageFile>
                      <Name>Castle.DynamicProxy2.pdb</Name>
                    </PackageFile>
                    <PackageFile>
                      <Name>Castle.DynamicProxy2.xml</Name>
                    </PackageFile>
                    <PackageFile>
                      <Name>Common.Logging.dll</Name>
                    </PackageFile>
                    <PackageFile>
                      <Name>hibernate.cfg.xml</Name>
                    </PackageFile>
                    <PackageFile>
                      <Name>Iesi.Collections.dll</Name>
                    </PackageFile>
                    <PackageFile>
                      <Name>Iesi.Collections.license.txt</Name>
                    </PackageFile>
                    <PackageFile>
                      <Name>Iesi.Collections.pdb</Name>
                    </PackageFile>
                    <PackageFile>
                      <Name>Iesi.Collections.Test.dll</Name>
                    </PackageFile>
                    <PackageFile>
                      <Name>Iesi.Collections.Test.pdb</Name>
                    </PackageFile>
                    <PackageFile>
                      <Name>Iesi.Collections.xml</Name>
                    </PackageFile>
                    <PackageFile>
                      <Name>Interop.SHDocVw.dll</Name>
                    </PackageFile>
                    <PackageFile>
                      <Name>LinFu.DynamicProxy.dll</Name>
                    </PackageFile>
                    <PackageFile>
                      <Name>LinFu.License.txt</Name>
                    </PackageFile>
                    <PackageFile>
                      <Name>log4net.dll</Name>
                    </PackageFile>
                    <PackageFile>
                      <Name>log4net.license.txt</Name>
                    </PackageFile>
                    <PackageFile>
                      <Name>log4net.pdb</Name>
                    </PackageFile>
                    <PackageFile>
                      <Name>log4net.xml</Name>
                    </PackageFile>
                    <PackageFile>
                      <Name>NHibernate.Burrow.AppBlock.dll</Name>
                    </PackageFile>
                    <PackageFile>
                      <Name>NHibernate.Burrow.AppBlock.pdb</Name>
                    </PackageFile>
                    <PackageFile>
                      <Name>NHibernate.Burrow.AppBlock.Test.dll</Name>
                    </PackageFile>
                    <PackageFile>
                      <Name>NHibernate.Burrow.AppBlock.Test.dll.config</Name>
                    </PackageFile>
                    <PackageFile>
                      <Name>NHibernate.Burrow.AppBlock.Test.pdb</Name>
                    </PackageFile>
                    <PackageFile>
                      <Name>NHibernate.Burrow.AppBlock.xml</Name>
                    </PackageFile>
                    <PackageFile>
                      <Name>NHibernate.Burrow.dll</Name>
                    </PackageFile>
                    <PackageFile>
                      <Name>NHibernate.Burrow.pdb</Name>
                    </PackageFile>
                    <PackageFile>
                      <Name>NHibernate.Burrow.Test.dll</Name>
                    </PackageFile>
                    <PackageFile>
                      <Name>NHibernate.Burrow.Test.dll.config</Name>
                    </PackageFile>
                    <PackageFile>
                      <Name>NHibernate.Burrow.Test.pdb</Name>
                    </PackageFile>
                    <PackageFile>
                      <Name>NHibernate.Burrow.TestUtil.dll</Name>
                    </PackageFile>
                    <PackageFile>
                      <Name>NHibernate.Burrow.TestUtil.pdb</Name>
                    </PackageFile>
                    <PackageFile>
                      <Name>NHibernate.Burrow.TestUtil.xml</Name>
                    </PackageFile>
                    <PackageFile>
                      <Name>NHibernate.Burrow.WebUtil.dll</Name>
                    </PackageFile>
                    <PackageFile>
                      <Name>NHibernate.Burrow.WebUtil.pdb</Name>
                    </PackageFile>
                    <PackageFile>
                      <Name>NHibernate.Burrow.WebUtil.xml</Name>
                    </PackageFile>
                    <PackageFile>
                      <Name>NHibernate.Burrow.xml</Name>
                    </PackageFile>
                    <PackageFile>
                      <Name>NHibernate.ByteCode.Castle.dll</Name>
                    </PackageFile>
                    <PackageFile>
                      <Name>NHibernate.ByteCode.Castle.pdb</Name>
                    </PackageFile>
                    <PackageFile>
                      <Name>NHibernate.ByteCode.Castle.Tests.dll</Name>
                    </PackageFile>
                    <PackageFile>
                      <Name>NHibernate.ByteCode.Castle.Tests.dll.config</Name>
                    </PackageFile>
                    <PackageFile>
                      <Name>NHibernate.ByteCode.Castle.Tests.pdb</Name>
                    </PackageFile>
                    <PackageFile>
                      <Name>NHibernate.ByteCode.Castle.xml</Name>
                    </PackageFile>
                    <PackageFile>
                      <Name>NHibernate.ByteCode.LinFu.dll</Name>
                    </PackageFile>
                    <PackageFile>
                      <Name>NHibernate.ByteCode.LinFu.pdb</Name>
                    </PackageFile>
                    <PackageFile>
                      <Name>NHibernate.ByteCode.LinFu.Tests.dll</Name>
                    </PackageFile>
                    <PackageFile>
                      <Name>NHibernate.ByteCode.LinFu.Tests.dll.config</Name>
                    </PackageFile>
                    <PackageFile>
                      <Name>NHibernate.ByteCode.LinFu.Tests.pdb</Name>
                    </PackageFile>
                    <PackageFile>
                      <Name>NHibernate.ByteCode.LinFu.xml</Name>
                    </PackageFile>
                    <PackageFile>
                      <Name>NHibernate.ByteCode.Spring.dll</Name>
                    </PackageFile>
                    <PackageFile>
                      <Name>NHibernate.ByteCode.Spring.pdb</Name>
                    </PackageFile>
                    <PackageFile>
                      <Name>NHibernate.ByteCode.Spring.Tests.dll</Name>
                    </PackageFile>
                    <PackageFile>
                      <Name>NHibernate.ByteCode.Spring.Tests.dll.config</Name>
                    </PackageFile>
                    <PackageFile>
                      <Name>NHibernate.ByteCode.Spring.Tests.pdb</Name>
                    </PackageFile>
                    <PackageFile>
                      <Name>NHibernate.ByteCode.Spring.xml</Name>
                    </PackageFile>
                    <PackageFile>
                      <Name>NHibernate.dll</Name>
                    </PackageFile>
                    <PackageFile>
                      <Name>NHibernate.DomainModel.dll</Name>
                    </PackageFile>
                    <PackageFile>
                      <Name>NHibernate.DomainModel.pdb</Name>
                    </PackageFile>
                    <PackageFile>
                      <Name>NHibernate.DomainModel.xml</Name>
                    </PackageFile>
                    <PackageFile>
                      <Name>NHibernate.license.txt</Name>
                    </PackageFile>
                    <PackageFile>
                      <Name>NHibernate.pdb</Name>
                    </PackageFile>
                    <PackageFile>
                      <Name>NHibernate.Test.dll</Name>
                    </PackageFile>
                    <PackageFile>
                      <Name>NHibernate.Test.dll.config</Name>
                    </PackageFile>
                    <PackageFile>
                      <Name>NHibernate.Test.pdb</Name>
                    </PackageFile>
                    <PackageFile>
                      <Name>NHibernate.Tool.HbmXsd.exe</Name>
                    </PackageFile>
                    <PackageFile>
                      <Name>NHibernate.Tool.HbmXsd.pdb</Name>
                    </PackageFile>
                    <PackageFile>
                      <Name>NHibernate.xml</Name>
                    </PackageFile>
                    <PackageFile>
                      <Name>nunit.core.dll</Name>
                    </PackageFile>
                    <PackageFile>
                      <Name>nunit.framework.dll</Name>
                    </PackageFile>
                    <PackageFile>
                      <Name>nunit.framework.extensions.dll</Name>
                    </PackageFile>
                    <PackageFile>
                      <Name>nunit.framework.license.txt</Name>
                    </PackageFile>
                    <PackageFile>
                      <Name>NVelocity.dll</Name>
                    </PackageFile>
                    <PackageFile>
                      <Name>NVelocity.pdb</Name>
                    </PackageFile>
                    <PackageFile>
                      <Name>NVelocity.xml</Name>
                    </PackageFile>
                    <PackageFile>
                      <Name>Spring.Aop.dll</Name>
                    </PackageFile>
                    <PackageFile>
                      <Name>Spring.Aop.xml</Name>
                    </PackageFile>
                    <PackageFile>
                      <Name>Spring.Core.dll</Name>
                    </PackageFile>
                    <PackageFile>
                      <Name>Spring.Core.xml</Name>
                    </PackageFile>
                    <PackageFile>
                      <Name>System.Web.Extensions.dll</Name>
                    </PackageFile>
                    <PackageFile>
                      <Name>TestEnbeddedConfig.cfg.xml</Name>
                    </PackageFile>
                    <PackageFile>
                      <Name>WatiN.Core.dll</Name>
                    </PackageFile>
                    <PackageFile>
                      <Name>wwDataBinder.dll</Name>
                    </PackageFile>
                  </Contents>
                  <IsError>false</IsError>
                  <ErrorMessage i:nil="true" />
                </Package>
                <Package>
                  <Name>nhibernate.burrow</Name>
                  <MetaData>
                    <MetaData>
                      <Name>category</Name>
                      <Value>ORM</Value>
                    </MetaData>
                    <MetaData>
                      <Name>description</Name>
                      <Value>NHibernate.Burrow is a light weight middleware developed to support .Net applications using NHibernate</Value>
                    </MetaData>
                    <MetaData>
                      <Name>forum</Name>
                      <Value>http://groups.google.co.uk/group/nhusers?hl=en</Value>
                    </MetaData>
                    <MetaData>
                      <Name>homepage</Name>
                      <Value>http://www.ohloh.net/p/NHibernateContrib</Value>
                    </MetaData>
                    <MetaData>
                      <Name>name</Name>
                      <Value>NHibernate Burrrow</Value>
                    </MetaData>
                    <MetaData>
                      <Name>notes</Name>
                      <Value />
                    </MetaData>
                  </MetaData>
                  <Version>trunk</Version>
                  <Url>orm/nhcontrib/nhibernate.burrow/nhibernate.burrow-trunk</Url>
                  <ZipFileName>
                    <Name>nhibernate.burrow-trunk.zip</Name>
                  </ZipFileName>
                  <Contents>
                    <PackageFile>
                      <Name>ABC.hbm.xml</Name>
                    </PackageFile>
                    <PackageFile>
                      <Name>antlr.runtime.dll</Name>
                    </PackageFile>
                    <PackageFile>
                      <Name>Antlr3.Runtime.dll</Name>
                    </PackageFile>
                    <PackageFile>
                      <Name>BurrowTest.cfg.xml</Name>
                    </PackageFile>
                    <PackageFile>
                      <Name>Castle.Core.dll</Name>
                    </PackageFile>
                    <PackageFile>
                      <Name>Castle.Core.pdb</Name>
                    </PackageFile>
                    <PackageFile>
                      <Name>Castle.Core.xml</Name>
                    </PackageFile>
                    <PackageFile>
                      <Name>Castle.DynamicProxy.license.txt</Name>
                    </PackageFile>
                    <PackageFile>
                      <Name>Castle.DynamicProxy2.dll</Name>
                    </PackageFile>
                    <PackageFile>
                      <Name>Castle.DynamicProxy2.pdb</Name>
                    </PackageFile>
                    <PackageFile>
                      <Name>Castle.DynamicProxy2.xml</Name>
                    </PackageFile>
                    <PackageFile>
                      <Name>Common.Logging.dll</Name>
                    </PackageFile>
                    <PackageFile>
                      <Name>hibernate.cfg.xml</Name>
                    </PackageFile>
                    <PackageFile>
                      <Name>Iesi.Collections.dll</Name>
                    </PackageFile>
                    <PackageFile>
                      <Name>Iesi.Collections.license.txt</Name>
                    </PackageFile>
                    <PackageFile>
                      <Name>Iesi.Collections.pdb</Name>
                    </PackageFile>
                    <PackageFile>
                      <Name>Iesi.Collections.Test.dll</Name>
                    </PackageFile>
                    <PackageFile>
                      <Name>Iesi.Collections.Test.pdb</Name>
                    </PackageFile>
                    <PackageFile>
                      <Name>Iesi.Collections.xml</Name>
                    </PackageFile>
                    <PackageFile>
                      <Name>Interop.SHDocVw.dll</Name>
                    </PackageFile>
                    <PackageFile>
                      <Name>LinFu.DynamicProxy.dll</Name>
                    </PackageFile>
                    <PackageFile>
                      <Name>LinFu.License.txt</Name>
                    </PackageFile>
                    <PackageFile>
                      <Name>log4net.dll</Name>
                    </PackageFile>
                    <PackageFile>
                      <Name>log4net.license.txt</Name>
                    </PackageFile>
                    <PackageFile>
                      <Name>log4net.pdb</Name>
                    </PackageFile>
                    <PackageFile>
                      <Name>log4net.xml</Name>
                    </PackageFile>
                    <PackageFile>
                      <Name>NHibernate.Burrow.AppBlock.dll</Name>
                    </PackageFile>
                    <PackageFile>
                      <Name>NHibernate.Burrow.AppBlock.pdb</Name>
                    </PackageFile>
                    <PackageFile>
                      <Name>NHibernate.Burrow.AppBlock.Test.dll</Name>
                    </PackageFile>
                    <PackageFile>
                      <Name>NHibernate.Burrow.AppBlock.Test.dll.config</Name>
                    </PackageFile>
                    <PackageFile>
                      <Name>NHibernate.Burrow.AppBlock.Test.pdb</Name>
                    </PackageFile>
                    <PackageFile>
                      <Name>NHibernate.Burrow.AppBlock.xml</Name>
                    </PackageFile>
                    <PackageFile>
                      <Name>NHibernate.Burrow.dll</Name>
                    </PackageFile>
                    <PackageFile>
                      <Name>NHibernate.Burrow.pdb</Name>
                    </PackageFile>
                    <PackageFile>
                      <Name>NHibernate.Burrow.Test.dll</Name>
                    </PackageFile>
                    <PackageFile>
                      <Name>NHibernate.Burrow.Test.dll.config</Name>
                    </PackageFile>
                    <PackageFile>
                      <Name>NHibernate.Burrow.Test.pdb</Name>
                    </PackageFile>
                    <PackageFile>
                      <Name>NHibernate.Burrow.TestUtil.dll</Name>
                    </PackageFile>
                    <PackageFile>
                      <Name>NHibernate.Burrow.TestUtil.pdb</Name>
                    </PackageFile>
                    <PackageFile>
                      <Name>NHibernate.Burrow.TestUtil.xml</Name>
                    </PackageFile>
                    <PackageFile>
                      <Name>NHibernate.Burrow.WebUtil.dll</Name>
                    </PackageFile>
                    <PackageFile>
                      <Name>NHibernate.Burrow.WebUtil.pdb</Name>
                    </PackageFile>
                    <PackageFile>
                      <Name>NHibernate.Burrow.WebUtil.xml</Name>
                    </PackageFile>
                    <PackageFile>
                      <Name>NHibernate.Burrow.xml</Name>
                    </PackageFile>
                    <PackageFile>
                      <Name>NHibernate.ByteCode.Castle.dll</Name>
                    </PackageFile>
                    <PackageFile>
                      <Name>NHibernate.ByteCode.Castle.pdb</Name>
                    </PackageFile>
                    <PackageFile>
                      <Name>NHibernate.ByteCode.Castle.Tests.dll</Name>
                    </PackageFile>
                    <PackageFile>
                      <Name>NHibernate.ByteCode.Castle.Tests.dll.config</Name>
                    </PackageFile>
                    <PackageFile>
                      <Name>NHibernate.ByteCode.Castle.Tests.pdb</Name>
                    </PackageFile>
                    <PackageFile>
                      <Name>NHibernate.ByteCode.Castle.xml</Name>
                    </PackageFile>
                    <PackageFile>
                      <Name>NHibernate.ByteCode.LinFu.dll</Name>
                    </PackageFile>
                    <PackageFile>
                      <Name>NHibernate.ByteCode.LinFu.pdb</Name>
                    </PackageFile>
                    <PackageFile>
                      <Name>NHibernate.ByteCode.LinFu.Tests.dll</Name>
                    </PackageFile>
                    <PackageFile>
                      <Name>NHibernate.ByteCode.LinFu.Tests.dll.config</Name>
                    </PackageFile>
                    <PackageFile>
                      <Name>NHibernate.ByteCode.LinFu.Tests.pdb</Name>
                    </PackageFile>
                    <PackageFile>
                      <Name>NHibernate.ByteCode.LinFu.xml</Name>
                    </PackageFile>
                    <PackageFile>
                      <Name>NHibernate.ByteCode.Spring.dll</Name>
                    </PackageFile>
                    <PackageFile>
                      <Name>NHibernate.ByteCode.Spring.pdb</Name>
                    </PackageFile>
                    <PackageFile>
                      <Name>NHibernate.ByteCode.Spring.Tests.dll</Name>
                    </PackageFile>
                    <PackageFile>
                      <Name>NHibernate.ByteCode.Spring.Tests.dll.config</Name>
                    </PackageFile>
                    <PackageFile>
                      <Name>NHibernate.ByteCode.Spring.Tests.pdb</Name>
                    </PackageFile>
                    <PackageFile>
                      <Name>NHibernate.ByteCode.Spring.xml</Name>
                    </PackageFile>
                    <PackageFile>
                      <Name>NHibernate.dll</Name>
                    </PackageFile>
                    <PackageFile>
                      <Name>NHibernate.DomainModel.dll</Name>
                    </PackageFile>
                    <PackageFile>
                      <Name>NHibernate.DomainModel.pdb</Name>
                    </PackageFile>
                    <PackageFile>
                      <Name>NHibernate.DomainModel.xml</Name>
                    </PackageFile>
                    <PackageFile>
                      <Name>NHibernate.license.txt</Name>
                    </PackageFile>
                    <PackageFile>
                      <Name>NHibernate.pdb</Name>
                    </PackageFile>
                    <PackageFile>
                      <Name>NHibernate.Test.dll</Name>
                    </PackageFile>
                    <PackageFile>
                      <Name>NHibernate.Test.dll.config</Name>
                    </PackageFile>
                    <PackageFile>
                      <Name>NHibernate.Test.pdb</Name>
                    </PackageFile>
                    <PackageFile>
                      <Name>NHibernate.Tool.HbmXsd.exe</Name>
                    </PackageFile>
                    <PackageFile>
                      <Name>NHibernate.Tool.HbmXsd.pdb</Name>
                    </PackageFile>
                    <PackageFile>
                      <Name>NHibernate.xml</Name>
                    </PackageFile>
                    <PackageFile>
                      <Name>nunit.core.dll</Name>
                    </PackageFile>
                    <PackageFile>
                      <Name>nunit.framework.dll</Name>
                    </PackageFile>
                    <PackageFile>
                      <Name>nunit.framework.extensions.dll</Name>
                    </PackageFile>
                    <PackageFile>
                      <Name>nunit.framework.license.txt</Name>
                    </PackageFile>
                    <PackageFile>
                      <Name>NVelocity.dll</Name>
                    </PackageFile>
                    <PackageFile>
                      <Name>NVelocity.pdb</Name>
                    </PackageFile>
                    <PackageFile>
                      <Name>NVelocity.xml</Name>
                    </PackageFile>
                    <PackageFile>
                      <Name>Spring.Aop.dll</Name>
                    </PackageFile>
                    <PackageFile>
                      <Name>Spring.Aop.xml</Name>
                    </PackageFile>
                    <PackageFile>
                      <Name>Spring.Core.dll</Name>
                    </PackageFile>
                    <PackageFile>
                      <Name>Spring.Core.xml</Name>
                    </PackageFile>
                    <PackageFile>
                      <Name>System.Web.Extensions.dll</Name>
                    </PackageFile>
                    <PackageFile>
                      <Name>TestEnbeddedConfig.cfg.xml</Name>
                    </PackageFile>
                    <PackageFile>
                      <Name>WatiN.Core.dll</Name>
                    </PackageFile>
                    <PackageFile>
                      <Name>wwDataBinder.dll</Name>
                    </PackageFile>
                  </Contents>
                  <IsError>false</IsError>
                  <ErrorMessage i:nil="true" />
                </Package>
              </Packages>
              <Url>orm/nhcontrib/nhibernate.burrow/</Url>
            </Category>
            <Category>
              <Name>nhibernate.caches</Name>
              <Categories />
              <Packages>
                <Package>
                  <Name>nhibernate.caches</Name>
                  <MetaData>
                    <MetaData>
                      <Name>category</Name>
                      <Value>ORM</Value>
                    </MetaData>
                    <MetaData>
                      <Name>description</Name>
                      <Value>NHibernate Caches contains several Cache Provider's for NHibernate's Cache mechanism.</Value>
                    </MetaData>
                    <MetaData>
                      <Name>forum</Name>
                      <Value>http://groups.google.co.uk/group/nhusers?hl=en</Value>
                    </MetaData>
                    <MetaData>
                      <Name>homepage</Name>
                      <Value>http://www.ohloh.net/p/NHibernateContrib</Value>
                    </MetaData>
                    <MetaData>
                      <Name>name</Name>
                      <Value>NHibernate Caches</Value>
                    </MetaData>
                    <MetaData>
                      <Name>notes</Name>
                      <Value />
                    </MetaData>
                  </MetaData>
                  <Version>trunk</Version>
                  <Url>orm/nhcontrib/nhibernate.caches/nhibernate.caches-trunk</Url>
                  <ZipFileName>
                    <Name>nhibernate.caches-trunk.zip</Name>
                  </ZipFileName>
                  <Contents>
                    <PackageFile>
                      <Name>ABC.hbm.xml</Name>
                    </PackageFile>
                    <PackageFile>
                      <Name>antlr.runtime.dll</Name>
                    </PackageFile>
                    <PackageFile>
                      <Name>Antlr3.Runtime.dll</Name>
                    </PackageFile>
                    <PackageFile>
                      <Name>Bamboo.Prevalence.dll</Name>
                    </PackageFile>
                    <PackageFile>
                      <Name>Bamboo.Prevalence.Util.dll</Name>
                    </PackageFile>
                    <PackageFile>
                      <Name>Castle.Core.dll</Name>
                    </PackageFile>
                    <PackageFile>
                      <Name>Castle.Core.pdb</Name>
                    </PackageFile>
                    <PackageFile>
                      <Name>Castle.Core.xml</Name>
                    </PackageFile>
                    <PackageFile>
                      <Name>Castle.DynamicProxy.license.txt</Name>
                    </PackageFile>
                    <PackageFile>
                      <Name>Castle.DynamicProxy2.dll</Name>
                    </PackageFile>
                    <PackageFile>
                      <Name>Castle.DynamicProxy2.pdb</Name>
                    </PackageFile>
                    <PackageFile>
                      <Name>Castle.DynamicProxy2.xml</Name>
                    </PackageFile>
                    <PackageFile>
                      <Name>Common.Logging.dll</Name>
                    </PackageFile>
                    <PackageFile>
                      <Name>Iesi.Collections.dll</Name>
                    </PackageFile>
                    <PackageFile>
                      <Name>Iesi.Collections.license.txt</Name>
                    </PackageFile>
                    <PackageFile>
                      <Name>Iesi.Collections.pdb</Name>
                    </PackageFile>
                    <PackageFile>
                      <Name>Iesi.Collections.Test.dll</Name>
                    </PackageFile>
                    <PackageFile>
                      <Name>Iesi.Collections.Test.pdb</Name>
                    </PackageFile>
                    <PackageFile>
                      <Name>Iesi.Collections.xml</Name>
                    </PackageFile>
                    <PackageFile>
                      <Name>LinFu.DynamicProxy.dll</Name>
                    </PackageFile>
                    <PackageFile>
                      <Name>LinFu.License.txt</Name>
                    </PackageFile>
                    <PackageFile>
                      <Name>log4net.dll</Name>
                    </PackageFile>
                    <PackageFile>
                      <Name>log4net.license.txt</Name>
                    </PackageFile>
                    <PackageFile>
                      <Name>log4net.xml</Name>
                    </PackageFile>
                    <PackageFile>
                      <Name>Memcached.ClientLibrary.dll</Name>
                    </PackageFile>
                    <PackageFile>
                      <Name>NHibernate.ByteCode.Castle.dll</Name>
                    </PackageFile>
                    <PackageFile>
                      <Name>NHibernate.ByteCode.Castle.pdb</Name>
                    </PackageFile>
                    <PackageFile>
                      <Name>NHibernate.ByteCode.Castle.Tests.dll</Name>
                    </PackageFile>
                    <PackageFile>
                      <Name>NHibernate.ByteCode.Castle.Tests.dll.config</Name>
                    </PackageFile>
                    <PackageFile>
                      <Name>NHibernate.ByteCode.Castle.Tests.pdb</Name>
                    </PackageFile>
                    <PackageFile>
                      <Name>NHibernate.ByteCode.Castle.xml</Name>
                    </PackageFile>
                    <PackageFile>
                      <Name>NHibernate.ByteCode.LinFu.dll</Name>
                    </PackageFile>
                    <PackageFile>
                      <Name>NHibernate.ByteCode.LinFu.pdb</Name>
                    </PackageFile>
                    <PackageFile>
                      <Name>NHibernate.ByteCode.LinFu.Tests.dll</Name>
                    </PackageFile>
                    <PackageFile>
                      <Name>NHibernate.ByteCode.LinFu.Tests.dll.config</Name>
                    </PackageFile>
                    <PackageFile>
                      <Name>NHibernate.ByteCode.LinFu.Tests.pdb</Name>
                    </PackageFile>
                    <PackageFile>
                      <Name>NHibernate.ByteCode.LinFu.xml</Name>
                    </PackageFile>
                    <PackageFile>
                      <Name>NHibernate.ByteCode.Spring.dll</Name>
                    </PackageFile>
                    <PackageFile>
                      <Name>NHibernate.ByteCode.Spring.pdb</Name>
                    </PackageFile>
                    <PackageFile>
                      <Name>NHibernate.ByteCode.Spring.Tests.dll</Name>
                    </PackageFile>
                    <PackageFile>
                      <Name>NHibernate.ByteCode.Spring.Tests.dll.config</Name>
                    </PackageFile>
                    <PackageFile>
                      <Name>NHibernate.ByteCode.Spring.Tests.pdb</Name>
                    </PackageFile>
                    <PackageFile>
                      <Name>NHibernate.ByteCode.Spring.xml</Name>
                    </PackageFile>
                    <PackageFile>
                      <Name>NHibernate.Caches.MemCache.dll</Name>
                    </PackageFile>
                    <PackageFile>
                      <Name>NHibernate.Caches.MemCache.Tests.dll</Name>
                    </PackageFile>
                    <PackageFile>
                      <Name>NHibernate.Caches.MemCache.Tests.dll.config</Name>
                    </PackageFile>
                    <PackageFile>
                      <Name>NHibernate.Caches.Prevalence.dll</Name>
                    </PackageFile>
                    <PackageFile>
                      <Name>NHibernate.Caches.Prevalence.Tests.dll</Name>
                    </PackageFile>
                    <PackageFile>
                      <Name>NHibernate.Caches.Prevalence.Tests.dll.config</Name>
                    </PackageFile>
                    <PackageFile>
                      <Name>NHibernate.Caches.SharedCache.dll</Name>
                    </PackageFile>
                    <PackageFile>
                      <Name>NHibernate.Caches.SharedCache.Tests.dll</Name>
                    </PackageFile>
                    <PackageFile>
                      <Name>NHibernate.Caches.SharedCache.Tests.dll.config</Name>
                    </PackageFile>
                    <PackageFile>
                      <Name>NHibernate.Caches.SysCache.dll</Name>
                    </PackageFile>
                    <PackageFile>
                      <Name>NHibernate.Caches.SysCache.Tests.dll</Name>
                    </PackageFile>
                    <PackageFile>
                      <Name>NHibernate.Caches.SysCache2.dll</Name>
                    </PackageFile>
                    <PackageFile>
                      <Name>NHibernate.dll</Name>
                    </PackageFile>
                    <PackageFile>
                      <Name>NHibernate.DomainModel.dll</Name>
                    </PackageFile>
                    <PackageFile>
                      <Name>NHibernate.DomainModel.pdb</Name>
                    </PackageFile>
                    <PackageFile>
                      <Name>NHibernate.DomainModel.xml</Name>
                    </PackageFile>
                    <PackageFile>
                      <Name>NHibernate.pdb</Name>
                    </PackageFile>
                    <PackageFile>
                      <Name>NHibernate.Test.dll</Name>
                    </PackageFile>
                    <PackageFile>
                      <Name>NHibernate.Test.dll.config</Name>
                    </PackageFile>
                    <PackageFile>
                      <Name>NHibernate.Test.pdb</Name>
                    </PackageFile>
                    <PackageFile>
                      <Name>NHibernate.Tool.HbmXsd.exe</Name>
                    </PackageFile>
                    <PackageFile>
                      <Name>NHibernate.Tool.HbmXsd.pdb</Name>
                    </PackageFile>
                    <PackageFile>
                      <Name>NHibernate.xml</Name>
                    </PackageFile>
                    <PackageFile>
                      <Name>nunit.core.dll</Name>
                    </PackageFile>
                    <PackageFile>
                      <Name>nunit.framework.dll</Name>
                    </PackageFile>
                    <PackageFile>
                      <Name>nunit.framework.license.txt</Name>
                    </PackageFile>
                    <PackageFile>
                      <Name>NVelocity.dll</Name>
                    </PackageFile>
                    <PackageFile>
                      <Name>NVelocity.pdb</Name>
                    </PackageFile>
                    <PackageFile>
                      <Name>NVelocity.xml</Name>
                    </PackageFile>
                    <PackageFile>
                      <Name>Spring.Aop.dll</Name>
                    </PackageFile>
                    <PackageFile>
                      <Name>Spring.Aop.xml</Name>
                    </PackageFile>
                    <PackageFile>
                      <Name>Spring.Core.dll</Name>
                    </PackageFile>
                    <PackageFile>
                      <Name>Spring.Core.xml</Name>
                    </PackageFile>
                    <PackageFile>
                      <Name>TestEnbeddedConfig.cfg.xml</Name>
                    </PackageFile>
                  </Contents>
                  <IsError>false</IsError>
                  <ErrorMessage i:nil="true" />
                </Package>
              </Packages>
              <Url>orm/nhcontrib/nhibernate.caches/</Url>
            </Category>
            <Category>
              <Name>nhibernate.jetdriver</Name>
              <Categories />
              <Packages>
                <Package>
                  <Name>nhibernate.jetdriver</Name>
                  <MetaData>
                    <MetaData>
                      <Name>category</Name>
                      <Value>ORM</Value>
                    </MetaData>
                    <MetaData>
                      <Name>description</Name>
                      <Value>NHibernate JetDriver.</Value>
                    </MetaData>
                    <MetaData>
                      <Name>forum</Name>
                      <Value>http://groups.google.co.uk/group/nhusers?hl=en</Value>
                    </MetaData>
                    <MetaData>
                      <Name>homepage</Name>
                      <Value>http://www.ohloh.net/p/NHibernateContrib</Value>
                    </MetaData>
                    <MetaData>
                      <Name>name</Name>
                      <Value>NHibernate JetDriver</Value>
                    </MetaData>
                    <MetaData>
                      <Name>notes</Name>
                      <Value />
                    </MetaData>
                  </MetaData>
                  <Version>2.1</Version>
                  <Url>orm/nhcontrib/nhibernate.jetdriver/nhibernate.jetdriver-2.1</Url>
                  <ZipFileName>
                    <Name>nhibernate.jetdriver-2.1.zip</Name>
                  </ZipFileName>
                  <Contents>
                    <PackageFile>
                      <Name>ABC.hbm.xml</Name>
                    </PackageFile>
                    <PackageFile>
                      <Name>antlr.runtime.dll</Name>
                    </PackageFile>
                    <PackageFile>
                      <Name>Antlr3.Runtime.dll</Name>
                    </PackageFile>
                    <PackageFile>
                      <Name>Castle.Core.dll</Name>
                    </PackageFile>
                    <PackageFile>
                      <Name>Castle.Core.pdb</Name>
                    </PackageFile>
                    <PackageFile>
                      <Name>Castle.Core.xml</Name>
                    </PackageFile>
                    <PackageFile>
                      <Name>Castle.DynamicProxy.license.txt</Name>
                    </PackageFile>
                    <PackageFile>
                      <Name>Castle.DynamicProxy2.dll</Name>
                    </PackageFile>
                    <PackageFile>
                      <Name>Castle.DynamicProxy2.pdb</Name>
                    </PackageFile>
                    <PackageFile>
                      <Name>Castle.DynamicProxy2.xml</Name>
                    </PackageFile>
                    <PackageFile>
                      <Name>Common.Logging.dll</Name>
                    </PackageFile>
                    <PackageFile>
                      <Name>Iesi.Collections.dll</Name>
                    </PackageFile>
                    <PackageFile>
                      <Name>Iesi.Collections.license.txt</Name>
                    </PackageFile>
                    <PackageFile>
                      <Name>Iesi.Collections.pdb</Name>
                    </PackageFile>
                    <PackageFile>
                      <Name>Iesi.Collections.Test.dll</Name>
                    </PackageFile>
                    <PackageFile>
                      <Name>Iesi.Collections.Test.pdb</Name>
                    </PackageFile>
                    <PackageFile>
                      <Name>Iesi.Collections.xml</Name>
                    </PackageFile>
                    <PackageFile>
                      <Name>JetTests.db</Name>
                    </PackageFile>
                    <PackageFile>
                      <Name>LinFu.DynamicProxy.dll</Name>
                    </PackageFile>
                    <PackageFile>
                      <Name>LinFu.License.txt</Name>
                    </PackageFile>
                    <PackageFile>
                      <Name>log4net.dll</Name>
                    </PackageFile>
                    <PackageFile>
                      <Name>log4net.license.txt</Name>
                    </PackageFile>
                    <PackageFile>
                      <Name>log4net.pdb</Name>
                    </PackageFile>
                    <PackageFile>
                      <Name>log4net.xml</Name>
                    </PackageFile>
                    <PackageFile>
                      <Name>NHibernate.ByteCode.Castle.dll</Name>
                    </PackageFile>
                    <PackageFile>
                      <Name>NHibernate.ByteCode.Castle.pdb</Name>
                    </PackageFile>
                    <PackageFile>
                      <Name>NHibernate.ByteCode.Castle.Tests.dll</Name>
                    </PackageFile>
                    <PackageFile>
                      <Name>NHibernate.ByteCode.Castle.Tests.dll.config</Name>
                    </PackageFile>
                    <PackageFile>
                      <Name>NHibernate.ByteCode.Castle.Tests.pdb</Name>
                    </PackageFile>
                    <PackageFile>
                      <Name>NHibernate.ByteCode.Castle.xml</Name>
                    </PackageFile>
                    <PackageFile>
                      <Name>NHibernate.ByteCode.LinFu.dll</Name>
                    </PackageFile>
                    <PackageFile>
                      <Name>NHibernate.ByteCode.LinFu.pdb</Name>
                    </PackageFile>
                    <PackageFile>
                      <Name>NHibernate.ByteCode.LinFu.Tests.dll</Name>
                    </PackageFile>
                    <PackageFile>
                      <Name>NHibernate.ByteCode.LinFu.Tests.dll.config</Name>
                    </PackageFile>
                    <PackageFile>
                      <Name>NHibernate.ByteCode.LinFu.Tests.pdb</Name>
                    </PackageFile>
                    <PackageFile>
                      <Name>NHibernate.ByteCode.LinFu.xml</Name>
                    </PackageFile>
                    <PackageFile>
                      <Name>NHibernate.ByteCode.Spring.dll</Name>
                    </PackageFile>
                    <PackageFile>
                      <Name>NHibernate.ByteCode.Spring.pdb</Name>
                    </PackageFile>
                    <PackageFile>
                      <Name>NHibernate.ByteCode.Spring.Tests.dll</Name>
                    </PackageFile>
                    <PackageFile>
                      <Name>NHibernate.ByteCode.Spring.Tests.dll.config</Name>
                    </PackageFile>
                    <PackageFile>
                      <Name>NHibernate.ByteCode.Spring.Tests.pdb</Name>
                    </PackageFile>
                    <PackageFile>
                      <Name>NHibernate.ByteCode.Spring.xml</Name>
                    </PackageFile>
                    <PackageFile>
                      <Name>NHibernate.dll</Name>
                    </PackageFile>
                    <PackageFile>
                      <Name>NHibernate.DomainModel.dll</Name>
                    </PackageFile>
                    <PackageFile>
                      <Name>NHibernate.DomainModel.pdb</Name>
                    </PackageFile>
                    <PackageFile>
                      <Name>NHibernate.DomainModel.xml</Name>
                    </PackageFile>
                    <PackageFile>
                      <Name>NHibernate.JetDriver.dll</Name>
                    </PackageFile>
                    <PackageFile>
                      <Name>NHibernate.JetDriver.Tests.dll</Name>
                    </PackageFile>
                    <PackageFile>
                      <Name>NHibernate.pdb</Name>
                    </PackageFile>
                    <PackageFile>
                      <Name>NHibernate.Test.dll</Name>
                    </PackageFile>
                    <PackageFile>
                      <Name>NHibernate.Test.dll.config</Name>
                    </PackageFile>
                    <PackageFile>
                      <Name>NHibernate.Test.pdb</Name>
                    </PackageFile>
                    <PackageFile>
                      <Name>NHibernate.Tool.HbmXsd.exe</Name>
                    </PackageFile>
                    <PackageFile>
                      <Name>NHibernate.Tool.HbmXsd.pdb</Name>
                    </PackageFile>
                    <PackageFile>
                      <Name>NHibernate.xml</Name>
                    </PackageFile>
                    <PackageFile>
                      <Name>nunit.core.dll</Name>
                    </PackageFile>
                    <PackageFile>
                      <Name>nunit.framework.dll</Name>
                    </PackageFile>
                    <PackageFile>
                      <Name>nunit.framework.license.txt</Name>
                    </PackageFile>
                    <PackageFile>
                      <Name>NVelocity.dll</Name>
                    </PackageFile>
                    <PackageFile>
                      <Name>NVelocity.pdb</Name>
                    </PackageFile>
                    <PackageFile>
                      <Name>NVelocity.xml</Name>
                    </PackageFile>
                    <PackageFile>
                      <Name>Spring.Aop.dll</Name>
                    </PackageFile>
                    <PackageFile>
                      <Name>Spring.Aop.xml</Name>
                    </PackageFile>
                    <PackageFile>
                      <Name>Spring.Core.dll</Name>
                    </PackageFile>
                    <PackageFile>
                      <Name>Spring.Core.xml</Name>
                    </PackageFile>
                    <PackageFile>
                      <Name>TestEnbeddedConfig.cfg.xml</Name>
                    </PackageFile>
                  </Contents>
                  <IsError>false</IsError>
                  <ErrorMessage i:nil="true" />
                </Package>
                <Package>
                  <Name>nhibernate.jetdriver</Name>
                  <MetaData>
                    <MetaData>
                      <Name>category</Name>
                      <Value>ORM</Value>
                    </MetaData>
                    <MetaData>
                      <Name>description</Name>
                      <Value>NHibernate JetDriver.</Value>
                    </MetaData>
                    <MetaData>
                      <Name>forum</Name>
                      <Value>http://groups.google.co.uk/group/nhusers?hl=en</Value>
                    </MetaData>
                    <MetaData>
                      <Name>homepage</Name>
                      <Value>http://www.ohloh.net/p/NHibernateContrib</Value>
                    </MetaData>
                    <MetaData>
                      <Name>name</Name>
                      <Value>NHibernate JetDriver</Value>
                    </MetaData>
                    <MetaData>
                      <Name>notes</Name>
                      <Value />
                    </MetaData>
                  </MetaData>
                  <Version>trunk</Version>
                  <Url>orm/nhcontrib/nhibernate.jetdriver/nhibernate.jetdriver-trunk</Url>
                  <ZipFileName>
                    <Name>nhibernate.jetdriver-trunk.zip</Name>
                  </ZipFileName>
                  <Contents>
                    <PackageFile>
                      <Name>ABC.hbm.xml</Name>
                    </PackageFile>
                    <PackageFile>
                      <Name>antlr.runtime.dll</Name>
                    </PackageFile>
                    <PackageFile>
                      <Name>Antlr3.Runtime.dll</Name>
                    </PackageFile>
                    <PackageFile>
                      <Name>Castle.Core.dll</Name>
                    </PackageFile>
                    <PackageFile>
                      <Name>Castle.Core.pdb</Name>
                    </PackageFile>
                    <PackageFile>
                      <Name>Castle.Core.xml</Name>
                    </PackageFile>
                    <PackageFile>
                      <Name>Castle.DynamicProxy.license.txt</Name>
                    </PackageFile>
                    <PackageFile>
                      <Name>Castle.DynamicProxy2.dll</Name>
                    </PackageFile>
                    <PackageFile>
                      <Name>Castle.DynamicProxy2.pdb</Name>
                    </PackageFile>
                    <PackageFile>
                      <Name>Castle.DynamicProxy2.xml</Name>
                    </PackageFile>
                    <PackageFile>
                      <Name>Common.Logging.dll</Name>
                    </PackageFile>
                    <PackageFile>
                      <Name>Iesi.Collections.dll</Name>
                    </PackageFile>
                    <PackageFile>
                      <Name>Iesi.Collections.license.txt</Name>
                    </PackageFile>
                    <PackageFile>
                      <Name>Iesi.Collections.pdb</Name>
                    </PackageFile>
                    <PackageFile>
                      <Name>Iesi.Collections.Test.dll</Name>
                    </PackageFile>
                    <PackageFile>
                      <Name>Iesi.Collections.Test.pdb</Name>
                    </PackageFile>
                    <PackageFile>
                      <Name>Iesi.Collections.xml</Name>
                    </PackageFile>
                    <PackageFile>
                      <Name>JetTests.db</Name>
                    </PackageFile>
                    <PackageFile>
                      <Name>LinFu.DynamicProxy.dll</Name>
                    </PackageFile>
                    <PackageFile>
                      <Name>LinFu.License.txt</Name>
                    </PackageFile>
                    <PackageFile>
                      <Name>log4net.dll</Name>
                    </PackageFile>
                    <PackageFile>
                      <Name>log4net.license.txt</Name>
                    </PackageFile>
                    <PackageFile>
                      <Name>log4net.pdb</Name>
                    </PackageFile>
                    <PackageFile>
                      <Name>log4net.xml</Name>
                    </PackageFile>
                    <PackageFile>
                      <Name>NHibernate.ByteCode.Castle.dll</Name>
                    </PackageFile>
                    <PackageFile>
                      <Name>NHibernate.ByteCode.Castle.pdb</Name>
                    </PackageFile>
                    <PackageFile>
                      <Name>NHibernate.ByteCode.Castle.Tests.dll</Name>
                    </PackageFile>
                    <PackageFile>
                      <Name>NHibernate.ByteCode.Castle.Tests.dll.config</Name>
                    </PackageFile>
                    <PackageFile>
                      <Name>NHibernate.ByteCode.Castle.Tests.pdb</Name>
                    </PackageFile>
                    <PackageFile>
                      <Name>NHibernate.ByteCode.Castle.xml</Name>
                    </PackageFile>
                    <PackageFile>
                      <Name>NHibernate.ByteCode.LinFu.dll</Name>
                    </PackageFile>
                    <PackageFile>
                      <Name>NHibernate.ByteCode.LinFu.pdb</Name>
                    </PackageFile>
                    <PackageFile>
                      <Name>NHibernate.ByteCode.LinFu.Tests.dll</Name>
                    </PackageFile>
                    <PackageFile>
                      <Name>NHibernate.ByteCode.LinFu.Tests.dll.config</Name>
                    </PackageFile>
                    <PackageFile>
                      <Name>NHibernate.ByteCode.LinFu.Tests.pdb</Name>
                    </PackageFile>
                    <PackageFile>
                      <Name>NHibernate.ByteCode.LinFu.xml</Name>
                    </PackageFile>
                    <PackageFile>
                      <Name>NHibernate.ByteCode.Spring.dll</Name>
                    </PackageFile>
                    <PackageFile>
                      <Name>NHibernate.ByteCode.Spring.pdb</Name>
                    </PackageFile>
                    <PackageFile>
                      <Name>NHibernate.ByteCode.Spring.Tests.dll</Name>
                    </PackageFile>
                    <PackageFile>
                      <Name>NHibernate.ByteCode.Spring.Tests.dll.config</Name>
                    </PackageFile>
                    <PackageFile>
                      <Name>NHibernate.ByteCode.Spring.Tests.pdb</Name>
                    </PackageFile>
                    <PackageFile>
                      <Name>NHibernate.ByteCode.Spring.xml</Name>
                    </PackageFile>
                    <PackageFile>
                      <Name>NHibernate.dll</Name>
                    </PackageFile>
                    <PackageFile>
                      <Name>NHibernate.DomainModel.dll</Name>
                    </PackageFile>
                    <PackageFile>
                      <Name>NHibernate.DomainModel.pdb</Name>
                    </PackageFile>
                    <PackageFile>
                      <Name>NHibernate.DomainModel.xml</Name>
                    </PackageFile>
                    <PackageFile>
                      <Name>NHibernate.JetDriver.dll</Name>
                    </PackageFile>
                    <PackageFile>
                      <Name>NHibernate.JetDriver.Tests.dll</Name>
                    </PackageFile>
                    <PackageFile>
                      <Name>NHibernate.pdb</Name>
                    </PackageFile>
                    <PackageFile>
                      <Name>NHibernate.Test.dll</Name>
                    </PackageFile>
                    <PackageFile>
                      <Name>NHibernate.Test.dll.config</Name>
                    </PackageFile>
                    <PackageFile>
                      <Name>NHibernate.Test.pdb</Name>
                    </PackageFile>
                    <PackageFile>
                      <Name>NHibernate.Tool.HbmXsd.exe</Name>
                    </PackageFile>
                    <PackageFile>
                      <Name>NHibernate.Tool.HbmXsd.pdb</Name>
                    </PackageFile>
                    <PackageFile>
                      <Name>NHibernate.xml</Name>
                    </PackageFile>
                    <PackageFile>
                      <Name>nunit.core.dll</Name>
                    </PackageFile>
                    <PackageFile>
                      <Name>nunit.framework.dll</Name>
                    </PackageFile>
                    <PackageFile>
                      <Name>nunit.framework.license.txt</Name>
                    </PackageFile>
                    <PackageFile>
                      <Name>NVelocity.dll</Name>
                    </PackageFile>
                    <PackageFile>
                      <Name>NVelocity.pdb</Name>
                    </PackageFile>
                    <PackageFile>
                      <Name>NVelocity.xml</Name>
                    </PackageFile>
                    <PackageFile>
                      <Name>Spring.Aop.dll</Name>
                    </PackageFile>
                    <PackageFile>
                      <Name>Spring.Aop.xml</Name>
                    </PackageFile>
                    <PackageFile>
                      <Name>Spring.Core.dll</Name>
                    </PackageFile>
                    <PackageFile>
                      <Name>Spring.Core.xml</Name>
                    </PackageFile>
                    <PackageFile>
                      <Name>TestEnbeddedConfig.cfg.xml</Name>
                    </PackageFile>
                  </Contents>
                  <IsError>false</IsError>
                  <ErrorMessage i:nil="true" />
                </Package>
              </Packages>
              <Url>orm/nhcontrib/nhibernate.jetdriver/</Url>
            </Category>
            <Category>
              <Name>nhibernate.linq</Name>
              <Categories />
              <Packages>
                <Package>
                  <Name>nhibernate.linq</Name>
                  <MetaData>
                    <MetaData>
                      <Name>category</Name>
                      <Value>ORM</Value>
                    </MetaData>
                    <MetaData>
                      <Name>description</Name>
                      <Value>NHibernate Linq - Linq provider for NHibernate.</Value>
                    </MetaData>
                    <MetaData>
                      <Name>forum</Name>
                      <Value>http://groups.google.co.uk/group/nhusers?hl=en</Value>
                    </MetaData>
                    <MetaData>
                      <Name>homepage</Name>
                      <Value>http://www.ohloh.net/p/NHibernateContrib</Value>
                    </MetaData>
                    <MetaData>
                      <Name>name</Name>
                      <Value>NHibernate Linq</Value>
                    </MetaData>
                    <MetaData>
                      <Name>notes</Name>
                      <Value />
                    </MetaData>
                  </MetaData>
                  <Version>2.1</Version>
                  <Url>orm/nhcontrib/nhibernate.linq/nhibernate.linq-2.1</Url>
                  <ZipFileName>
                    <Name>nhibernate.linq-2.1.zip</Name>
                  </ZipFileName>
                  <Contents>
                    <PackageFile>
                      <Name>ABC.hbm.xml</Name>
                    </PackageFile>
                    <PackageFile>
                      <Name>antlr.runtime.dll</Name>
                    </PackageFile>
                    <PackageFile>
                      <Name>Antlr3.Runtime.dll</Name>
                    </PackageFile>
                    <PackageFile>
                      <Name>Castle.Core.dll</Name>
                    </PackageFile>
                    <PackageFile>
                      <Name>Castle.Core.pdb</Name>
                    </PackageFile>
                    <PackageFile>
                      <Name>Castle.Core.xml</Name>
                    </PackageFile>
                    <PackageFile>
                      <Name>Castle.DynamicProxy.license.txt</Name>
                    </PackageFile>
                    <PackageFile>
                      <Name>Castle.DynamicProxy2.dll</Name>
                    </PackageFile>
                    <PackageFile>
                      <Name>Castle.DynamicProxy2.pdb</Name>
                    </PackageFile>
                    <PackageFile>
                      <Name>Castle.DynamicProxy2.xml</Name>
                    </PackageFile>
                    <PackageFile>
                      <Name>Common.Logging.dll</Name>
                    </PackageFile>
                    <PackageFile>
                      <Name>hibernate.cfg.xml</Name>
                    </PackageFile>
                    <PackageFile>
                      <Name>Iesi.Collections.dll</Name>
                    </PackageFile>
                    <PackageFile>
                      <Name>Iesi.Collections.license.txt</Name>
                    </PackageFile>
                    <PackageFile>
                      <Name>Iesi.Collections.pdb</Name>
                    </PackageFile>
                    <PackageFile>
                      <Name>Iesi.Collections.Test.dll</Name>
                    </PackageFile>
                    <PackageFile>
                      <Name>Iesi.Collections.Test.pdb</Name>
                    </PackageFile>
                    <PackageFile>
                      <Name>Iesi.Collections.xml</Name>
                    </PackageFile>
                    <PackageFile>
                      <Name>LinFu.DynamicProxy.dll</Name>
                    </PackageFile>
                    <PackageFile>
                      <Name>LinFu.License.txt</Name>
                    </PackageFile>
                    <PackageFile>
                      <Name>log4net.dll</Name>
                    </PackageFile>
                    <PackageFile>
                      <Name>log4net.license.txt</Name>
                    </PackageFile>
                    <PackageFile>
                      <Name>log4net.xml</Name>
                    </PackageFile>
                    <PackageFile>
                      <Name>NHibernate.ByteCode.Castle.dll</Name>
                    </PackageFile>
                    <PackageFile>
                      <Name>NHibernate.ByteCode.Castle.pdb</Name>
                    </PackageFile>
                    <PackageFile>
                      <Name>NHibernate.ByteCode.Castle.Tests.dll</Name>
                    </PackageFile>
                    <PackageFile>
                      <Name>NHibernate.ByteCode.Castle.Tests.dll.config</Name>
                    </PackageFile>
                    <PackageFile>
                      <Name>NHibernate.ByteCode.Castle.Tests.pdb</Name>
                    </PackageFile>
                    <PackageFile>
                      <Name>NHibernate.ByteCode.Castle.xml</Name>
                    </PackageFile>
                    <PackageFile>
                      <Name>NHibernate.ByteCode.LinFu.dll</Name>
                    </PackageFile>
                    <PackageFile>
                      <Name>NHibernate.ByteCode.LinFu.pdb</Name>
                    </PackageFile>
                    <PackageFile>
                      <Name>NHibernate.ByteCode.LinFu.Tests.dll</Name>
                    </PackageFile>
                    <PackageFile>
                      <Name>NHibernate.ByteCode.LinFu.Tests.dll.config</Name>
                    </PackageFile>
                    <PackageFile>
                      <Name>NHibernate.ByteCode.LinFu.Tests.pdb</Name>
                    </PackageFile>
                    <PackageFile>
                      <Name>NHibernate.ByteCode.LinFu.xml</Name>
                    </PackageFile>
                    <PackageFile>
                      <Name>NHibernate.ByteCode.Spring.dll</Name>
                    </PackageFile>
                    <PackageFile>
                      <Name>NHibernate.ByteCode.Spring.pdb</Name>
                    </PackageFile>
                    <PackageFile>
                      <Name>NHibernate.ByteCode.Spring.Tests.dll</Name>
                    </PackageFile>
                    <PackageFile>
                      <Name>NHibernate.ByteCode.Spring.Tests.dll.config</Name>
                    </PackageFile>
                    <PackageFile>
                      <Name>NHibernate.ByteCode.Spring.Tests.pdb</Name>
                    </PackageFile>
                    <PackageFile>
                      <Name>NHibernate.ByteCode.Spring.xml</Name>
                    </PackageFile>
                    <PackageFile>
                      <Name>NHibernate.dll</Name>
                    </PackageFile>
                    <PackageFile>
                      <Name>NHibernate.DomainModel.dll</Name>
                    </PackageFile>
                    <PackageFile>
                      <Name>NHibernate.DomainModel.pdb</Name>
                    </PackageFile>
                    <PackageFile>
                      <Name>NHibernate.DomainModel.xml</Name>
                    </PackageFile>
                    <PackageFile>
                      <Name>NHibernate.Linq.dll</Name>
                    </PackageFile>
                    <PackageFile>
                      <Name>NHibernate.Linq.pdb</Name>
                    </PackageFile>
                    <PackageFile>
                      <Name>NHibernate.Linq.Tests.dll</Name>
                    </PackageFile>
                    <PackageFile>
                      <Name>NHibernate.Linq.Tests.dll.config</Name>
                    </PackageFile>
                    <PackageFile>
                      <Name>NHibernate.Linq.Tests.pdb</Name>
                    </PackageFile>
                    <PackageFile>
                      <Name>NHibernate.Linq.xml</Name>
                    </PackageFile>
                    <PackageFile>
                      <Name>NHibernate.pdb</Name>
                    </PackageFile>
                    <PackageFile>
                      <Name>NHibernate.Test.dll</Name>
                    </PackageFile>
                    <PackageFile>
                      <Name>NHibernate.Test.dll.config</Name>
                    </PackageFile>
                    <PackageFile>
                      <Name>NHibernate.Test.pdb</Name>
                    </PackageFile>
                    <PackageFile>
                      <Name>NHibernate.Tool.HbmXsd.exe</Name>
                    </PackageFile>
                    <PackageFile>
                      <Name>NHibernate.Tool.HbmXsd.pdb</Name>
                    </PackageFile>
                    <PackageFile>
                      <Name>NHibernate.xml</Name>
                    </PackageFile>
                    <PackageFile>
                      <Name>Northwind.Entities.dll</Name>
                    </PackageFile>
                    <PackageFile>
                      <Name>Northwind.Entities.pdb</Name>
                    </PackageFile>
                    <PackageFile>
                      <Name>Northwind.Entities.xml</Name>
                    </PackageFile>
                    <PackageFile>
                      <Name>nunit.core.dll</Name>
                    </PackageFile>
                    <PackageFile>
                      <Name>nunit.framework.dll</Name>
                    </PackageFile>
                    <PackageFile>
                      <Name>nunit.framework.extensions.dll</Name>
                    </PackageFile>
                    <PackageFile>
                      <Name>nunit.framework.license.txt</Name>
                    </PackageFile>
                    <PackageFile>
                      <Name>NVelocity.dll</Name>
                    </PackageFile>
                    <PackageFile>
                      <Name>NVelocity.pdb</Name>
                    </PackageFile>
                    <PackageFile>
                      <Name>NVelocity.xml</Name>
                    </PackageFile>
                    <PackageFile>
                      <Name>Spring.Aop.dll</Name>
                    </PackageFile>
                    <PackageFile>
                      <Name>Spring.Aop.xml</Name>
                    </PackageFile>
                    <PackageFile>
                      <Name>Spring.Core.dll</Name>
                    </PackageFile>
                    <PackageFile>
                      <Name>Spring.Core.xml</Name>
                    </PackageFile>
                    <PackageFile>
                      <Name>System.Data.Services.dll</Name>
                    </PackageFile>
                    <PackageFile>
                      <Name>System.Data.Services.xml</Name>
                    </PackageFile>
                    <PackageFile>
                      <Name>System.Linq.Dynamic.license.txt</Name>
                    </PackageFile>
                    <PackageFile>
                      <Name>TestEnbeddedConfig.cfg.xml</Name>
                    </PackageFile>
                  </Contents>
                  <IsError>false</IsError>
                  <ErrorMessage i:nil="true" />
                </Package>
                <Package>
                  <Name>nhibernate.linq</Name>
                  <MetaData>
                    <MetaData>
                      <Name>category</Name>
                      <Value>ORM</Value>
                    </MetaData>
                    <MetaData>
                      <Name>description</Name>
                      <Value>NHibernate Linq - Linq provider for NHibernate.</Value>
                    </MetaData>
                    <MetaData>
                      <Name>forum</Name>
                      <Value>http://groups.google.co.uk/group/nhusers?hl=en</Value>
                    </MetaData>
                    <MetaData>
                      <Name>homepage</Name>
                      <Value>http://www.ohloh.net/p/NHibernateContrib</Value>
                    </MetaData>
                    <MetaData>
                      <Name>name</Name>
                      <Value>NHibernate Linq</Value>
                    </MetaData>
                    <MetaData>
                      <Name>notes</Name>
                      <Value />
                    </MetaData>
                  </MetaData>
                  <Version>trunk</Version>
                  <Url>orm/nhcontrib/nhibernate.linq/nhibernate.linq-trunk</Url>
                  <ZipFileName>
                    <Name>nhibernate.linq-trunk.zip</Name>
                  </ZipFileName>
                  <Contents>
                    <PackageFile>
                      <Name>ABC.hbm.xml</Name>
                    </PackageFile>
                    <PackageFile>
                      <Name>antlr.runtime.dll</Name>
                    </PackageFile>
                    <PackageFile>
                      <Name>Antlr3.Runtime.dll</Name>
                    </PackageFile>
                    <PackageFile>
                      <Name>Castle.Core.dll</Name>
                    </PackageFile>
                    <PackageFile>
                      <Name>Castle.Core.pdb</Name>
                    </PackageFile>
                    <PackageFile>
                      <Name>Castle.Core.xml</Name>
                    </PackageFile>
                    <PackageFile>
                      <Name>Castle.DynamicProxy.license.txt</Name>
                    </PackageFile>
                    <PackageFile>
                      <Name>Castle.DynamicProxy2.dll</Name>
                    </PackageFile>
                    <PackageFile>
                      <Name>Castle.DynamicProxy2.pdb</Name>
                    </PackageFile>
                    <PackageFile>
                      <Name>Castle.DynamicProxy2.xml</Name>
                    </PackageFile>
                    <PackageFile>
                      <Name>Common.Logging.dll</Name>
                    </PackageFile>
                    <PackageFile>
                      <Name>hibernate.cfg.xml</Name>
                    </PackageFile>
                    <PackageFile>
                      <Name>Iesi.Collections.dll</Name>
                    </PackageFile>
                    <PackageFile>
                      <Name>Iesi.Collections.license.txt</Name>
                    </PackageFile>
                    <PackageFile>
                      <Name>Iesi.Collections.pdb</Name>
                    </PackageFile>
                    <PackageFile>
                      <Name>Iesi.Collections.Test.dll</Name>
                    </PackageFile>
                    <PackageFile>
                      <Name>Iesi.Collections.Test.pdb</Name>
                    </PackageFile>
                    <PackageFile>
                      <Name>Iesi.Collections.xml</Name>
                    </PackageFile>
                    <PackageFile>
                      <Name>LinFu.DynamicProxy.dll</Name>
                    </PackageFile>
                    <PackageFile>
                      <Name>LinFu.License.txt</Name>
                    </PackageFile>
                    <PackageFile>
                      <Name>log4net.dll</Name>
                    </PackageFile>
                    <PackageFile>
                      <Name>log4net.license.txt</Name>
                    </PackageFile>
                    <PackageFile>
                      <Name>log4net.xml</Name>
                    </PackageFile>
                    <PackageFile>
                      <Name>NHibernate.ByteCode.Castle.dll</Name>
                    </PackageFile>
                    <PackageFile>
                      <Name>NHibernate.ByteCode.Castle.pdb</Name>
                    </PackageFile>
                    <PackageFile>
                      <Name>NHibernate.ByteCode.Castle.Tests.dll</Name>
                    </PackageFile>
                    <PackageFile>
                      <Name>NHibernate.ByteCode.Castle.Tests.dll.config</Name>
                    </PackageFile>
                    <PackageFile>
                      <Name>NHibernate.ByteCode.Castle.Tests.pdb</Name>
                    </PackageFile>
                    <PackageFile>
                      <Name>NHibernate.ByteCode.Castle.xml</Name>
                    </PackageFile>
                    <PackageFile>
                      <Name>NHibernate.ByteCode.LinFu.dll</Name>
                    </PackageFile>
                    <PackageFile>
                      <Name>NHibernate.ByteCode.LinFu.pdb</Name>
                    </PackageFile>
                    <PackageFile>
                      <Name>NHibernate.ByteCode.LinFu.Tests.dll</Name>
                    </PackageFile>
                    <PackageFile>
                      <Name>NHibernate.ByteCode.LinFu.Tests.dll.config</Name>
                    </PackageFile>
                    <PackageFile>
                      <Name>NHibernate.ByteCode.LinFu.Tests.pdb</Name>
                    </PackageFile>
                    <PackageFile>
                      <Name>NHibernate.ByteCode.LinFu.xml</Name>
                    </PackageFile>
                    <PackageFile>
                      <Name>NHibernate.ByteCode.Spring.dll</Name>
                    </PackageFile>
                    <PackageFile>
                      <Name>NHibernate.ByteCode.Spring.pdb</Name>
                    </PackageFile>
                    <PackageFile>
                      <Name>NHibernate.ByteCode.Spring.Tests.dll</Name>
                    </PackageFile>
                    <PackageFile>
                      <Name>NHibernate.ByteCode.Spring.Tests.dll.config</Name>
                    </PackageFile>
                    <PackageFile>
                      <Name>NHibernate.ByteCode.Spring.Tests.pdb</Name>
                    </PackageFile>
                    <PackageFile>
                      <Name>NHibernate.ByteCode.Spring.xml</Name>
                    </PackageFile>
                    <PackageFile>
                      <Name>NHibernate.dll</Name>
                    </PackageFile>
                    <PackageFile>
                      <Name>NHibernate.DomainModel.dll</Name>
                    </PackageFile>
                    <PackageFile>
                      <Name>NHibernate.DomainModel.pdb</Name>
                    </PackageFile>
                    <PackageFile>
                      <Name>NHibernate.DomainModel.xml</Name>
                    </PackageFile>
                    <PackageFile>
                      <Name>NHibernate.Linq.dll</Name>
                    </PackageFile>
                    <PackageFile>
                      <Name>NHibernate.Linq.pdb</Name>
                    </PackageFile>
                    <PackageFile>
                      <Name>NHibernate.Linq.Tests.dll</Name>
                    </PackageFile>
                    <PackageFile>
                      <Name>NHibernate.Linq.Tests.dll.config</Name>
                    </PackageFile>
                    <PackageFile>
                      <Name>NHibernate.Linq.Tests.pdb</Name>
                    </PackageFile>
                    <PackageFile>
                      <Name>NHibernate.Linq.xml</Name>
                    </PackageFile>
                    <PackageFile>
                      <Name>NHibernate.pdb</Name>
                    </PackageFile>
                    <PackageFile>
                      <Name>NHibernate.Test.dll</Name>
                    </PackageFile>
                    <PackageFile>
                      <Name>NHibernate.Test.dll.config</Name>
                    </PackageFile>
                    <PackageFile>
                      <Name>NHibernate.Test.pdb</Name>
                    </PackageFile>
                    <PackageFile>
                      <Name>NHibernate.Tool.HbmXsd.exe</Name>
                    </PackageFile>
                    <PackageFile>
                      <Name>NHibernate.Tool.HbmXsd.pdb</Name>
                    </PackageFile>
                    <PackageFile>
                      <Name>NHibernate.xml</Name>
                    </PackageFile>
                    <PackageFile>
                      <Name>Northwind.Entities.dll</Name>
                    </PackageFile>
                    <PackageFile>
                      <Name>Northwind.Entities.pdb</Name>
                    </PackageFile>
                    <PackageFile>
                      <Name>Northwind.Entities.xml</Name>
                    </PackageFile>
                    <PackageFile>
                      <Name>nunit.core.dll</Name>
                    </PackageFile>
                    <PackageFile>
                      <Name>nunit.framework.dll</Name>
                    </PackageFile>
                    <PackageFile>
                      <Name>nunit.framework.extensions.dll</Name>
                    </PackageFile>
                    <PackageFile>
                      <Name>nunit.framework.license.txt</Name>
                    </PackageFile>
                    <PackageFile>
                      <Name>NVelocity.dll</Name>
                    </PackageFile>
                    <PackageFile>
                      <Name>NVelocity.pdb</Name>
                    </PackageFile>
                    <PackageFile>
                      <Name>NVelocity.xml</Name>
                    </PackageFile>
                    <PackageFile>
                      <Name>Spring.Aop.dll</Name>
                    </PackageFile>
                    <PackageFile>
                      <Name>Spring.Aop.xml</Name>
                    </PackageFile>
                    <PackageFile>
                      <Name>Spring.Core.dll</Name>
                    </PackageFile>
                    <PackageFile>
                      <Name>Spring.Core.xml</Name>
                    </PackageFile>
                    <PackageFile>
                      <Name>System.Data.Services.dll</Name>
                    </PackageFile>
                    <PackageFile>
                      <Name>System.Data.Services.xml</Name>
                    </PackageFile>
                    <PackageFile>
                      <Name>System.Linq.Dynamic.license.txt</Name>
                    </PackageFile>
                    <PackageFile>
                      <Name>TestEnbeddedConfig.cfg.xml</Name>
                    </PackageFile>
                  </Contents>
                  <IsError>false</IsError>
                  <ErrorMessage i:nil="true" />
                </Package>
              </Packages>
              <Url>orm/nhcontrib/nhibernate.linq/</Url>
            </Category>
            <Category>
              <Name>nhibernate.search</Name>
              <Categories />
              <Packages>
                <Package>
                  <Name>nhibernate.search</Name>
                  <MetaData>
                    <MetaData>
                      <Name>category</Name>
                      <Value>ORM</Value>
                    </MetaData>
                    <MetaData>
                      <Name>description</Name>
                      <Value>NHibernate search.</Value>
                    </MetaData>
                    <MetaData>
                      <Name>forum</Name>
                      <Value>http://groups.google.co.uk/group/nhusers?hl=en</Value>
                    </MetaData>
                    <MetaData>
                      <Name>homepage</Name>
                      <Value>http://www.ohloh.net/p/NHibernateContrib</Value>
                    </MetaData>
                    <MetaData>
                      <Name>name</Name>
                      <Value>NHibernate Search</Value>
                    </MetaData>
                    <MetaData>
                      <Name>notes</Name>
                      <Value />
                    </MetaData>
                  </MetaData>
                  <Version>trunk</Version>
                  <Url>orm/nhcontrib/nhibernate.search/nhibernate.search-trunk</Url>
                  <ZipFileName i:nil="true" />
                  <Contents />
                  <IsError>true</IsError>
                  <ErrorMessage>
                    The build tool Horn.Core.NAntBuildTool failed building the nhibernate.search package
                  </ErrorMessage>
                </Package>
              </Packages>
              <Url>orm/nhcontrib/nhibernate.search/</Url>
            </Category>
            <Category>
              <Name>nhibernate.validator</Name>
              <Categories />
              <Packages>
                <Package>
                  <Name>nhibernate.validator</Name>
                  <MetaData>
                    <MetaData>
                      <Name>category</Name>
                      <Value>ORM</Value>
                    </MetaData>
                    <MetaData>
                      <Name>description</Name>
                      <Value>NHibernate Validator.</Value>
                    </MetaData>
                    <MetaData>
                      <Name>forum</Name>
                      <Value>http://groups.google.co.uk/group/nhusers?hl=en</Value>
                    </MetaData>
                    <MetaData>
                      <Name>homepage</Name>
                      <Value>http://www.ohloh.net/p/NHibernateContrib</Value>
                    </MetaData>
                    <MetaData>
                      <Name>name</Name>
                      <Value>NHibernate Validator</Value>
                    </MetaData>
                    <MetaData>
                      <Name>notes</Name>
                      <Value />
                    </MetaData>
                  </MetaData>
                  <Version>trunk</Version>
                  <Url>orm/nhcontrib/nhibernate.validator/nhibernate.validator-trunk</Url>
                  <ZipFileName>
                    <Name>nhibernate.validator-trunk.zip</Name>
                  </ZipFileName>
                  <Contents>
                    <PackageFile>
                      <Name>ABC.hbm.xml</Name>
                    </PackageFile>
                    <PackageFile>
                      <Name>antlr.runtime.dll</Name>
                    </PackageFile>
                    <PackageFile>
                      <Name>Antlr3.Runtime.dll</Name>
                    </PackageFile>
                    <PackageFile>
                      <Name>Castle.Core.dll</Name>
                    </PackageFile>
                    <PackageFile>
                      <Name>Castle.Core.pdb</Name>
                    </PackageFile>
                    <PackageFile>
                      <Name>Castle.Core.xml</Name>
                    </PackageFile>
                    <PackageFile>
                      <Name>Castle.DynamicProxy.license.txt</Name>
                    </PackageFile>
                    <PackageFile>
                      <Name>Castle.DynamicProxy2.dll</Name>
                    </PackageFile>
                    <PackageFile>
                      <Name>Castle.DynamicProxy2.pdb</Name>
                    </PackageFile>
                    <PackageFile>
                      <Name>Castle.DynamicProxy2.xml</Name>
                    </PackageFile>
                    <PackageFile>
                      <Name>Common.Logging.dll</Name>
                    </PackageFile>
                    <PackageFile>
                      <Name>Iesi.Collections.dll</Name>
                    </PackageFile>
                    <PackageFile>
                      <Name>Iesi.Collections.license.txt</Name>
                    </PackageFile>
                    <PackageFile>
                      <Name>Iesi.Collections.pdb</Name>
                    </PackageFile>
                    <PackageFile>
                      <Name>Iesi.Collections.Test.dll</Name>
                    </PackageFile>
                    <PackageFile>
                      <Name>Iesi.Collections.Test.pdb</Name>
                    </PackageFile>
                    <PackageFile>
                      <Name>Iesi.Collections.xml</Name>
                    </PackageFile>
                    <PackageFile>
                      <Name>LinFu.DynamicProxy.dll</Name>
                    </PackageFile>
                    <PackageFile>
                      <Name>LinFu.License.txt</Name>
                    </PackageFile>
                    <PackageFile>
                      <Name>log4net.dll</Name>
                    </PackageFile>
                    <PackageFile>
                      <Name>log4net.license.txt</Name>
                    </PackageFile>
                    <PackageFile>
                      <Name>log4net.xml</Name>
                    </PackageFile>
                    <PackageFile>
                      <Name>NHibernate.ByteCode.Castle.dll</Name>
                    </PackageFile>
                    <PackageFile>
                      <Name>NHibernate.ByteCode.Castle.pdb</Name>
                    </PackageFile>
                    <PackageFile>
                      <Name>NHibernate.ByteCode.Castle.Tests.dll</Name>
                    </PackageFile>
                    <PackageFile>
                      <Name>NHibernate.ByteCode.Castle.Tests.dll.config</Name>
                    </PackageFile>
                    <PackageFile>
                      <Name>NHibernate.ByteCode.Castle.Tests.pdb</Name>
                    </PackageFile>
                    <PackageFile>
                      <Name>NHibernate.ByteCode.Castle.xml</Name>
                    </PackageFile>
                    <PackageFile>
                      <Name>NHibernate.ByteCode.LinFu.dll</Name>
                    </PackageFile>
                    <PackageFile>
                      <Name>NHibernate.ByteCode.LinFu.pdb</Name>
                    </PackageFile>
                    <PackageFile>
                      <Name>NHibernate.ByteCode.LinFu.Tests.dll</Name>
                    </PackageFile>
                    <PackageFile>
                      <Name>NHibernate.ByteCode.LinFu.Tests.dll.config</Name>
                    </PackageFile>
                    <PackageFile>
                      <Name>NHibernate.ByteCode.LinFu.Tests.pdb</Name>
                    </PackageFile>
                    <PackageFile>
                      <Name>NHibernate.ByteCode.LinFu.xml</Name>
                    </PackageFile>
                    <PackageFile>
                      <Name>NHibernate.ByteCode.Spring.dll</Name>
                    </PackageFile>
                    <PackageFile>
                      <Name>NHibernate.ByteCode.Spring.pdb</Name>
                    </PackageFile>
                    <PackageFile>
                      <Name>NHibernate.ByteCode.Spring.Tests.dll</Name>
                    </PackageFile>
                    <PackageFile>
                      <Name>NHibernate.ByteCode.Spring.Tests.dll.config</Name>
                    </PackageFile>
                    <PackageFile>
                      <Name>NHibernate.ByteCode.Spring.Tests.pdb</Name>
                    </PackageFile>
                    <PackageFile>
                      <Name>NHibernate.ByteCode.Spring.xml</Name>
                    </PackageFile>
                    <PackageFile>
                      <Name>NHibernate.dll</Name>
                    </PackageFile>
                    <PackageFile>
                      <Name>NHibernate.DomainModel.dll</Name>
                    </PackageFile>
                    <PackageFile>
                      <Name>NHibernate.DomainModel.pdb</Name>
                    </PackageFile>
                    <PackageFile>
                      <Name>NHibernate.DomainModel.xml</Name>
                    </PackageFile>
                    <PackageFile>
                      <Name>NHibernate.pdb</Name>
                    </PackageFile>
                    <PackageFile>
                      <Name>NHibernate.Test.dll</Name>
                    </PackageFile>
                    <PackageFile>
                      <Name>NHibernate.Test.dll.config</Name>
                    </PackageFile>
                    <PackageFile>
                      <Name>NHibernate.Test.pdb</Name>
                    </PackageFile>
                    <PackageFile>
                      <Name>NHibernate.Tool.HbmXsd.exe</Name>
                    </PackageFile>
                    <PackageFile>
                      <Name>NHibernate.Tool.HbmXsd.pdb</Name>
                    </PackageFile>
                    <PackageFile>
                      <Name>NHibernate.Validator.dll</Name>
                    </PackageFile>
                    <PackageFile>
                      <Name>NHibernate.Validator.pdb</Name>
                    </PackageFile>
                    <PackageFile>
                      <Name>NHibernate.Validator.Specific.dll</Name>
                    </PackageFile>
                    <PackageFile>
                      <Name>NHibernate.Validator.Specific.pdb</Name>
                    </PackageFile>
                    <PackageFile>
                      <Name>NHibernate.Validator.Specific.xml</Name>
                    </PackageFile>
                    <PackageFile>
                      <Name>NHibernate.Validator.xml</Name>
                    </PackageFile>
                    <PackageFile>
                      <Name>NHibernate.xml</Name>
                    </PackageFile>
                    <PackageFile>
                      <Name>nunit.core.dll</Name>
                    </PackageFile>
                    <PackageFile>
                      <Name>nunit.framework.dll</Name>
                    </PackageFile>
                    <PackageFile>
                      <Name>nunit.framework.extensions.dll</Name>
                    </PackageFile>
                    <PackageFile>
                      <Name>nunit.framework.license.txt</Name>
                    </PackageFile>
                    <PackageFile>
                      <Name>nunit.framework.xml</Name>
                    </PackageFile>
                    <PackageFile>
                      <Name>NVelocity.dll</Name>
                    </PackageFile>
                    <PackageFile>
                      <Name>NVelocity.pdb</Name>
                    </PackageFile>
                    <PackageFile>
                      <Name>NVelocity.xml</Name>
                    </PackageFile>
                    <PackageFile>
                      <Name>SharpTestsEx.NUnit.dll</Name>
                    </PackageFile>
                    <PackageFile>
                      <Name>SharpTestsEx.NUnit.xml</Name>
                    </PackageFile>
                    <PackageFile>
                      <Name>Spring.Aop.dll</Name>
                    </PackageFile>
                    <PackageFile>
                      <Name>Spring.Aop.xml</Name>
                    </PackageFile>
                    <PackageFile>
                      <Name>Spring.Core.dll</Name>
                    </PackageFile>
                    <PackageFile>
                      <Name>Spring.Core.xml</Name>
                    </PackageFile>
                    <PackageFile>
                      <Name>TestEnbeddedConfig.cfg.xml</Name>
                    </PackageFile>
                  </Contents>
                  <IsError>false</IsError>
                  <ErrorMessage i:nil="true" />
                </Package>
              </Packages>
              <Url>orm/nhcontrib/nhibernate.validator/</Url>
            </Category>
          </Categories>
          <Packages />
          <Url>orm/nhcontrib/</Url>
        </Category>
        <Category>
          <Name>nhibernate</Name>
          <Categories />
          <Packages>
            <Package>
              <Name>nhibernate</Name>
              <MetaData>
                <MetaData>
                  <Name>category</Name>
                  <Value>ORM</Value>
                </MetaData>
                <MetaData>
                  <Name>description</Name>
                  <Value>NHibernate handles persisting plain .NET objects to and from an underlying relational database.</Value>
                </MetaData>
                <MetaData>
                  <Name>forum</Name>
                  <Value>http://groups.google.co.uk/group/nhusers?hl=en</Value>
                </MetaData>
                <MetaData>
                  <Name>homepage</Name>
                  <Value>http://www.hibernate.org/343.html</Value>
                </MetaData>
                <MetaData>
                  <Name>name</Name>
                  <Value>NHibernate</Value>
                </MetaData>
                <MetaData>
                  <Name>notes</Name>
                  <Value />
                </MetaData>
              </MetaData>
              <Version>2.1</Version>
              <Url>orm/nhibernate/nhibernate-2.1</Url>
              <ZipFileName>
                <Name>nhibernate-2.1.zip</Name>
              </ZipFileName>
              <Contents>
                <PackageFile>
                  <Name>ABC.hbm.xml</Name>
                </PackageFile>
                <PackageFile>
                  <Name>antlr.runtime.dll</Name>
                </PackageFile>
                <PackageFile>
                  <Name>Antlr3.Runtime.dll</Name>
                </PackageFile>
                <PackageFile>
                  <Name>Castle.Core.dll</Name>
                </PackageFile>
                <PackageFile>
                  <Name>Castle.Core.pdb</Name>
                </PackageFile>
                <PackageFile>
                  <Name>Castle.Core.xml</Name>
                </PackageFile>
                <PackageFile>
                  <Name>Castle.DynamicProxy.license.txt</Name>
                </PackageFile>
                <PackageFile>
                  <Name>Castle.DynamicProxy2.dll</Name>
                </PackageFile>
                <PackageFile>
                  <Name>Castle.DynamicProxy2.pdb</Name>
                </PackageFile>
                <PackageFile>
                  <Name>Castle.DynamicProxy2.xml</Name>
                </PackageFile>
                <PackageFile>
                  <Name>Common.Logging.dll</Name>
                </PackageFile>
                <PackageFile>
                  <Name>Iesi.Collections.dll</Name>
                </PackageFile>
                <PackageFile>
                  <Name>Iesi.Collections.license.txt</Name>
                </PackageFile>
                <PackageFile>
                  <Name>Iesi.Collections.pdb</Name>
                </PackageFile>
                <PackageFile>
                  <Name>Iesi.Collections.Test.dll</Name>
                </PackageFile>
                <PackageFile>
                  <Name>Iesi.Collections.Test.pdb</Name>
                </PackageFile>
                <PackageFile>
                  <Name>Iesi.Collections.xml</Name>
                </PackageFile>
                <PackageFile>
                  <Name>LinFu.DynamicProxy.dll</Name>
                </PackageFile>
                <PackageFile>
                  <Name>LinFu.License.txt</Name>
                </PackageFile>
                <PackageFile>
                  <Name>log4net.dll</Name>
                </PackageFile>
                <PackageFile>
                  <Name>log4net.license.txt</Name>
                </PackageFile>
                <PackageFile>
                  <Name>log4net.xml</Name>
                </PackageFile>
                <PackageFile>
                  <Name>NHibernate.ByteCode.Castle.dll</Name>
                </PackageFile>
                <PackageFile>
                  <Name>NHibernate.ByteCode.Castle.pdb</Name>
                </PackageFile>
                <PackageFile>
                  <Name>NHibernate.ByteCode.Castle.Tests.dll</Name>
                </PackageFile>
                <PackageFile>
                  <Name>NHibernate.ByteCode.Castle.Tests.dll.config</Name>
                </PackageFile>
                <PackageFile>
                  <Name>NHibernate.ByteCode.Castle.Tests.pdb</Name>
                </PackageFile>
                <PackageFile>
                  <Name>NHibernate.ByteCode.Castle.xml</Name>
                </PackageFile>
                <PackageFile>
                  <Name>NHibernate.ByteCode.LinFu.dll</Name>
                </PackageFile>
                <PackageFile>
                  <Name>NHibernate.ByteCode.LinFu.pdb</Name>
                </PackageFile>
                <PackageFile>
                  <Name>NHibernate.ByteCode.LinFu.Tests.dll</Name>
                </PackageFile>
                <PackageFile>
                  <Name>NHibernate.ByteCode.LinFu.Tests.dll.config</Name>
                </PackageFile>
                <PackageFile>
                  <Name>NHibernate.ByteCode.LinFu.Tests.pdb</Name>
                </PackageFile>
                <PackageFile>
                  <Name>NHibernate.ByteCode.LinFu.xml</Name>
                </PackageFile>
                <PackageFile>
                  <Name>NHibernate.ByteCode.Spring.dll</Name>
                </PackageFile>
                <PackageFile>
                  <Name>NHibernate.ByteCode.Spring.pdb</Name>
                </PackageFile>
                <PackageFile>
                  <Name>NHibernate.ByteCode.Spring.Tests.dll</Name>
                </PackageFile>
                <PackageFile>
                  <Name>NHibernate.ByteCode.Spring.Tests.dll.config</Name>
                </PackageFile>
                <PackageFile>
                  <Name>NHibernate.ByteCode.Spring.Tests.pdb</Name>
                </PackageFile>
                <PackageFile>
                  <Name>NHibernate.ByteCode.Spring.xml</Name>
                </PackageFile>
                <PackageFile>
                  <Name>NHibernate.dll</Name>
                </PackageFile>
                <PackageFile>
                  <Name>NHibernate.DomainModel.dll</Name>
                </PackageFile>
                <PackageFile>
                  <Name>NHibernate.DomainModel.pdb</Name>
                </PackageFile>
                <PackageFile>
                  <Name>NHibernate.DomainModel.xml</Name>
                </PackageFile>
                <PackageFile>
                  <Name>NHibernate.pdb</Name>
                </PackageFile>
                <PackageFile>
                  <Name>NHibernate.Test.dll</Name>
                </PackageFile>
                <PackageFile>
                  <Name>NHibernate.Test.dll.config</Name>
                </PackageFile>
                <PackageFile>
                  <Name>NHibernate.Test.pdb</Name>
                </PackageFile>
                <PackageFile>
                  <Name>NHibernate.Tool.HbmXsd.exe</Name>
                </PackageFile>
                <PackageFile>
                  <Name>NHibernate.Tool.HbmXsd.pdb</Name>
                </PackageFile>
                <PackageFile>
                  <Name>NHibernate.xml</Name>
                </PackageFile>
                <PackageFile>
                  <Name>nunit.core.dll</Name>
                </PackageFile>
                <PackageFile>
                  <Name>nunit.framework.dll</Name>
                </PackageFile>
                <PackageFile>
                  <Name>nunit.framework.license.txt</Name>
                </PackageFile>
                <PackageFile>
                  <Name>NVelocity.dll</Name>
                </PackageFile>
                <PackageFile>
                  <Name>NVelocity.pdb</Name>
                </PackageFile>
                <PackageFile>
                  <Name>NVelocity.xml</Name>
                </PackageFile>
                <PackageFile>
                  <Name>Spring.Aop.dll</Name>
                </PackageFile>
                <PackageFile>
                  <Name>Spring.Aop.xml</Name>
                </PackageFile>
                <PackageFile>
                  <Name>Spring.Core.dll</Name>
                </PackageFile>
                <PackageFile>
                  <Name>Spring.Core.xml</Name>
                </PackageFile>
                <PackageFile>
                  <Name>TestEnbeddedConfig.cfg.xml</Name>
                </PackageFile>
              </Contents>
              <IsError>false</IsError>
              <ErrorMessage i:nil="true" />
            </Package>
            <Package>
              <Name>nhibernate</Name>
              <MetaData>
                <MetaData>
                  <Name>category</Name>
                  <Value>ORM</Value>
                </MetaData>
                <MetaData>
                  <Name>description</Name>
                  <Value>NHibernate handles persisting plain .NET objects to and from an underlying relational database.</Value>
                </MetaData>
                <MetaData>
                  <Name>forum</Name>
                  <Value>http://groups.google.co.uk/group/nhusers?hl=en</Value>
                </MetaData>
                <MetaData>
                  <Name>homepage</Name>
                  <Value>http://www.hibernate.org/343.html</Value>
                </MetaData>
                <MetaData>
                  <Name>name</Name>
                  <Value>NHibernate</Value>
                </MetaData>
                <MetaData>
                  <Name>notes</Name>
                  <Value />
                </MetaData>
              </MetaData>
              <Version>trunk</Version>
              <Url>orm/nhibernate/nhibernate-trunk</Url>
              <ZipFileName>
                <Name>nhibernate-trunk.zip</Name>
              </ZipFileName>
              <Contents>
                <PackageFile>
                  <Name>ABC.hbm.xml</Name>
                </PackageFile>
                <PackageFile>
                  <Name>antlr.runtime.dll</Name>
                </PackageFile>
                <PackageFile>
                  <Name>Antlr3.Runtime.dll</Name>
                </PackageFile>
                <PackageFile>
                  <Name>Castle.Core.dll</Name>
                </PackageFile>
                <PackageFile>
                  <Name>Castle.Core.pdb</Name>
                </PackageFile>
                <PackageFile>
                  <Name>Castle.Core.xml</Name>
                </PackageFile>
                <PackageFile>
                  <Name>Castle.DynamicProxy.license.txt</Name>
                </PackageFile>
                <PackageFile>
                  <Name>Castle.DynamicProxy2.dll</Name>
                </PackageFile>
                <PackageFile>
                  <Name>Castle.DynamicProxy2.pdb</Name>
                </PackageFile>
                <PackageFile>
                  <Name>Castle.DynamicProxy2.xml</Name>
                </PackageFile>
                <PackageFile>
                  <Name>Common.Logging.dll</Name>
                </PackageFile>
                <PackageFile>
                  <Name>Iesi.Collections.dll</Name>
                </PackageFile>
                <PackageFile>
                  <Name>Iesi.Collections.license.txt</Name>
                </PackageFile>
                <PackageFile>
                  <Name>Iesi.Collections.pdb</Name>
                </PackageFile>
                <PackageFile>
                  <Name>Iesi.Collections.Test.dll</Name>
                </PackageFile>
                <PackageFile>
                  <Name>Iesi.Collections.Test.pdb</Name>
                </PackageFile>
                <PackageFile>
                  <Name>Iesi.Collections.xml</Name>
                </PackageFile>
                <PackageFile>
                  <Name>LinFu.DynamicProxy.dll</Name>
                </PackageFile>
                <PackageFile>
                  <Name>LinFu.License.txt</Name>
                </PackageFile>
                <PackageFile>
                  <Name>log4net.dll</Name>
                </PackageFile>
                <PackageFile>
                  <Name>log4net.license.txt</Name>
                </PackageFile>
                <PackageFile>
                  <Name>log4net.xml</Name>
                </PackageFile>
                <PackageFile>
                  <Name>NHibernate.ByteCode.Castle.dll</Name>
                </PackageFile>
                <PackageFile>
                  <Name>NHibernate.ByteCode.Castle.pdb</Name>
                </PackageFile>
                <PackageFile>
                  <Name>NHibernate.ByteCode.Castle.Tests.dll</Name>
                </PackageFile>
                <PackageFile>
                  <Name>NHibernate.ByteCode.Castle.Tests.dll.config</Name>
                </PackageFile>
                <PackageFile>
                  <Name>NHibernate.ByteCode.Castle.Tests.pdb</Name>
                </PackageFile>
                <PackageFile>
                  <Name>NHibernate.ByteCode.Castle.xml</Name>
                </PackageFile>
                <PackageFile>
                  <Name>NHibernate.ByteCode.LinFu.dll</Name>
                </PackageFile>
                <PackageFile>
                  <Name>NHibernate.ByteCode.LinFu.pdb</Name>
                </PackageFile>
                <PackageFile>
                  <Name>NHibernate.ByteCode.LinFu.Tests.dll</Name>
                </PackageFile>
                <PackageFile>
                  <Name>NHibernate.ByteCode.LinFu.Tests.dll.config</Name>
                </PackageFile>
                <PackageFile>
                  <Name>NHibernate.ByteCode.LinFu.Tests.pdb</Name>
                </PackageFile>
                <PackageFile>
                  <Name>NHibernate.ByteCode.LinFu.xml</Name>
                </PackageFile>
                <PackageFile>
                  <Name>NHibernate.ByteCode.Spring.dll</Name>
                </PackageFile>
                <PackageFile>
                  <Name>NHibernate.ByteCode.Spring.pdb</Name>
                </PackageFile>
                <PackageFile>
                  <Name>NHibernate.ByteCode.Spring.Tests.dll</Name>
                </PackageFile>
                <PackageFile>
                  <Name>NHibernate.ByteCode.Spring.Tests.dll.config</Name>
                </PackageFile>
                <PackageFile>
                  <Name>NHibernate.ByteCode.Spring.Tests.pdb</Name>
                </PackageFile>
                <PackageFile>
                  <Name>NHibernate.ByteCode.Spring.xml</Name>
                </PackageFile>
                <PackageFile>
                  <Name>NHibernate.dll</Name>
                </PackageFile>
                <PackageFile>
                  <Name>NHibernate.DomainModel.dll</Name>
                </PackageFile>
                <PackageFile>
                  <Name>NHibernate.DomainModel.pdb</Name>
                </PackageFile>
                <PackageFile>
                  <Name>NHibernate.DomainModel.xml</Name>
                </PackageFile>
                <PackageFile>
                  <Name>NHibernate.pdb</Name>
                </PackageFile>
                <PackageFile>
                  <Name>NHibernate.Test.dll</Name>
                </PackageFile>
                <PackageFile>
                  <Name>NHibernate.Test.dll.config</Name>
                </PackageFile>
                <PackageFile>
                  <Name>NHibernate.Test.pdb</Name>
                </PackageFile>
                <PackageFile>
                  <Name>NHibernate.Tool.HbmXsd.exe</Name>
                </PackageFile>
                <PackageFile>
                  <Name>NHibernate.Tool.HbmXsd.pdb</Name>
                </PackageFile>
                <PackageFile>
                  <Name>NHibernate.xml</Name>
                </PackageFile>
                <PackageFile>
                  <Name>nunit.core.dll</Name>
                </PackageFile>
                <PackageFile>
                  <Name>nunit.framework.dll</Name>
                </PackageFile>
                <PackageFile>
                  <Name>nunit.framework.license.txt</Name>
                </PackageFile>
                <PackageFile>
                  <Name>NVelocity.dll</Name>
                </PackageFile>
                <PackageFile>
                  <Name>NVelocity.pdb</Name>
                </PackageFile>
                <PackageFile>
                  <Name>NVelocity.xml</Name>
                </PackageFile>
                <PackageFile>
                  <Name>Spring.Aop.dll</Name>
                </PackageFile>
                <PackageFile>
                  <Name>Spring.Aop.xml</Name>
                </PackageFile>
                <PackageFile>
                  <Name>Spring.Core.dll</Name>
                </PackageFile>
                <PackageFile>
                  <Name>Spring.Core.xml</Name>
                </PackageFile>
                <PackageFile>
                  <Name>TestEnbeddedConfig.cfg.xml</Name>
                </PackageFile>
              </Contents>
              <IsError>false</IsError>
              <ErrorMessage i:nil="true" />
            </Package>
          </Packages>
          <Url>orm/nhibernate/</Url>
        </Category>
        <Category>
          <Name>subsonic</Name>
          <Categories />
          <Packages>
            <Package>
              <Name>subsonic</Name>
              <MetaData>
                <MetaData>
                  <Name>category</Name>
                  <Value>ORM</Value>
                </MetaData>
                <MetaData>
                  <Name>description</Name>
                  <Value>SubSonic is A Super High-fidelity Batman Utility Belt that works up your Data Access (using Linq in 3.0), throws in some much-needed utility functions, and generally speeds along your dev cycle.</Value>
                </MetaData>
                <MetaData>
                  <Name>forum</Name>
                  <Value>http://stackoverflow.com/questions/tagged/subsonic</Value>
                </MetaData>
                <MetaData>
                  <Name>homepage</Name>
                  <Value>http://subsonicproject.com/</Value>
                </MetaData>
                <MetaData>
                  <Name>name</Name>
                  <Value>Subsonic</Value>
                </MetaData>
                <MetaData>
                  <Name>notes</Name>
                  <Value />
                </MetaData>
              </MetaData>
              <Version>2.0</Version>
              <Url>orm/subsonic/subsonic-2.0</Url>
              <ZipFileName>
                <Name>subsonic-2.0.zip</Name>
              </ZipFileName>
              <Contents>
                <PackageFile>
                  <Name>ComponentFactory.Krypton.Toolkit.DLL</Name>
                </PackageFile>
                <PackageFile>
                  <Name>ConfigTemplate.txt</Name>
                </PackageFile>
                <PackageFile>
                  <Name>Default.htm</Name>
                </PackageFile>
                <PackageFile>
                  <Name>Info.htm</Name>
                </PackageFile>
                <PackageFile>
                  <Name>MbUnit.Framework.dll</Name>
                </PackageFile>
                <PackageFile>
                  <Name>MbUnit.Framework.xml</Name>
                </PackageFile>
                <PackageFile>
                  <Name>Microsoft.Practices.EnterpriseLibrary.Common.dll</Name>
                </PackageFile>
                <PackageFile>
                  <Name>Microsoft.Practices.EnterpriseLibrary.Data.dll</Name>
                </PackageFile>
                <PackageFile>
                  <Name>Microsoft.SqlServer.ConnectionInfo.dll</Name>
                </PackageFile>
                <PackageFile>
                  <Name>Microsoft.SqlServer.Smo.dll</Name>
                </PackageFile>
                <PackageFile>
                  <Name>MySql.Data.dll</Name>
                </PackageFile>
                <PackageFile>
                  <Name>PropertyGridEx.dll</Name>
                </PackageFile>
                <PackageFile>
                  <Name>ProviderTypes.xml</Name>
                </PackageFile>
                <PackageFile>
                  <Name>QuickGraph.Algorithms.dll</Name>
                </PackageFile>
                <PackageFile>
                  <Name>QuickGraph.dll</Name>
                </PackageFile>
                <PackageFile>
                  <Name>ScaffoldTemplate.txt</Name>
                </PackageFile>
                <PackageFile>
                  <Name>sonic.exe</Name>
                </PackageFile>
                <PackageFile>
                  <Name>sonic.exe.config</Name>
                </PackageFile>
                <PackageFile>
                  <Name>sonic.pdb</Name>
                </PackageFile>
                <PackageFile>
                  <Name>SubSonic.dll</Name>
                </PackageFile>
                <PackageFile>
                  <Name>SubSonic.Migrations.dll</Name>
                </PackageFile>
                <PackageFile>
                  <Name>SubSonic.Migrations.pdb</Name>
                </PackageFile>
                <PackageFile>
                  <Name>SubSonic.pdb</Name>
                </PackageFile>
                <PackageFile>
                  <Name>SubSonic.Tests.dll</Name>
                </PackageFile>
                <PackageFile>
                  <Name>SubSonic.Tests.dll.config</Name>
                </PackageFile>
                <PackageFile>
                  <Name>SubSonic.Tests.pdb</Name>
                </PackageFile>
                <PackageFile>
                  <Name>SubStage.exe</Name>
                </PackageFile>
                <PackageFile>
                  <Name>SubStage.pdb</Name>
                </PackageFile>
                <PackageFile>
                  <Name>System.Data.SQLite.DLL</Name>
                </PackageFile>
                <PackageFile>
                  <Name>Wilco.WebServer.dll</Name>
                </PackageFile>
              </Contents>
              <IsError>false</IsError>
              <ErrorMessage i:nil="true" />
            </Package>
            <Package>
              <Name>subsonic</Name>
              <MetaData>
                <MetaData>
                  <Name>category</Name>
                  <Value>ORM</Value>
                </MetaData>
                <MetaData>
                  <Name>description</Name>
                  <Value>SubSonic is A Super High-fidelity Batman Utility Belt that works up your Data Access (using Linq in 3.0), throws in some much-needed utility functions, and generally speeds along your dev cycle.</Value>
                </MetaData>
                <MetaData>
                  <Name>forum</Name>
                  <Value>http://stackoverflow.com/questions/tagged/subsonic</Value>
                </MetaData>
                <MetaData>
                  <Name>homepage</Name>
                  <Value>http://subsonicproject.com/</Value>
                </MetaData>
                <MetaData>
                  <Name>name</Name>
                  <Value>Subsonic</Value>
                </MetaData>
                <MetaData>
                  <Name>notes</Name>
                  <Value />
                </MetaData>
              </MetaData>
              <Version>trunk</Version>
              <Url>orm/subsonic/subsonic-trunk</Url>
              <ZipFileName>
                <Name>subsonic-trunk.zip</Name>
              </ZipFileName>
              <Contents>
                <PackageFile>
                  <Name>ComponentFactory.Krypton.Toolkit.DLL</Name>
                </PackageFile>
                <PackageFile>
                  <Name>ConfigTemplate.txt</Name>
                </PackageFile>
                <PackageFile>
                  <Name>Default.htm</Name>
                </PackageFile>
                <PackageFile>
                  <Name>Info.htm</Name>
                </PackageFile>
                <PackageFile>
                  <Name>MbUnit.Framework.dll</Name>
                </PackageFile>
                <PackageFile>
                  <Name>MbUnit.Framework.xml</Name>
                </PackageFile>
                <PackageFile>
                  <Name>Microsoft.Practices.EnterpriseLibrary.Common.dll</Name>
                </PackageFile>
                <PackageFile>
                  <Name>Microsoft.Practices.EnterpriseLibrary.Data.dll</Name>
                </PackageFile>
                <PackageFile>
                  <Name>Microsoft.SqlServer.ConnectionInfo.dll</Name>
                </PackageFile>
                <PackageFile>
                  <Name>Microsoft.SqlServer.Smo.dll</Name>
                </PackageFile>
                <PackageFile>
                  <Name>MySql.Data.dll</Name>
                </PackageFile>
                <PackageFile>
                  <Name>PropertyGridEx.dll</Name>
                </PackageFile>
                <PackageFile>
                  <Name>ProviderTypes.xml</Name>
                </PackageFile>
                <PackageFile>
                  <Name>QuickGraph.Algorithms.dll</Name>
                </PackageFile>
                <PackageFile>
                  <Name>QuickGraph.dll</Name>
                </PackageFile>
                <PackageFile>
                  <Name>ScaffoldTemplate.txt</Name>
                </PackageFile>
                <PackageFile>
                  <Name>sonic.exe</Name>
                </PackageFile>
                <PackageFile>
                  <Name>sonic.exe.config</Name>
                </PackageFile>
                <PackageFile>
                  <Name>sonic.pdb</Name>
                </PackageFile>
                <PackageFile>
                  <Name>SubSonic.dll</Name>
                </PackageFile>
                <PackageFile>
                  <Name>SubSonic.Migrations.dll</Name>
                </PackageFile>
                <PackageFile>
                  <Name>SubSonic.Migrations.pdb</Name>
                </PackageFile>
                <PackageFile>
                  <Name>SubSonic.pdb</Name>
                </PackageFile>
                <PackageFile>
                  <Name>SubSonic.Tests.dll</Name>
                </PackageFile>
                <PackageFile>
                  <Name>SubSonic.Tests.dll.config</Name>
                </PackageFile>
                <PackageFile>
                  <Name>SubSonic.Tests.pdb</Name>
                </PackageFile>
                <PackageFile>
                  <Name>SubStage.exe</Name>
                </PackageFile>
                <PackageFile>
                  <Name>SubStage.pdb</Name>
                </PackageFile>
                <PackageFile>
                  <Name>System.Data.SQLite.DLL</Name>
                </PackageFile>
                <PackageFile>
                  <Name>Wilco.WebServer.dll</Name>
                </PackageFile>
              </Contents>
              <IsError>false</IsError>
              <ErrorMessage i:nil="true" />
            </Package>
          </Packages>
          <Url>orm/subsonic/</Url>
        </Category>
      </Categories>
      <Packages />
      <Url>orm/</Url>
    </Category>
    <Category>
      <Name>web</Name>
      <Categories>
        <Category>
          <Name>asp.net.mvc</Name>
          <Categories>
            <Category>
              <Name>mvccontrib</Name>
              <Categories />
              <Packages>
                <Package>
                  <Name>mvccontrib</Name>
                  <MetaData>
                    <MetaData>
                      <Name>category</Name>
                      <Value>Web</Value>
                    </MetaData>
                    <MetaData>
                      <Name>description</Name>
                      <Value>This project adds additional functionality on top of the ASP.NET MVC Framework.</Value>
                    </MetaData>
                    <MetaData>
                      <Name>forum</Name>
                      <Value>http://groups.google.co.uk/group/mvccontrib-discuss</Value>
                    </MetaData>
                    <MetaData>
                      <Name>homepage</Name>
                      <Value>http://www.codeplex.com/MVCContrib</Value>
                    </MetaData>
                    <MetaData>
                      <Name>name</Name>
                      <Value>MVCContrib</Value>
                    </MetaData>
                    <MetaData>
                      <Name>notes</Name>
                      <Value />
                    </MetaData>
                  </MetaData>
                  <Version>trunk</Version>
                  <Url>web/asp.net.mvc/mvccontrib/mvccontrib-trunk</Url>
                  <ZipFileName>
                    <Name>mvccontrib-trunk.zip</Name>
                  </ZipFileName>
                  <Contents>
                    <PackageFile>
                      <Name>ABC.hbm.xml</Name>
                    </PackageFile>
                    <PackageFile>
                      <Name>adodb.dll</Name>
                    </PackageFile>
                    <PackageFile>
                      <Name>Aggregate.dll</Name>
                    </PackageFile>
                    <PackageFile>
                      <Name>Aggregate.pdb</Name>
                    </PackageFile>
                    <PackageFile>
                      <Name>AnonymousBaseClass.boo</Name>
                    </PackageFile>
                    <PackageFile>
                      <Name>anotherFile.boo</Name>
                    </PackageFile>
                    <PackageFile>
                      <Name>anotherFile2.boo</Name>
                    </PackageFile>
                    <PackageFile>
                      <Name>anrControls.Markdown.NET.dll</Name>
                    </PackageFile>
                    <PackageFile>
                      <Name>antlr.runtime.dll</Name>
                    </PackageFile>
                    <PackageFile>
                      <Name>Antlr3.Runtime.dll</Name>
                    </PackageFile>
                    <PackageFile>
                      <Name>Application.spark</Name>
                    </PackageFile>
                    <PackageFile>
                      <Name>apppath.brail</Name>
                    </PackageFile>
                    <PackageFile>
                      <Name>AutoImport.boo</Name>
                    </PackageFile>
                    <PackageFile>
                      <Name>Boo.Lang.CodeDom.dll</Name>
                    </PackageFile>
                    <PackageFile>
                      <Name>Boo.Lang.Compiler.dll</Name>
                    </PackageFile>
                    <PackageFile>
                      <Name>Boo.Lang.dll</Name>
                    </PackageFile>
                    <PackageFile>
                      <Name>Boo.Lang.Extensions.dll</Name>
                    </PackageFile>
                    <PackageFile>
                      <Name>Boo.Lang.Interpreter.dll</Name>
                    </PackageFile>
                    <PackageFile>
                      <Name>Boo.Lang.Parser.dll</Name>
                    </PackageFile>
                    <PackageFile>
                      <Name>Boo.Lang.PatternMatching.dll</Name>
                    </PackageFile>
                    <PackageFile>
                      <Name>Boo.Lang.Useful.dll</Name>
                    </PackageFile>
                    <PackageFile>
                      <Name>Boo.Microsoft.Build.Tasks.dll</Name>
                    </PackageFile>
                    <PackageFile>
                      <Name>Boo.NAnt.Tasks.dll</Name>
                    </PackageFile>
                    <PackageFile>
                      <Name>CanChangeAllTheDefaultsEvenThoughIShouldntWriteATestWithABigSurfaceAreaLikeThisNaughtyPete.xml</Name>
                    </PackageFile>
                    <PackageFile>
                      <Name>Cassini.dll</Name>
                    </PackageFile>
                    <PackageFile>
                      <Name>Castle.ActiveRecord.dll</Name>
                    </PackageFile>
                    <PackageFile>
                      <Name>Castle.ActiveRecord.Linq.dll</Name>
                    </PackageFile>
                    <PackageFile>
                      <Name>Castle.ActiveRecord.Linq.pdb</Name>
                    </PackageFile>
                    <PackageFile>
                      <Name>Castle.ActiveRecord.Linq.xml</Name>
                    </PackageFile>
                    <PackageFile>
                      <Name>Castle.ActiveRecord.pdb</Name>
                    </PackageFile>
                    <PackageFile>
                      <Name>Castle.ActiveRecord.xml</Name>
                    </PackageFile>
                    <PackageFile>
                      <Name>Castle.Components.Binder.dll</Name>
                    </PackageFile>
                    <PackageFile>
                      <Name>Castle.Components.Binder.pdb</Name>
                    </PackageFile>
                    <PackageFile>
                      <Name>Castle.Components.Binder.xml</Name>
                    </PackageFile>
                    <PackageFile>
                      <Name>Castle.Components.Common.EmailSender.dll</Name>
                    </PackageFile>
                    <PackageFile>
                      <Name>Castle.Components.Common.EmailSender.pdb</Name>
                    </PackageFile>
                    <PackageFile>
                      <Name>Castle.Components.Common.EmailSender.xml</Name>
                    </PackageFile>
                    <PackageFile>
                      <Name>Castle.Components.Common.TemplateEngine.dll</Name>
                    </PackageFile>
                    <PackageFile>
                      <Name>Castle.Components.Common.TemplateEngine.NVelocityTemplateEngine.dll</Name>
                    </PackageFile>
                    <PackageFile>
                      <Name>Castle.Components.Common.TemplateEngine.NVelocityTemplateEngine.pdb</Name>
                    </PackageFile>
                    <PackageFile>
                      <Name>Castle.Components.Common.TemplateEngine.NVelocityTemplateEngine.xml</Name>
                    </PackageFile>
                    <PackageFile>
                      <Name>Castle.Components.Common.TemplateEngine.pdb</Name>
                    </PackageFile>
                    <PackageFile>
                      <Name>Castle.Components.Common.TemplateEngine.xml</Name>
                    </PackageFile>
                    <PackageFile>
                      <Name>Castle.Components.DictionaryAdapter.dll</Name>
                    </PackageFile>
                    <PackageFile>
                      <Name>Castle.Components.DictionaryAdapter.pdb</Name>
                    </PackageFile>
                    <PackageFile>
                      <Name>Castle.Components.DictionaryAdapter.xml</Name>
                    </PackageFile>
                    <PackageFile>
                      <Name>Castle.Components.Pagination.dll</Name>
                    </PackageFile>
                    <PackageFile>
                      <Name>Castle.Components.Pagination.pdb</Name>
                    </PackageFile>
                    <PackageFile>
                      <Name>Castle.Components.Pagination.xml</Name>
                    </PackageFile>
                    <PackageFile>
                      <Name>Castle.Components.Scheduler.dll</Name>
                    </PackageFile>
                    <PackageFile>
                      <Name>Castle.Components.Scheduler.pdb</Name>
                    </PackageFile>
                    <PackageFile>
                      <Name>Castle.Components.Scheduler.WindsorExtension.dll</Name>
                    </PackageFile>
                    <PackageFile>
                      <Name>Castle.Components.Scheduler.WindsorExtension.pdb</Name>
                    </PackageFile>
                    <PackageFile>
                      <Name>Castle.Components.Scheduler.WindsorExtension.xml</Name>
                    </PackageFile>
                    <PackageFile>
                      <Name>Castle.Components.Scheduler.xml</Name>
                    </PackageFile>
                    <PackageFile>
                      <Name>Castle.Components.Validator.dll</Name>
                    </PackageFile>
                    <PackageFile>
                      <Name>Castle.Components.Validator.pdb</Name>
                    </PackageFile>
                    <PackageFile>
                      <Name>Castle.Components.Validator.resources.dll</Name>
                    </PackageFile>
                    <PackageFile>
                      <Name>Castle.Components.Validator.Tests.dll</Name>
                    </PackageFile>
                    <PackageFile>
                      <Name>Castle.Components.Validator.Tests.pdb</Name>
                    </PackageFile>
                    <PackageFile>
                      <Name>Castle.Components.Validator.Tests.xml</Name>
                    </PackageFile>
                    <PackageFile>
                      <Name>Castle.Components.Validator.xml</Name>
                    </PackageFile>
                    <PackageFile>
                      <Name>Castle.Core.dll</Name>
                    </PackageFile>
                    <PackageFile>
                      <Name>Castle.Core.pdb</Name>
                    </PackageFile>
                    <PackageFile>
                      <Name>Castle.Core.xml</Name>
                    </PackageFile>
                    <PackageFile>
                      <Name>Castle.DynamicProxy.license.txt</Name>
                    </PackageFile>
                    <PackageFile>
                      <Name>Castle.DynamicProxy2.dll</Name>
                    </PackageFile>
                    <PackageFile>
                      <Name>Castle.DynamicProxy2.pdb</Name>
                    </PackageFile>
                    <PackageFile>
                      <Name>Castle.DynamicProxy2.xml</Name>
                    </PackageFile>
                    <PackageFile>
                      <Name>Castle.Facilities.ActiveRecordIntegration.dll</Name>
                    </PackageFile>
                    <PackageFile>
                      <Name>Castle.Facilities.ActiveRecordIntegration.pdb</Name>
                    </PackageFile>
                    <PackageFile>
                      <Name>Castle.Facilities.ActiveRecordIntegration.xml</Name>
                    </PackageFile>
                    <PackageFile>
                      <Name>Castle.Facilities.AutomaticTransactionManagement.dll</Name>
                    </PackageFile>
                    <PackageFile>
                      <Name>Castle.Facilities.AutomaticTransactionManagement.pdb</Name>
                    </PackageFile>
                    <PackageFile>
                      <Name>Castle.Facilities.AutomaticTransactionManagement.xml</Name>
                    </PackageFile>
                    <PackageFile>
                      <Name>Castle.Facilities.BatchRegistration.dll</Name>
                    </PackageFile>
                    <PackageFile>
                      <Name>Castle.Facilities.BatchRegistration.pdb</Name>
                    </PackageFile>
                    <PackageFile>
                      <Name>Castle.Facilities.BatchRegistration.xml</Name>
                    </PackageFile>
                    <PackageFile>
                      <Name>Castle.Facilities.Cache.dll</Name>
                    </PackageFile>
                    <PackageFile>
                      <Name>Castle.Facilities.Cache.pdb</Name>
                    </PackageFile>
                    <PackageFile>
                      <Name>Castle.Facilities.Cache.xml</Name>
                    </PackageFile>
                    <PackageFile>
                      <Name>Castle.Facilities.Logging.dll</Name>
                    </PackageFile>
                    <PackageFile>
                      <Name>Castle.Facilities.Logging.pdb</Name>
                    </PackageFile>
                    <PackageFile>
                      <Name>Castle.Facilities.Logging.xml</Name>
                    </PackageFile>
                    <PackageFile>
                      <Name>Castle.Facilities.NHibernateIntegration.dll</Name>
                    </PackageFile>
                    <PackageFile>
                      <Name>Castle.Facilities.NHibernateIntegration.pdb</Name>
                    </PackageFile>
                    <PackageFile>
                      <Name>Castle.Facilities.NHibernateIntegration.xml</Name>
                    </PackageFile>
                    <PackageFile>
                      <Name>Castle.Facilities.Remoting.TestComponents.dll</Name>
                    </PackageFile>
                    <PackageFile>
                      <Name>Castle.Facilities.Remoting.TestComponents.pdb</Name>
                    </PackageFile>
                    <PackageFile>
                      <Name>Castle.Facilities.Remoting.TestComponents.xml</Name>
                    </PackageFile>
                    <PackageFile>
                      <Name>Castle.Facilities.Synchronize.dll</Name>
                    </PackageFile>
                    <PackageFile>
                      <Name>Castle.Facilities.Synchronize.pdb</Name>
                    </PackageFile>
                    <PackageFile>
                      <Name>Castle.Facilities.Synchronize.xml</Name>
                    </PackageFile>
                    <PackageFile>
                      <Name>Castle.Facilities.WcfIntegration.Demo.dll</Name>
                    </PackageFile>
                    <PackageFile>
                      <Name>Castle.Facilities.WcfIntegration.Demo.pdb</Name>
                    </PackageFile>
                    <PackageFile>
                      <Name>Castle.Facilities.WcfIntegration.Demo.xml</Name>
                    </PackageFile>
                    <PackageFile>
                      <Name>Castle.Facilities.WcfIntegration.dll</Name>
                    </PackageFile>
                    <PackageFile>
                      <Name>Castle.Facilities.WcfIntegration.pdb</Name>
                    </PackageFile>
                    <PackageFile>
                      <Name>Castle.Facilities.WcfIntegration.xml</Name>
                    </PackageFile>
                    <PackageFile>
                      <Name>Castle.MicroKernel.dll</Name>
                    </PackageFile>
                    <PackageFile>
                      <Name>Castle.MicroKernel.pdb</Name>
                    </PackageFile>
                    <PackageFile>
                      <Name>Castle.MicroKernel.xml</Name>
                    </PackageFile>
                    <PackageFile>
                      <Name>Castle.Services.Logging.Log4netIntegration.dll</Name>
                    </PackageFile>
                    <PackageFile>
                      <Name>Castle.Services.Logging.Log4netIntegration.pdb</Name>
                    </PackageFile>
                    <PackageFile>
                      <Name>Castle.Services.Logging.Log4netIntegration.xml</Name>
                    </PackageFile>
                    <PackageFile>
                      <Name>Castle.Services.Logging.NLogIntegration.dll</Name>
                    </PackageFile>
                    <PackageFile>
                      <Name>Castle.Services.Logging.NLogIntegration.pdb</Name>
                    </PackageFile>
                    <PackageFile>
                      <Name>Castle.Services.Logging.NLogIntegration.xml</Name>
                    </PackageFile>
                    <PackageFile>
                      <Name>Castle.Services.Transaction.dll</Name>
                    </PackageFile>
                    <PackageFile>
                      <Name>Castle.Services.Transaction.pdb</Name>
                    </PackageFile>
                    <PackageFile>
                      <Name>Castle.Services.Transaction.xml</Name>
                    </PackageFile>
                    <PackageFile>
                      <Name>Castle.Windsor.dll</Name>
                    </PackageFile>
                    <PackageFile>
                      <Name>Castle.Windsor.pdb</Name>
                    </PackageFile>
                    <PackageFile>
                      <Name>Castle.Windsor.xml</Name>
                    </PackageFile>
                    <PackageFile>
                      <Name>Common.Logging.dll</Name>
                    </PackageFile>
                    <PackageFile>
                      <Name>DefaultsAreCorrect.xml</Name>
                    </PackageFile>
                    <PackageFile>
                      <Name>EcmaScript.NET.modified.dll</Name>
                    </PackageFile>
                    <PackageFile>
                      <Name>exists.txt</Name>
                    </PackageFile>
                    <PackageFile>
                      <Name>extensions.brail</Name>
                    </PackageFile>
                    <PackageFile>
                      <Name>foreach.spark</Name>
                    </PackageFile>
                    <PackageFile>
                      <Name>hasReferenceToAnotherFile.boo</Name>
                    </PackageFile>
                    <PackageFile>
                      <Name>HtmlAgilityPack.dll</Name>
                    </PackageFile>
                    <PackageFile>
                      <Name>Iesi.Collections.dll</Name>
                    </PackageFile>
                    <PackageFile>
                      <Name>Iesi.Collections.license.txt</Name>
                    </PackageFile>
                    <PackageFile>
                      <Name>Iesi.Collections.pdb</Name>
                    </PackageFile>
                    <PackageFile>
                      <Name>Iesi.Collections.Test.dll</Name>
                    </PackageFile>
                    <PackageFile>
                      <Name>Iesi.Collections.Test.pdb</Name>
                    </PackageFile>
                    <PackageFile>
                      <Name>Iesi.Collections.xml</Name>
                    </PackageFile>
                    <PackageFile>
                      <Name>LinFu.DynamicProxy.dll</Name>
                    </PackageFile>
                    <PackageFile>
                      <Name>LinFu.License.txt</Name>
                    </PackageFile>
                    <PackageFile>
                      <Name>List.spark</Name>
                    </PackageFile>
                    <PackageFile>
                      <Name>log4net.dll</Name>
                    </PackageFile>
                    <PackageFile>
                      <Name>log4net.license.txt</Name>
                    </PackageFile>
                    <PackageFile>
                      <Name>log4net.xml</Name>
                    </PackageFile>
                    <PackageFile>
                      <Name>Lucene.Net.dll</Name>
                    </PackageFile>
                    <PackageFile>
                      <Name>master.brail</Name>
                    </PackageFile>
                    <PackageFile>
                      <Name>MbUnit.AddIn.dll</Name>
                    </PackageFile>
                    <PackageFile>
                      <Name>MbUnit.Cons.exe</Name>
                    </PackageFile>
                    <PackageFile>
                      <Name>MbUnit.Cons.exe.config</Name>
                    </PackageFile>
                    <PackageFile>
                      <Name>MbUnit.Demo.1.1.dll</Name>
                    </PackageFile>
                    <PackageFile>
                      <Name>MbUnit.Framework.1.1.dll</Name>
                    </PackageFile>
                    <PackageFile>
                      <Name>MbUnit.Framework.1.1.XML</Name>
                    </PackageFile>
                    <PackageFile>
                      <Name>MbUnit.Framework.2.0.dll</Name>
                    </PackageFile>
                    <PackageFile>
                      <Name>MbUnit.Framework.dll</Name>
                    </PackageFile>
                    <PackageFile>
                      <Name>MbUnit.Framework.XML</Name>
                    </PackageFile>
                    <PackageFile>
                      <Name>MbUnit.GUI.exe</Name>
                    </PackageFile>
                    <PackageFile>
                      <Name>MbUnit.GUI.exe.config</Name>
                    </PackageFile>
                    <PackageFile>
                      <Name>MbUnit.MSBuild.Tasks.dll</Name>
                    </PackageFile>
                    <PackageFile>
                      <Name>MbUnit.Tasks.dll</Name>
                    </PackageFile>
                    <PackageFile>
                      <Name>MbUnit.Tests.1.1.dll</Name>
                    </PackageFile>
                    <PackageFile>
                      <Name>Messages.lt.Designer.cs</Name>
                    </PackageFile>
                    <PackageFile>
                      <Name>Messages.lt.resx</Name>
                    </PackageFile>
                    <PackageFile>
                      <Name>Messages.ru.resx</Name>
                    </PackageFile>
                    <PackageFile>
                      <Name>MethodSubstitutionBaseClass.boo</Name>
                    </PackageFile>
                    <PackageFile>
                      <Name>Microsoft.Practices.ObjectBuilder2.dll</Name>
                    </PackageFile>
                    <PackageFile>
                      <Name>Microsoft.Practices.ServiceLocation.dll</Name>
                    </PackageFile>
                    <PackageFile>
                      <Name>Microsoft.Practices.ServiceLocation.pdb</Name>
                    </PackageFile>
                    <PackageFile>
                      <Name>Microsoft.Practices.ServiceLocation.xml</Name>
                    </PackageFile>
                    <PackageFile>
                      <Name>Microsoft.Practices.Unity.dll</Name>
                    </PackageFile>
                    <PackageFile>
                      <Name>Microsoft.Web.Mvc.dll</Name>
                    </PackageFile>
                    <PackageFile>
                      <Name>Microsoft.Web.Mvc.pdb</Name>
                    </PackageFile>
                    <PackageFile>
                      <Name>MvcContrib.BrailViewEngine.dll</Name>
                    </PackageFile>
                    <PackageFile>
                      <Name>MvcContrib.BrailViewEngine.pdb</Name>
                    </PackageFile>
                    <PackageFile>
                      <Name>MvcContrib.BrailViewEngine.xml</Name>
                    </PackageFile>
                    <PackageFile>
                      <Name>MvcContrib.Castle.dll</Name>
                    </PackageFile>
                    <PackageFile>
                      <Name>MvcContrib.Castle.pdb</Name>
                    </PackageFile>
                    <PackageFile>
                      <Name>MvcContrib.Castle.xml</Name>
                    </PackageFile>
                    <PackageFile>
                      <Name>MvcContrib.dll</Name>
                    </PackageFile>
                    <PackageFile>
                      <Name>MvcContrib.FluentHtml.dll</Name>
                    </PackageFile>
                    <PackageFile>
                      <Name>MvcContrib.FluentHtml.pdb</Name>
                    </PackageFile>
                    <PackageFile>
                      <Name>MvcContrib.FluentHtml.xml</Name>
                    </PackageFile>
                    <PackageFile>
                      <Name>MvcContrib.IncludeHandling.dll</Name>
                    </PackageFile>
                    <PackageFile>
                      <Name>MvcContrib.IncludeHandling.pdb</Name>
                    </PackageFile>
                    <PackageFile>
                      <Name>MvcContrib.pdb</Name>
                    </PackageFile>
                    <PackageFile>
                      <Name>MvcContrib.SparkViewEngine.dll</Name>
                    </PackageFile>
                    <PackageFile>
                      <Name>MvcContrib.SparkViewEngine.pdb</Name>
                    </PackageFile>
                    <PackageFile>
                      <Name>MvcContrib.Spring.dll</Name>
                    </PackageFile>
                    <PackageFile>
                      <Name>MvcContrib.Spring.pdb</Name>
                    </PackageFile>
                    <PackageFile>
                      <Name>MvcContrib.Spring.xml</Name>
                    </PackageFile>
                    <PackageFile>
                      <Name>MvcContrib.StructureMap.dll</Name>
                    </PackageFile>
                    <PackageFile>
                      <Name>MvcContrib.StructureMap.pdb</Name>
                    </PackageFile>
                    <PackageFile>
                      <Name>MvcContrib.StructureMap.xml</Name>
                    </PackageFile>
                    <PackageFile>
                      <Name>MvcContrib.TestHelper.dll</Name>
                    </PackageFile>
                    <PackageFile>
                      <Name>MvcContrib.TestHelper.pdb</Name>
                    </PackageFile>
                    <PackageFile>
                      <Name>MvcContrib.TestHelper.xml</Name>
                    </PackageFile>
                    <PackageFile>
                      <Name>MVCContrib.UnitTests.dll</Name>
                    </PackageFile>
                    <PackageFile>
                      <Name>MVCContrib.UnitTests.dll.config</Name>
                    </PackageFile>
                    <PackageFile>
                      <Name>MVCContrib.UnitTests.pdb</Name>
                    </PackageFile>
                    <PackageFile>
                      <Name>MvcContrib.Unity.dll</Name>
                    </PackageFile>
                    <PackageFile>
                      <Name>MvcContrib.Unity.pdb</Name>
                    </PackageFile>
                    <PackageFile>
                      <Name>MvcContrib.Unity.XML</Name>
                    </PackageFile>
                    <PackageFile>
                      <Name>MvcContrib.ViewEngines.NVelocity.dll</Name>
                    </PackageFile>
                    <PackageFile>
                      <Name>MvcContrib.ViewEngines.NVelocity.pdb</Name>
                    </PackageFile>
                    <PackageFile>
                      <Name>MvcContrib.xml</Name>
                    </PackageFile>
                    <PackageFile>
                      <Name>MvcContrib.XsltViewEngine.dll</Name>
                    </PackageFile>
                    <PackageFile>
                      <Name>MvcContrib.XsltViewEngine.pdb</Name>
                    </PackageFile>
                    <PackageFile>
                      <Name>MvcContrib.XsltViewEngine.XML</Name>
                    </PackageFile>
                    <PackageFile>
                      <Name>MvcTestingFramework.Sample.Test.dll</Name>
                    </PackageFile>
                    <PackageFile>
                      <Name>MvcTestingFramework.Sample.Test.pdb</Name>
                    </PackageFile>
                    <PackageFile>
                      <Name>Mvp.Xml.dll</Name>
                    </PackageFile>
                    <PackageFile>
                      <Name>namespacesImports.boo</Name>
                    </PackageFile>
                    <PackageFile>
                      <Name>NAnt.Core.dll</Name>
                    </PackageFile>
                    <PackageFile>
                      <Name>NAnt.Core.xml</Name>
                    </PackageFile>
                    <PackageFile>
                      <Name>Newtonsoft.Json.dll</Name>
                    </PackageFile>
                    <PackageFile>
                      <Name>Newtonsoft.Json.XML</Name>
                    </PackageFile>
                    <PackageFile>
                      <Name>NGraphviz.dll</Name>
                    </PackageFile>
                    <PackageFile>
                      <Name>NGraphviz.Helpers.dll</Name>
                    </PackageFile>
                    <PackageFile>
                      <Name>NGraphviz.Layout.dll</Name>
                    </PackageFile>
                    <PackageFile>
                      <Name>NHibernate.ByteCode.Castle.dll</Name>
                    </PackageFile>
                    <PackageFile>
                      <Name>NHibernate.ByteCode.Castle.pdb</Name>
                    </PackageFile>
                    <PackageFile>
                      <Name>NHibernate.ByteCode.Castle.Tests.dll</Name>
                    </PackageFile>
                    <PackageFile>
                      <Name>NHibernate.ByteCode.Castle.Tests.dll.config</Name>
                    </PackageFile>
                    <PackageFile>
                      <Name>NHibernate.ByteCode.Castle.Tests.pdb</Name>
                    </PackageFile>
                    <PackageFile>
                      <Name>NHibernate.ByteCode.Castle.xml</Name>
                    </PackageFile>
                    <PackageFile>
                      <Name>NHibernate.ByteCode.LinFu.dll</Name>
                    </PackageFile>
                    <PackageFile>
                      <Name>NHibernate.ByteCode.LinFu.pdb</Name>
                    </PackageFile>
                    <PackageFile>
                      <Name>NHibernate.ByteCode.LinFu.Tests.dll</Name>
                    </PackageFile>
                    <PackageFile>
                      <Name>NHibernate.ByteCode.LinFu.Tests.dll.config</Name>
                    </PackageFile>
                    <PackageFile>
                      <Name>NHibernate.ByteCode.LinFu.Tests.pdb</Name>
                    </PackageFile>
                    <PackageFile>
                      <Name>NHibernate.ByteCode.LinFu.xml</Name>
                    </PackageFile>
                    <PackageFile>
                      <Name>NHibernate.ByteCode.Spring.dll</Name>
                    </PackageFile>
                    <PackageFile>
                      <Name>NHibernate.ByteCode.Spring.pdb</Name>
                    </PackageFile>
                    <PackageFile>
                      <Name>NHibernate.ByteCode.Spring.Tests.dll</Name>
                    </PackageFile>
                    <PackageFile>
                      <Name>NHibernate.ByteCode.Spring.Tests.dll.config</Name>
                    </PackageFile>
                    <PackageFile>
                      <Name>NHibernate.ByteCode.Spring.Tests.pdb</Name>
                    </PackageFile>
                    <PackageFile>
                      <Name>NHibernate.ByteCode.Spring.xml</Name>
                    </PackageFile>
                    <PackageFile>
                      <Name>NHibernate.dll</Name>
                    </PackageFile>
                    <PackageFile>
                      <Name>NHibernate.DomainModel.dll</Name>
                    </PackageFile>
                    <PackageFile>
                      <Name>NHibernate.DomainModel.pdb</Name>
                    </PackageFile>
                    <PackageFile>
                      <Name>NHibernate.DomainModel.xml</Name>
                    </PackageFile>
                    <PackageFile>
                      <Name>NHibernate.license.txt</Name>
                    </PackageFile>
                    <PackageFile>
                      <Name>NHibernate.Linq.dll</Name>
                    </PackageFile>
                    <PackageFile>
                      <Name>NHibernate.Linq.xml</Name>
                    </PackageFile>
                    <PackageFile>
                      <Name>NHibernate.pdb</Name>
                    </PackageFile>
                    <PackageFile>
                      <Name>NHibernate.Search.dll</Name>
                    </PackageFile>
                    <PackageFile>
                      <Name>NHibernate.Test.dll</Name>
                    </PackageFile>
                    <PackageFile>
                      <Name>NHibernate.Test.dll.config</Name>
                    </PackageFile>
                    <PackageFile>
                      <Name>NHibernate.Test.pdb</Name>
                    </PackageFile>
                    <PackageFile>
                      <Name>NHibernate.Tool.HbmXsd.exe</Name>
                    </PackageFile>
                    <PackageFile>
                      <Name>NHibernate.Tool.HbmXsd.pdb</Name>
                    </PackageFile>
                    <PackageFile>
                      <Name>NHibernate.xml</Name>
                    </PackageFile>
                    <PackageFile>
                      <Name>NLog.dll</Name>
                    </PackageFile>
                    <PackageFile>
                      <Name>NLog.license.txt</Name>
                    </PackageFile>
                    <PackageFile>
                      <Name>NLog.xml</Name>
                    </PackageFile>
                    <PackageFile>
                      <Name>nunit.core.dll</Name>
                    </PackageFile>
                    <PackageFile>
                      <Name>nunit.framework.dll</Name>
                    </PackageFile>
                    <PackageFile>
                      <Name>nunit.framework.license.txt</Name>
                    </PackageFile>
                    <PackageFile>
                      <Name>nunit.framework.xml</Name>
                    </PackageFile>
                    <PackageFile>
                      <Name>NVelocity.dll</Name>
                    </PackageFile>
                    <PackageFile>
                      <Name>NVelocity.pdb</Name>
                    </PackageFile>
                    <PackageFile>
                      <Name>NVelocity.xml</Name>
                    </PackageFile>
                    <PackageFile>
                      <Name>QuickGraph.Algorithms.dll</Name>
                    </PackageFile>
                    <PackageFile>
                      <Name>QuickGraph.Algorithms.Graphviz.dll</Name>
                    </PackageFile>
                    <PackageFile>
                      <Name>QuickGraph.dll</Name>
                    </PackageFile>
                    <PackageFile>
                      <Name>Refly.dll</Name>
                    </PackageFile>
                    <PackageFile>
                      <Name>Rhino.DSL.dll</Name>
                    </PackageFile>
                    <PackageFile>
                      <Name>Rhino.DSL.pdb</Name>
                    </PackageFile>
                    <PackageFile>
                      <Name>Rhino.DSL.Tests.dll</Name>
                    </PackageFile>
                    <PackageFile>
                      <Name>Rhino.DSL.Tests.pdb</Name>
                    </PackageFile>
                    <PackageFile>
                      <Name>Rhino.DSL.XML</Name>
                    </PackageFile>
                    <PackageFile>
                      <Name>Rhino.Mocks.CPP.Interfaces.dll</Name>
                    </PackageFile>
                    <PackageFile>
                      <Name>Rhino.Mocks.dll</Name>
                    </PackageFile>
                    <PackageFile>
                      <Name>Rhino.Mocks.xml</Name>
                    </PackageFile>
                    <PackageFile>
                      <Name>Spark.dll</Name>
                    </PackageFile>
                    <PackageFile>
                      <Name>Spark.pdb</Name>
                    </PackageFile>
                    <PackageFile>
                      <Name>Spark.Web.Mvc.dll</Name>
                    </PackageFile>
                    <PackageFile>
                      <Name>Spark.Web.Mvc.pdb</Name>
                    </PackageFile>
                    <PackageFile>
                      <Name>SparkPartial.spark</Name>
                    </PackageFile>
                    <PackageFile>
                      <Name>Spring.Aop.dll</Name>
                    </PackageFile>
                    <PackageFile>
                      <Name>Spring.Aop.xml</Name>
                    </PackageFile>
                    <PackageFile>
                      <Name>Spring.Core.dll</Name>
                    </PackageFile>
                    <PackageFile>
                      <Name>Spring.Core.xml</Name>
                    </PackageFile>
                    <PackageFile>
                      <Name>sqlite3.dll</Name>
                    </PackageFile>
                    <PackageFile>
                      <Name>StructureMap.dll</Name>
                    </PackageFile>
                    <PackageFile>
                      <Name>sub.brail</Name>
                    </PackageFile>
                    <PackageFile>
                      <Name>sub_CustomViewData.brail</Name>
                    </PackageFile>
                    <PackageFile>
                      <Name>System.Data.SQLite.DLL</Name>
                    </PackageFile>
                    <PackageFile>
                      <Name>System.Web.Mvc.dll</Name>
                    </PackageFile>
                    <PackageFile>
                      <Name>System.Web.Mvc.xml</Name>
                    </PackageFile>
                    <PackageFile>
                      <Name>TestDriven.Framework.dll</Name>
                    </PackageFile>
                    <PackageFile>
                      <Name>TestEnbeddedConfig.cfg.xml</Name>
                    </PackageFile>
                    <PackageFile>
                      <Name>TestFu.dll</Name>
                    </PackageFile>
                    <PackageFile>
                      <Name>TestFu.XML</Name>
                    </PackageFile>
                    <PackageFile>
                      <Name>uninst.exe</Name>
                    </PackageFile>
                    <PackageFile>
                      <Name>users.txt</Name>
                    </PackageFile>
                    <PackageFile>
                      <Name>view.brail</Name>
                    </PackageFile>
                    <PackageFile>
                      <Name>view_CustomViewData.brail</Name>
                    </PackageFile>
                    <PackageFile>
                      <Name>WatiN.Core.dll</Name>
                    </PackageFile>
                    <PackageFile>
                      <Name>WatiN.Core.xml</Name>
                    </PackageFile>
                    <PackageFile>
                      <Name>Website.dll</Name>
                    </PackageFile>
                    <PackageFile>
                      <Name>Website.pdb</Name>
                    </PackageFile>
                    <PackageFile>
                      <Name>WhenPathMissingAFormatPlaceHolder_WillThrow_pathValidation1.xml</Name>
                    </PackageFile>
                    <PackageFile>
                      <Name>WhenPathMissingAFormatPlaceHolder_WillThrow_pathValidation2.xml</Name>
                    </PackageFile>
                    <PackageFile>
                      <Name>XsdTidy.exe</Name>
                    </PackageFile>
                    <PackageFile>
                      <Name>Yahoo.Yui.Compressor.dll</Name>
                    </PackageFile>
                  </Contents>
                  <IsError>false</IsError>
                  <ErrorMessage i:nil="true" />
                </Package>
              </Packages>
              <Url>web/asp.net.mvc/mvccontrib/</Url>
            </Category>
          </Categories>
          <Packages />
          <Url>web/asp.net.mvc/</Url>
        </Category>
      </Categories>
      <Packages />
      <Url>web/</Url>
    </Category>
    <Category>
      <Name>wpf</Name>
      <Categories>
        <Category>
          <Name>caliburn</Name>
          <Categories>
            <Category>
              <Name>caliburn-silverlight</Name>
              <Categories />
              <Packages>
                <Package>
                  <Name>caliburn-silverlight</Name>
                  <MetaData>
                    <MetaData>
                      <Name>category</Name>
                      <Value>Silverlight</Value>
                    </MetaData>
                    <MetaData>
                      <Name>description</Name>
                      <Value>Designed to aid in the development of WPF and Silverlight applications, Caliburn implements a variety of UI patterns for solving real-world problems. Patterns that are enabled by the framework include MVC, MVP, Presentation Model (MVVM), Commands and Application Controller.</Value>
                    </MetaData>
                    <MetaData>
                      <Name>forum</Name>
                      <Value>http://caliburn.codeplex.com/Thread/List.aspx</Value>
                    </MetaData>
                    <MetaData>
                      <Name>homepage</Name>
                      <Value>http://caliburn.codeplex.com/</Value>
                    </MetaData>
                    <MetaData>
                      <Name>name</Name>
                      <Value>Caliburn</Value>
                    </MetaData>
                    <MetaData>
                      <Name>notes</Name>
                      <Value />
                    </MetaData>
                  </MetaData>
                  <Version>2.0</Version>
                  <Url>wpf/caliburn/caliburn-silverlight/caliburn-silverlight-2.0</Url>
                  <ZipFileName i:nil="true" />
                  <Contents />
                  <IsError>true</IsError>
                  <ErrorMessage>
                    no build files found at C:\horn\.horn\wpf\caliburn\caliburn-silverlight\Working-2.0\bin.
                  </ErrorMessage>
                </Package>
                <Package>
                  <Name>caliburn-silverlight</Name>
                  <MetaData>
                    <MetaData>
                      <Name>category</Name>
                      <Value>Silverlight</Value>
                    </MetaData>
                    <MetaData>
                      <Name>description</Name>
                      <Value>Designed to aid in the development of WPF and Silverlight applications, Caliburn implements a variety of UI patterns for solving real-world problems. Patterns that are enabled by the framework include MVC, MVP, Presentation Model (MVVM), Commands and Application Controller.</Value>
                    </MetaData>
                    <MetaData>
                      <Name>forum</Name>
                      <Value>http://caliburn.codeplex.com/Thread/List.aspx</Value>
                    </MetaData>
                    <MetaData>
                      <Name>homepage</Name>
                      <Value>http://caliburn.codeplex.com/</Value>
                    </MetaData>
                    <MetaData>
                      <Name>name</Name>
                      <Value>Caliburn</Value>
                    </MetaData>
                    <MetaData>
                      <Name>notes</Name>
                      <Value />
                    </MetaData>
                  </MetaData>
                  <Version>trunk</Version>
                  <Url>wpf/caliburn/caliburn-silverlight/caliburn-silverlight-trunk</Url>
                  <ZipFileName i:nil="true" />
                  <Contents />
                  <IsError>false</IsError>
                  <ErrorMessage i:nil="true" />
                </Package>
              </Packages>
              <Url>wpf/caliburn/caliburn-silverlight/</Url>
            </Category>
          </Categories>
          <Packages>
            <Package>
              <Name>caliburn</Name>
              <MetaData>
                <MetaData>
                  <Name>category</Name>
                  <Value>WPF</Value>
                </MetaData>
                <MetaData>
                  <Name>description</Name>
                  <Value>Designed to aid in the development of WPF and Silverlight applications, Caliburn implements a variety of UI patterns for solving real-world problems. Patterns that are enabled by the framework include MVC, MVP, Presentation Model (MVVM), Commands and Application Controller.</Value>
                </MetaData>
                <MetaData>
                  <Name>forum</Name>
                  <Value>http://caliburn.codeplex.com/Thread/List.aspx</Value>
                </MetaData>
                <MetaData>
                  <Name>homepage</Name>
                  <Value>http://caliburn.codeplex.com/</Value>
                </MetaData>
                <MetaData>
                  <Name>name</Name>
                  <Value>Caliburn</Value>
                </MetaData>
                <MetaData>
                  <Name>notes</Name>
                  <Value />
                </MetaData>
              </MetaData>
              <Version>trunk</Version>
              <Url>wpf/caliburn/caliburn-trunk</Url>
              <ZipFileName>
                <Name>caliburn-trunk.zip</Name>
              </ZipFileName>
              <Contents>
                <PackageFile>
                  <Name>adodb.dll</Name>
                </PackageFile>
                <PackageFile>
                  <Name>Aggregate.dll</Name>
                </PackageFile>
                <PackageFile>
                  <Name>Aggregate.pdb</Name>
                </PackageFile>
                <PackageFile>
                  <Name>AnonymousBaseClass.boo</Name>
                </PackageFile>
                <PackageFile>
                  <Name>anotherFile.boo</Name>
                </PackageFile>
                <PackageFile>
                  <Name>anotherFile2.boo</Name>
                </PackageFile>
                <PackageFile>
                  <Name>anrControls.Markdown.NET.dll</Name>
                </PackageFile>
                <PackageFile>
                  <Name>Antlr3.Runtime.dll</Name>
                </PackageFile>
                <PackageFile>
                  <Name>Autofac.dll</Name>
                </PackageFile>
                <PackageFile>
                  <Name>Autofac.XML</Name>
                </PackageFile>
                <PackageFile>
                  <Name>AutoImport.boo</Name>
                </PackageFile>
                <PackageFile>
                  <Name>Boo.Lang.CodeDom.dll</Name>
                </PackageFile>
                <PackageFile>
                  <Name>Boo.Lang.Compiler.dll</Name>
                </PackageFile>
                <PackageFile>
                  <Name>Boo.Lang.dll</Name>
                </PackageFile>
                <PackageFile>
                  <Name>Boo.Lang.Extensions.dll</Name>
                </PackageFile>
                <PackageFile>
                  <Name>Boo.Lang.Interpreter.dll</Name>
                </PackageFile>
                <PackageFile>
                  <Name>Boo.Lang.Parser.dll</Name>
                </PackageFile>
                <PackageFile>
                  <Name>Boo.Lang.PatternMatching.dll</Name>
                </PackageFile>
                <PackageFile>
                  <Name>Boo.Lang.Useful.dll</Name>
                </PackageFile>
                <PackageFile>
                  <Name>Boo.Microsoft.Build.Tasks.dll</Name>
                </PackageFile>
                <PackageFile>
                  <Name>Boo.NAnt.Tasks.dll</Name>
                </PackageFile>
                <PackageFile>
                  <Name>Caliburn.Castle.dll</Name>
                </PackageFile>
                <PackageFile>
                  <Name>Caliburn.Castle.xml</Name>
                </PackageFile>
                <PackageFile>
                  <Name>Caliburn.Core.dll</Name>
                </PackageFile>
                <PackageFile>
                  <Name>Caliburn.Core.xml</Name>
                </PackageFile>
                <PackageFile>
                  <Name>Caliburn.MEF.dll</Name>
                </PackageFile>
                <PackageFile>
                  <Name>Caliburn.MEF.xml</Name>
                </PackageFile>
                <PackageFile>
                  <Name>Caliburn.ModelFramework.dll</Name>
                </PackageFile>
                <PackageFile>
                  <Name>Caliburn.ModelFramework.xml</Name>
                </PackageFile>
                <PackageFile>
                  <Name>Caliburn.Ninject.dll</Name>
                </PackageFile>
                <PackageFile>
                  <Name>Caliburn.Ninject.xml</Name>
                </PackageFile>
                <PackageFile>
                  <Name>Caliburn.PresentationFramework.dll</Name>
                </PackageFile>
                <PackageFile>
                  <Name>Caliburn.PresentationFramework.xml</Name>
                </PackageFile>
                <PackageFile>
                  <Name>Caliburn.Spring.dll</Name>
                </PackageFile>
                <PackageFile>
                  <Name>Caliburn.Spring.xml</Name>
                </PackageFile>
                <PackageFile>
                  <Name>Caliburn.StructureMap.dll</Name>
                </PackageFile>
                <PackageFile>
                  <Name>Caliburn.StructureMap.xml</Name>
                </PackageFile>
                <PackageFile>
                  <Name>Caliburn.Testability.dll</Name>
                </PackageFile>
                <PackageFile>
                  <Name>Caliburn.Testability.xml</Name>
                </PackageFile>
                <PackageFile>
                  <Name>Caliburn.Unity.dll</Name>
                </PackageFile>
                <PackageFile>
                  <Name>Caliburn.Unity.xml</Name>
                </PackageFile>
                <PackageFile>
                  <Name>Cassini.dll</Name>
                </PackageFile>
                <PackageFile>
                  <Name>Castle.Core.dll</Name>
                </PackageFile>
                <PackageFile>
                  <Name>Castle.Core.pdb</Name>
                </PackageFile>
                <PackageFile>
                  <Name>Castle.Core.xml</Name>
                </PackageFile>
                <PackageFile>
                  <Name>Castle.DynamicProxy2.dll</Name>
                </PackageFile>
                <PackageFile>
                  <Name>Castle.DynamicProxy2.pdb</Name>
                </PackageFile>
                <PackageFile>
                  <Name>Castle.DynamicProxy2.xml</Name>
                </PackageFile>
                <PackageFile>
                  <Name>Castle.MicroKernel.dll</Name>
                </PackageFile>
                <PackageFile>
                  <Name>Castle.MicroKernel.pdb</Name>
                </PackageFile>
                <PackageFile>
                  <Name>Castle.MicroKernel.xml</Name>
                </PackageFile>
                <PackageFile>
                  <Name>Castle.Windsor.dll</Name>
                </PackageFile>
                <PackageFile>
                  <Name>Castle.Windsor.pdb</Name>
                </PackageFile>
                <PackageFile>
                  <Name>Castle.Windsor.xml</Name>
                </PackageFile>
                <PackageFile>
                  <Name>Common.Logging.dll</Name>
                </PackageFile>
                <PackageFile>
                  <Name>hasReferenceToAnotherFile.boo</Name>
                </PackageFile>
                <PackageFile>
                  <Name>Iesi.Collections.dll</Name>
                </PackageFile>
                <PackageFile>
                  <Name>Iesi.Collections.license.txt</Name>
                </PackageFile>
                <PackageFile>
                  <Name>Iesi.Collections.xml</Name>
                </PackageFile>
                <PackageFile>
                  <Name>log4net.dll</Name>
                </PackageFile>
                <PackageFile>
                  <Name>log4net.license.txt</Name>
                </PackageFile>
                <PackageFile>
                  <Name>log4net.xml</Name>
                </PackageFile>
                <PackageFile>
                  <Name>Lucene.Net.dll</Name>
                </PackageFile>
                <PackageFile>
                  <Name>MbUnit.AddIn.dll</Name>
                </PackageFile>
                <PackageFile>
                  <Name>MbUnit.Cons.exe</Name>
                </PackageFile>
                <PackageFile>
                  <Name>MbUnit.Cons.exe.config</Name>
                </PackageFile>
                <PackageFile>
                  <Name>MbUnit.Demo.1.1.dll</Name>
                </PackageFile>
                <PackageFile>
                  <Name>MbUnit.Framework.1.1.dll</Name>
                </PackageFile>
                <PackageFile>
                  <Name>MbUnit.Framework.1.1.XML</Name>
                </PackageFile>
                <PackageFile>
                  <Name>MbUnit.Framework.2.0.dll</Name>
                </PackageFile>
                <PackageFile>
                  <Name>MbUnit.Framework.dll</Name>
                </PackageFile>
                <PackageFile>
                  <Name>MbUnit.Framework.XML</Name>
                </PackageFile>
                <PackageFile>
                  <Name>MbUnit.GUI.exe</Name>
                </PackageFile>
                <PackageFile>
                  <Name>MbUnit.GUI.exe.config</Name>
                </PackageFile>
                <PackageFile>
                  <Name>MbUnit.MSBuild.Tasks.dll</Name>
                </PackageFile>
                <PackageFile>
                  <Name>MbUnit.Tasks.dll</Name>
                </PackageFile>
                <PackageFile>
                  <Name>MbUnit.Tests.1.1.dll</Name>
                </PackageFile>
                <PackageFile>
                  <Name>MethodSubstitutionBaseClass.boo</Name>
                </PackageFile>
                <PackageFile>
                  <Name>Microsoft.Practices.Composite.dll</Name>
                </PackageFile>
                <PackageFile>
                  <Name>Microsoft.Practices.Composite.Presentation.dll</Name>
                </PackageFile>
                <PackageFile>
                  <Name>Microsoft.Practices.Composite.Presentation.xml</Name>
                </PackageFile>
                <PackageFile>
                  <Name>Microsoft.Practices.Composite.UnityExtensions.dll</Name>
                </PackageFile>
                <PackageFile>
                  <Name>Microsoft.Practices.Composite.UnityExtensions.XML</Name>
                </PackageFile>
                <PackageFile>
                  <Name>Microsoft.Practices.Composite.xml</Name>
                </PackageFile>
                <PackageFile>
                  <Name>Microsoft.Practices.ObjectBuilder2.dll</Name>
                </PackageFile>
                <PackageFile>
                  <Name>Microsoft.Practices.ObjectBuilder2.xml</Name>
                </PackageFile>
                <PackageFile>
                  <Name>Microsoft.Practices.ServiceLocation.dll</Name>
                </PackageFile>
                <PackageFile>
                  <Name>Microsoft.Practices.ServiceLocation.XML</Name>
                </PackageFile>
                <PackageFile>
                  <Name>Microsoft.Practices.Unity.Configuration.dll</Name>
                </PackageFile>
                <PackageFile>
                  <Name>Microsoft.Practices.Unity.Configuration.xml</Name>
                </PackageFile>
                <PackageFile>
                  <Name>Microsoft.Practices.Unity.dll</Name>
                </PackageFile>
                <PackageFile>
                  <Name>Microsoft.Practices.Unity.Interception.Configuration.dll</Name>
                </PackageFile>
                <PackageFile>
                  <Name>Microsoft.Practices.Unity.Interception.Configuration.xml</Name>
                </PackageFile>
                <PackageFile>
                  <Name>Microsoft.Practices.Unity.Interception.dll</Name>
                </PackageFile>
                <PackageFile>
                  <Name>Microsoft.Practices.Unity.Interception.xml</Name>
                </PackageFile>
                <PackageFile>
                  <Name>Microsoft.Practices.Unity.StaticFactory.dll</Name>
                </PackageFile>
                <PackageFile>
                  <Name>Microsoft.Practices.Unity.StaticFactory.xml</Name>
                </PackageFile>
                <PackageFile>
                  <Name>Microsoft.Practices.Unity.xml</Name>
                </PackageFile>
                <PackageFile>
                  <Name>namespacesImports.boo</Name>
                </PackageFile>
                <PackageFile>
                  <Name>NAnt.Core.dll</Name>
                </PackageFile>
                <PackageFile>
                  <Name>NAnt.Core.xml</Name>
                </PackageFile>
                <PackageFile>
                  <Name>Newtonsoft.Json.dll</Name>
                </PackageFile>
                <PackageFile>
                  <Name>Newtonsoft.Json.XML</Name>
                </PackageFile>
                <PackageFile>
                  <Name>NGraphviz.dll</Name>
                </PackageFile>
                <PackageFile>
                  <Name>NGraphviz.Helpers.dll</Name>
                </PackageFile>
                <PackageFile>
                  <Name>NGraphviz.Layout.dll</Name>
                </PackageFile>
                <PackageFile>
                  <Name>NHibernate.ByteCode.Castle.dll</Name>
                </PackageFile>
                <PackageFile>
                  <Name>NHibernate.ByteCode.Castle.xml</Name>
                </PackageFile>
                <PackageFile>
                  <Name>NHibernate.dll</Name>
                </PackageFile>
                <PackageFile>
                  <Name>NHibernate.license.txt</Name>
                </PackageFile>
                <PackageFile>
                  <Name>NHibernate.Linq.dll</Name>
                </PackageFile>
                <PackageFile>
                  <Name>NHibernate.Linq.xml</Name>
                </PackageFile>
                <PackageFile>
                  <Name>NHibernate.Search.dll</Name>
                </PackageFile>
                <PackageFile>
                  <Name>NHibernate.xml</Name>
                </PackageFile>
                <PackageFile>
                  <Name>Ninject.dll</Name>
                </PackageFile>
                <PackageFile>
                  <Name>NLog.dll</Name>
                </PackageFile>
                <PackageFile>
                  <Name>NLog.license.txt</Name>
                </PackageFile>
                <PackageFile>
                  <Name>NLog.xml</Name>
                </PackageFile>
                <PackageFile>
                  <Name>nunit.framework.dll</Name>
                </PackageFile>
                <PackageFile>
                  <Name>nunit.framework.license.txt</Name>
                </PackageFile>
                <PackageFile>
                  <Name>NVelocity.dll</Name>
                </PackageFile>
                <PackageFile>
                  <Name>NVelocity.pdb</Name>
                </PackageFile>
                <PackageFile>
                  <Name>NVelocity.xml</Name>
                </PackageFile>
                <PackageFile>
                  <Name>QuickGraph.Algorithms.dll</Name>
                </PackageFile>
                <PackageFile>
                  <Name>QuickGraph.Algorithms.Graphviz.dll</Name>
                </PackageFile>
                <PackageFile>
                  <Name>QuickGraph.dll</Name>
                </PackageFile>
                <PackageFile>
                  <Name>Refly.dll</Name>
                </PackageFile>
                <PackageFile>
                  <Name>Rhino.DSL.dll</Name>
                </PackageFile>
                <PackageFile>
                  <Name>Rhino.DSL.pdb</Name>
                </PackageFile>
                <PackageFile>
                  <Name>Rhino.DSL.Tests.dll</Name>
                </PackageFile>
                <PackageFile>
                  <Name>Rhino.DSL.Tests.pdb</Name>
                </PackageFile>
                <PackageFile>
                  <Name>Rhino.DSL.XML</Name>
                </PackageFile>
                <PackageFile>
                  <Name>Rhino.Mocks.CPP.Interfaces.dll</Name>
                </PackageFile>
                <PackageFile>
                  <Name>Rhino.Mocks.dll</Name>
                </PackageFile>
                <PackageFile>
                  <Name>Rhino.Mocks.xml</Name>
                </PackageFile>
                <PackageFile>
                  <Name>Spring.Core.dll</Name>
                </PackageFile>
                <PackageFile>
                  <Name>Spring.Core.xml</Name>
                </PackageFile>
                <PackageFile>
                  <Name>sqlite3.dll</Name>
                </PackageFile>
                <PackageFile>
                  <Name>StructureMap.dll</Name>
                </PackageFile>
                <PackageFile>
                  <Name>System.ComponentModel.Composition.dll</Name>
                </PackageFile>
                <PackageFile>
                  <Name>System.ComponentModel.Composition.xml</Name>
                </PackageFile>
                <PackageFile>
                  <Name>System.Data.SQLite.DLL</Name>
                </PackageFile>
                <PackageFile>
                  <Name>TestDriven.Framework.dll</Name>
                </PackageFile>
                <PackageFile>
                  <Name>TestFu.dll</Name>
                </PackageFile>
                <PackageFile>
                  <Name>TestFu.XML</Name>
                </PackageFile>
                <PackageFile>
                  <Name>uninst.exe</Name>
                </PackageFile>
                <PackageFile>
                  <Name>users.txt</Name>
                </PackageFile>
                <PackageFile>
                  <Name>WatiN.Core.dll</Name>
                </PackageFile>
                <PackageFile>
                  <Name>WatiN.Core.xml</Name>
                </PackageFile>
                <PackageFile>
                  <Name>XsdTidy.exe</Name>
                </PackageFile>
              </Contents>
              <IsError>false</IsError>
              <ErrorMessage i:nil="true" />
            </Package>
          </Packages>
          <Url>wpf/caliburn/</Url>
        </Category>
      </Categories>
      <Packages />
      <Url>wpf/</Url>
    </Category>
  </Categories>
  <Packages />
  <Url>.horn/</Url>
</Category>