<ArrayOfCategory xmlns:i="http://www.w3.org/2001/XMLSchema-instance" xmlns="http://hornget.com/services">
  <Category>
    <Name>.horn</Name>
    <Categories>
      <Category>
        <Name>builders</Name>
        <Categories>
          <Category>
            <Name>horn</Name>
            <Categories />
            <Packages>
              <Package>
                <Name>horn</Name>
                <MetaData>
                  <MetaData>
                    <Name>category</Name>
                    <Value>Builders</Value>
                  </MetaData>
                  <MetaData>
                    <Name>description</Name>
                    <Value>A .NET build and dependency manager</Value>
                  </MetaData>
                  <MetaData>
                    <Name>forum</Name>
                    <Value>http://groups.google.co.uk/group/horn-development?hl=en</Value>
                  </MetaData>
                  <MetaData>
                    <Name>homepage</Name>
                    <Value>http://code.google.com/p/hornget/</Value>
                  </MetaData>
                  <MetaData>
                    <Name>name</Name>
                    <Value>Horn</Value>
                  </MetaData>
                  <MetaData>
                    <Name>notes</Name>
                    <Value />
                  </MetaData>
                </MetaData>
                <Version>trunk</Version>
                <Url>builders/horn/horn-trunk</Url>
              </Package>
            </Packages>
            <Url>builders/horn/</Url>
          </Category>
        </Categories>
        <Packages />
        <Url>builders/</Url>
      </Category>
      <Category>
        <Name>cms</Name>
        <Categories>
          <Category>
            <Name>n2cms</Name>
            <Categories />
            <Packages>
              <Package>
                <Name>n2cms</Name>
                <MetaData>
                  <MetaData>
                    <Name>category</Name>
                    <Value>CMS</Value>
                  </MetaData>
                  <MetaData>
                    <Name>description</Name>
                    <Value>N2 is a lightweight CMS framework to help you build great web sites that anyone can update</Value>
                  </MetaData>
                  <MetaData>
                    <Name>forum</Name>
                    <Value>http://www.codeplex.com/n2/Thread/List.aspx</Value>
                  </MetaData>
                  <MetaData>
                    <Name>homepage</Name>
                    <Value>http://n2cms.com/</Value>
                  </MetaData>
                  <MetaData>
                    <Name>name</Name>
                    <Value>N2CMS</Value>
                  </MetaData>
                  <MetaData>
                    <Name>notes</Name>
                    <Value />
                  </MetaData>
                </MetaData>
                <Version>2.1</Version>
                <Url>cms/n2cms/n2cms-2.1</Url>
              </Package>
              <Package>
                <Name>n2cms</Name>
                <MetaData>
                  <MetaData>
                    <Name>category</Name>
                    <Value>CMS</Value>
                  </MetaData>
                  <MetaData>
                    <Name>description</Name>
                    <Value>N2 is a lightweight CMS framework to help you build great web sites that anyone can update</Value>
                  </MetaData>
                  <MetaData>
                    <Name>forum</Name>
                    <Value>http://www.codeplex.com/n2/Thread/List.aspx</Value>
                  </MetaData>
                  <MetaData>
                    <Name>homepage</Name>
                    <Value>http://n2cms.com/</Value>
                  </MetaData>
                  <MetaData>
                    <Name>name</Name>
                    <Value>N2CMS</Value>
                  </MetaData>
                  <MetaData>
                    <Name>notes</Name>
                    <Value />
                  </MetaData>
                </MetaData>
                <Version>trunk</Version>
                <Url>cms/n2cms/n2cms-trunk</Url>
              </Package>
            </Packages>
            <Url>cms/n2cms/</Url>
          </Category>
        </Categories>
        <Packages />
        <Url>cms/</Url>
      </Category>
      <Category>
        <Name>esbs</Name>
        <Categories>
          <Category>
            <Name>masstransit</Name>
            <Categories />
            <Packages>
              <Package>
                <Name>masstransit</Name>
                <MetaData>
                  <MetaData>
                    <Name>category</Name>
                    <Value>ESB</Value>
                  </MetaData>
                  <MetaData>
                    <Name>description</Name>
                    <Value>MassTransit is lean service bus implementation for building loosely coupled applications using the .NET framework</Value>
                  </MetaData>
                  <MetaData>
                    <Name>forum</Name>
                    <Value>http://groups.google.com/group/masstransit-discuss</Value>
                  </MetaData>
                  <MetaData>
                    <Name>homepage</Name>
                    <Value>http://code.google.com/p/masstransit/</Value>
                  </MetaData>
                  <MetaData>
                    <Name>name</Name>
                    <Value>MassTransit</Value>
                  </MetaData>
                  <MetaData>
                    <Name>notes</Name>
                    <Value />
                  </MetaData>
                </MetaData>
                <Version>trunk</Version>
                <Url>esbs/masstransit/masstransit-trunk</Url>
              </Package>
            </Packages>
            <Url>esbs/masstransit/</Url>
          </Category>
        </Categories>
        <Packages />
        <Url>esbs/</Url>
      </Category>
      <Category>
        <Name>frameworks</Name>
        <Categories>
          <Category>
            <Name>magnum</Name>
            <Categories />
            <Packages />
            <Url>frameworks/magnum/</Url>
          </Category>
          <Category>
            <Name>ncommon</Name>
            <Categories />
            <Packages>
              <Package>
                <Name>ncommon</Name>
                <MetaData>
                  <MetaData>
                    <Name>category</Name>
                    <Value>Frameworks</Value>
                  </MetaData>
                  <MetaData>
                    <Name>description</Name>
                    <Value>NCommon is a library that contains implementations of commonly used design patterns when developing applications.</Value>
                  </MetaData>
                  <MetaData>
                    <Name>forum</Name>
                    <Value>http://ncommon.codeplex.com/Thread/List.aspx</Value>
                  </MetaData>
                  <MetaData>
                    <Name>homepage</Name>
                    <Value>http://ncommon.codeplex.com/</Value>
                  </MetaData>
                  <MetaData>
                    <Name>name</Name>
                    <Value>NCommon</Value>
                  </MetaData>
                  <MetaData>
                    <Name>notes</Name>
                    <Value />
                  </MetaData>
                </MetaData>
                <Version>trunk</Version>
                <Url>frameworks/ncommon/ncommon-trunk</Url>
              </Package>
            </Packages>
            <Url>frameworks/ncommon/</Url>
          </Category>
          <Category>
            <Name>rhino.tools</Name>
            <Categories>
              <Category>
                <Name>rhino</Name>
                <Categories />
                <Packages>
                  <Package>
                    <Name>rhino</Name>
                    <MetaData>
                      <MetaData>
                        <Name>category</Name>
                        <Value>Frameworks</Value>
                      </MetaData>
                      <MetaData>
                        <Name>description</Name>
                        <Value>Rhino tools including Rhino Mocks, Rhino ETL, Binsor etc.</Value>
                      </MetaData>
                      <MetaData>
                        <Name>homepage</Name>
                        <Value>http://ayende.com/projects/rhino-mocks.aspx</Value>
                      </MetaData>
                      <MetaData>
                        <Name>forum</Name>
                        <Value>http://groups.google.co.uk/group/rhino-tools-dev</Value>
                      </MetaData>
                      <MetaData>
                        <Name>name</Name>
                        <Value>Rhino Tools</Value>
                      </MetaData>
                      <MetaData>
                        <Name>notes</Name>
                        <Value />
                      </MetaData>
                    </MetaData>
                    <Version>trunk</Version>
                    <Url>frameworks/rhino.tools/rhino/rhino-trunk</Url>
                  </Package>
                </Packages>
                <Url>frameworks/rhino.tools/rhino/</Url>
              </Category>
            </Categories>
            <Packages />
            <Url>frameworks/rhino.tools/</Url>
          </Category>
          <Category>
            <Name>sharp.architecture</Name>
            <Categories />
            <Packages>
              <Package>
                <Name>architecture</Name>
                <MetaData>
                  <MetaData>
                    <Name>category</Name>
                    <Value>Frameworks</Value>
                  </MetaData>
                  <MetaData>
                    <Name>description</Name>
                    <Value>This is a solid architectural foundation for rapidly building maintainable web applications leveraging the ASP.NET MVC framework with NHibernate.</Value>
                  </MetaData>
                  <MetaData>
                    <Name>forum</Name>
                    <Value>http://groups.google.com/group/sharp-architecture</Value>
                  </MetaData>
                  <MetaData>
                    <Name>homepage</Name>
                    <Value>http://code.google.com/p/sharp-architecture/</Value>
                  </MetaData>
                  <MetaData>
                    <Name>name</Name>
                    <Value>Sharp Architecture</Value>
                  </MetaData>
                  <MetaData>
                    <Name>notes</Name>
                    <Value />
                  </MetaData>
                </MetaData>
                <Version>trunk</Version>
                <Url>frameworks/sharp.architecture/architecture-trunk</Url>
              </Package>
            </Packages>
            <Url>frameworks/sharp.architecture/</Url>
          </Category>
          <Category>
            <Name>topshelf</Name>
            <Categories />
            <Packages />
            <Url>frameworks/topshelf/</Url>
          </Category>
        </Categories>
        <Packages />
        <Url>frameworks/</Url>
      </Category>
      <Category>
        <Name>ioc</Name>
        <Categories>
          <Category>
            <Name>castle</Name>
            <Categories />
            <Packages>
              <Package>
                <Name>castle</Name>
                <MetaData>
                  <MetaData>
                    <Name>category</Name>
                    <Value>IoC</Value>
                  </MetaData>
                  <MetaData>
                    <Name>description</Name>
                    <Value>Castle is an open source project for .net that aspires to simplify the development of enterprise and web applications.</Value>
                  </MetaData>
                  <MetaData>
                    <Name>forum</Name>
                    <Value>http://groups.google.co.uk/group/castle-project-users?hl=en</Value>
                  </MetaData>
                  <MetaData>
                    <Name>homepage</Name>
                    <Value>http://www.castleproject.org/</Value>
                  </MetaData>
                  <MetaData>
                    <Name>name</Name>
                    <Value>Castle</Value>
                  </MetaData>
                  <MetaData>
                    <Name>notes</Name>
                    <Value />
                  </MetaData>
                </MetaData>
                <Version>trunk</Version>
                <Url>ioc/castle/castle-trunk</Url>
              </Package>
            </Packages>
            <Url>ioc/castle/</Url>
          </Category>
          <Category>
            <Name>castle.activerecord</Name>
            <Categories />
            <Packages>
              <Package>
                <Name>activerecord</Name>
                <MetaData>
                  <MetaData>
                    <Name>category</Name>
                    <Value>IoC</Value>
                  </MetaData>
                  <MetaData>
                    <Name>description</Name>
                    <Value>The Castle ActiveRecord project is an implementation of the ActiveRecord pattern for .NET.</Value>
                  </MetaData>
                  <MetaData>
                    <Name>forum</Name>
                    <Value>http://groups.google.co.uk/group/castle-project-users?hl=en</Value>
                  </MetaData>
                  <MetaData>
                    <Name>homepage</Name>
                    <Value>http://www.castleproject.org/</Value>
                  </MetaData>
                  <MetaData>
                    <Name>name</Name>
                    <Value>Castle ActiveRecord</Value>
                  </MetaData>
                  <MetaData>
                    <Name>notes</Name>
                    <Value />
                  </MetaData>
                </MetaData>
                <Version>trunk</Version>
                <Url>ioc/castle.activerecord/activerecord-trunk</Url>
              </Package>
            </Packages>
            <Url>ioc/castle.activerecord/</Url>
          </Category>
          <Category>
            <Name>castle.components</Name>
            <Categories />
            <Packages>
              <Package>
                <Name>components</Name>
                <MetaData>
                  <MetaData>
                    <Name>category</Name>
                    <Value>IoC</Value>
                  </MetaData>
                  <MetaData>
                    <Name>description</Name>
                    <Value>Castle validator, templating engine etc.</Value>
                  </MetaData>
                  <MetaData>
                    <Name>forum</Name>
                    <Value>http://groups.google.co.uk/group/castle-project-users?hl=en</Value>
                  </MetaData>
                  <MetaData>
                    <Name>homepage</Name>
                    <Value>http://www.castleproject.org/</Value>
                  </MetaData>
                  <MetaData>
                    <Name>name</Name>
                    <Value>Castle Components</Value>
                  </MetaData>
                  <MetaData>
                    <Name>notes</Name>
                    <Value />
                  </MetaData>
                </MetaData>
                <Version>trunk</Version>
                <Url>ioc/castle.components/components-trunk</Url>
              </Package>
            </Packages>
            <Url>ioc/castle.components/</Url>
          </Category>
          <Category>
            <Name>castle.facilities</Name>
            <Categories />
            <Packages>
              <Package>
                <Name>facilities</Name>
                <MetaData>
                  <MetaData>
                    <Name>category</Name>
                    <Value>IoC</Value>
                  </MetaData>
                  <MetaData>
                    <Name>description</Name>
                    <Value>A castle facility augments the container with new functionality.</Value>
                  </MetaData>
                  <MetaData>
                    <Name>forum</Name>
                    <Value>http://groups.google.co.uk/group/castle-project-users?hl=en</Value>
                  </MetaData>
                  <MetaData>
                    <Name>homepage</Name>
                    <Value>http://www.castleproject.org/</Value>
                  </MetaData>
                  <MetaData>
                    <Name>name</Name>
                    <Value>Castle Facilities</Value>
                  </MetaData>
                  <MetaData>
                    <Name>notes</Name>
                    <Value />
                  </MetaData>
                </MetaData>
                <Version>trunk</Version>
                <Url>ioc/castle.facilities/facilities-trunk</Url>
              </Package>
            </Packages>
            <Url>ioc/castle.facilities/</Url>
          </Category>
          <Category>
            <Name>castle.services</Name>
            <Categories />
            <Packages>
              <Package>
                <Name>services</Name>
                <MetaData>
                  <MetaData>
                    <Name>category</Name>
                    <Value>IoC</Value>
                  </MetaData>
                  <MetaData>
                    <Name>description</Name>
                    <Value>Castle provides a number of services.</Value>
                  </MetaData>
                  <MetaData>
                    <Name>forum</Name>
                    <Value>http://groups.google.co.uk/group/castle-project-users?hl=en</Value>
                  </MetaData>
                  <MetaData>
                    <Name>homepage</Name>
                    <Value>http://www.castleproject.org/</Value>
                  </MetaData>
                  <MetaData>
                    <Name>name</Name>
                    <Value>Castle Services</Value>
                  </MetaData>
                  <MetaData>
                    <Name>notes</Name>
                    <Value />
                  </MetaData>
                </MetaData>
                <Version>trunk</Version>
                <Url>ioc/castle.services/services-trunk</Url>
              </Package>
            </Packages>
            <Url>ioc/castle.services/</Url>
          </Category>
          <Category>
            <Name>castle.tools</Name>
            <Categories />
            <Packages>
              <Package>
                <Name>tools</Name>
                <MetaData>
                  <MetaData>
                    <Name>category</Name>
                    <Value>IoC</Value>
                  </MetaData>
                  <MetaData>
                    <Name>description</Name>
                    <Value>Dynamic Proxy Generator for the CLR.</Value>
                  </MetaData>
                  <MetaData>
                    <Name>forum</Name>
                    <Value>http://groups.google.co.uk/group/castle-project-users?hl=en</Value>
                  </MetaData>
                  <MetaData>
                    <Name>homepage</Name>
                    <Value>http://www.castleproject.org/</Value>
                  </MetaData>
                  <MetaData>
                    <Name>name</Name>
                    <Value>Castle Tools</Value>
                  </MetaData>
                  <MetaData>
                    <Name>notes</Name>
                    <Value />
                  </MetaData>
                </MetaData>
                <Version>trunk</Version>
                <Url>ioc/castle.tools/tools-trunk</Url>
              </Package>
            </Packages>
            <Url>ioc/castle.tools/</Url>
          </Category>
          <Category>
            <Name>castle.windsor</Name>
            <Categories />
            <Packages>
              <Package>
                <Name>windsor</Name>
                <MetaData>
                  <MetaData>
                    <Name>category</Name>
                    <Value>IoC</Value>
                  </MetaData>
                  <MetaData>
                    <Name>description</Name>
                    <Value>Windsor is an inversion of control container that aggregates the MicroKernel offering a friendly fool-proof interface and options to external configurations.</Value>
                  </MetaData>
                  <MetaData>
                    <Name>forum</Name>
                    <Value>http://groups.google.co.uk/group/castle-project-users?hl=en</Value>
                  </MetaData>
                  <MetaData>
                    <Name>homepage</Name>
                    <Value>http://www.castleproject.org/</Value>
                  </MetaData>
                  <MetaData>
                    <Name>name</Name>
                    <Value>Castle Windsor</Value>
                  </MetaData>
                  <MetaData>
                    <Name>notes</Name>
                    <Value />
                  </MetaData>
                </MetaData>
                <Version>trunk</Version>
                <Url>ioc/castle.windsor/windsor-trunk</Url>
              </Package>
            </Packages>
            <Url>ioc/castle.windsor/</Url>
          </Category>
          <Category>
            <Name>linfu</Name>
            <Categories />
            <Packages>
              <Package>
                <Name>linfu</Name>
                <MetaData>
                  <MetaData>
                    <Name>category</Name>
                    <Value>IoC</Value>
                  </MetaData>
                  <MetaData>
                    <Name>description</Name>
                    <Value>The LinFu Framework is a set of libraries that extend the CLR.</Value>
                  </MetaData>
                  <MetaData>
                    <Name>forum</Name>
                    <Value>http://groups.google.com/group/linfuframework</Value>
                  </MetaData>
                  <MetaData>
                    <Name>homepage</Name>
                    <Value>http://code.google.com/p/linfu/</Value>
                  </MetaData>
                  <MetaData>
                    <Name>name</Name>
                    <Value>LinFu</Value>
                  </MetaData>
                  <MetaData>
                    <Name>notes</Name>
                    <Value />
                  </MetaData>
                </MetaData>
                <Version>trunk</Version>
                <Url>ioc/linfu/linfu-trunk</Url>
              </Package>
            </Packages>
            <Url>ioc/linfu/</Url>
          </Category>
          <Category>
            <Name>ninject</Name>
            <Categories />
            <Packages />
            <Url>ioc/ninject/</Url>
          </Category>
        </Categories>
        <Packages />
        <Url>ioc/</Url>
      </Category>
      <Category>
        <Name>languages</Name>
        <Categories>
          <Category>
            <Name>boo</Name>
            <Categories />
            <Packages>
              <Package>
                <Name>boo</Name>
                <MetaData>
                  <MetaData>
                    <Name>category</Name>
                    <Value>Languages</Value>
                  </MetaData>
                  <MetaData>
                    <Name>description</Name>
                    <Value>A wrist friendly language fro the CLI</Value>
                  </MetaData>
                  <MetaData>
                    <Name>forum</Name>
                    <Value>http://groups.google.com/group/boolang</Value>
                  </MetaData>
                  <MetaData>
                    <Name>homepage</Name>
                    <Value>http://boo.codehaus.org/</Value>
                  </MetaData>
                  <MetaData>
                    <Name>name</Name>
                    <Value>Boo</Value>
                  </MetaData>
                  <MetaData>
                    <Name>notes</Name>
                    <Value />
                  </MetaData>
                </MetaData>
                <Version>trunk</Version>
                <Url>languages/boo/boo-trunk</Url>
              </Package>
            </Packages>
            <Url>languages/boo/</Url>
          </Category>
        </Categories>
        <Packages />
        <Url>languages/</Url>
      </Category>
      <Category>
        <Name>loggers</Name>
        <Categories>
          <Category>
            <Name>log4net</Name>
            <Categories />
            <Packages>
              <Package>
                <Name>log4net</Name>
                <MetaData>
                  <MetaData>
                    <Name>category</Name>
                    <Value>Loggers</Value>
                  </MetaData>
                  <MetaData>
                    <Name>description</Name>
                    <Value>log4net is a tool to help the programmer output log statements to a variety of output targets</Value>
                  </MetaData>
                  <MetaData>
                    <Name>forum</Name>
                    <Value>http://mail-archives.apache.org/mod_mbox/logging-log4net-user/</Value>
                  </MetaData>
                  <MetaData>
                    <Name>homepage</Name>
                    <Value>http://logging.apache.org/log4net/index.html</Value>
                  </MetaData>
                  <MetaData>
                    <Name>name</Name>
                    <Value>Log4Net</Value>
                  </MetaData>
                  <MetaData>
                    <Name>notes</Name>
                    <Value>The Trunk of Log4Net is Broken. Use Package &lt;log4net-1.2.10&gt;</Value>
                  </MetaData>
                </MetaData>
                <Version>1.2.10</Version>
                <Url>loggers/log4net/log4net-1.2.10</Url>
              </Package>
              <Package>
                <Name>log4net</Name>
                <MetaData>
                  <MetaData>
                    <Name>category</Name>
                    <Value>Loggers</Value>
                  </MetaData>
                  <MetaData>
                    <Name>description</Name>
                    <Value>log4net is a tool to help the programmer output log statements to a variety of output targets</Value>
                  </MetaData>
                  <MetaData>
                    <Name>forum</Name>
                    <Value>http://mail-archives.apache.org/mod_mbox/logging-log4net-user/</Value>
                  </MetaData>
                  <MetaData>
                    <Name>homepage</Name>
                    <Value>http://logging.apache.org/log4net/index.html</Value>
                  </MetaData>
                  <MetaData>
                    <Name>name</Name>
                    <Value>Log4Net</Value>
                  </MetaData>
                  <MetaData>
                    <Name>notes</Name>
                    <Value>The Trunk of Log4Net is Broken. Use Package &lt;log4net-1.2.10&gt;</Value>
                  </MetaData>
                </MetaData>
                <Version>trunk</Version>
                <Url>loggers/log4net/log4net-trunk</Url>
              </Package>
            </Packages>
            <Url>loggers/log4net/</Url>
          </Category>
        </Categories>
        <Packages />
        <Url>loggers/</Url>
      </Category>
      <Category>
        <Name>mappers</Name>
        <Categories>
          <Category>
            <Name>automapper</Name>
            <Categories />
            <Packages>
              <Package>
                <Name>automapper</Name>
                <MetaData>
                  <MetaData>
                    <Name>category</Name>
                    <Value>Mappers</Value>
                  </MetaData>
                  <MetaData>
                    <Name>description</Name>
                    <Value>A convention-based object-object mapper in .NET.</Value>
                  </MetaData>
                  <MetaData>
                    <Name>forum</Name>
                    <Value>http://groups.google.com/group/automapper-users</Value>
                  </MetaData>
                  <MetaData>
                    <Name>homepage</Name>
                    <Value>http://www.codeplex.com/AutoMapper/</Value>
                  </MetaData>
                  <MetaData>
                    <Name>name</Name>
                    <Value>AutoMapper</Value>
                  </MetaData>
                  <MetaData>
                    <Name>notes</Name>
                    <Value />
                  </MetaData>
                </MetaData>
                <Version>trunk</Version>
                <Url>mappers/automapper/automapper-trunk</Url>
              </Package>
            </Packages>
            <Url>mappers/automapper/</Url>
          </Category>
        </Categories>
        <Packages />
        <Url>mappers/</Url>
      </Category>
      <Category>
        <Name>mocks</Name>
        <Categories>
          <Category>
            <Name>moq</Name>
            <Categories />
            <Packages>
              <Package>
                <Name>moq</Name>
                <MetaData>
                  <MetaData>
                    <Name>category</Name>
                    <Value>Mocks</Value>
                  </MetaData>
                  <MetaData>
                    <Name>description</Name>
                    <Value>The simplest mocking library for .NET 3.5 and Silverlight with deep C# 3.0 integration.</Value>
                  </MetaData>
                  <MetaData>
                    <Name>forum</Name>
                    <Value>http://groups.google.com/group/moqdisc</Value>
                  </MetaData>
                  <MetaData>
                    <Name>homepage</Name>
                    <Value>http://code.google.com/p/moq/</Value>
                  </MetaData>
                  <MetaData>
                    <Name>name</Name>
                    <Value>Moq</Value>
                  </MetaData>
                  <MetaData>
                    <Name>notes</Name>
                    <Value />
                  </MetaData>
                </MetaData>
                <Version>trunk</Version>
                <Url>mocks/moq/moq-trunk</Url>
              </Package>
            </Packages>
            <Url>mocks/moq/</Url>
          </Category>
        </Categories>
        <Packages />
        <Url>mocks/</Url>
      </Category>
      <Category>
        <Name>network</Name>
        <Categories>
          <Category>
            <Name>dndns</Name>
            <Categories />
            <Packages>
              <Package>
                <Name>dndns</Name>
                <MetaData>
                  <MetaData>
                    <Name>category</Name>
                    <Value>Network</Value>
                  </MetaData>
                  <MetaData>
                    <Name>description</Name>
                    <Value>A DNS protocol library</Value>
                  </MetaData>
                  <MetaData>
                    <Name>forum</Name>
                    <Value>http://dndns.codeplex.com/Thread/List.aspx</Value>
                  </MetaData>
                  <MetaData>
                    <Name>homepage</Name>
                    <Value>http://dndns.codeplex.com/</Value>
                  </MetaData>
                  <MetaData>
                    <Name>name</Name>
                    <Value>DnDns</Value>
                  </MetaData>
                  <MetaData>
                    <Name>notes</Name>
                    <Value />
                  </MetaData>
                </MetaData>
                <Version>trunk</Version>
                <Url>network/dndns/dndns-trunk</Url>
              </Package>
            </Packages>
            <Url>network/dndns/</Url>
          </Category>
        </Categories>
        <Packages />
        <Url>network/</Url>
      </Category>
      <Category>
        <Name>orm</Name>
        <Categories>
          <Category>
            <Name>fluentnhibernate</Name>
            <Categories />
            <Packages>
              <Package>
                <Name>fluentnhibernate</Name>
                <MetaData>
                  <MetaData>
                    <Name>category</Name>
                    <Value>ORM</Value>
                  </MetaData>
                  <MetaData>
                    <Name>description</Name>
                    <Value>Fluent, XML-less, compile safe, automated, testable mappings for NHibernate </Value>
                  </MetaData>
                  <MetaData>
                    <Name>forum</Name>
                    <Value>http://groups.google.com/group/fluent-nhibernate</Value>
                  </MetaData>
                  <MetaData>
                    <Name>homepage</Name>
                    <Value>http://fluentnhibernate.org/</Value>
                  </MetaData>
                  <MetaData>
                    <Name>name</Name>
                    <Value>Fluent NHibernate</Value>
                  </MetaData>
                  <MetaData>
                    <Name>notes</Name>
                    <Value />
                  </MetaData>
                </MetaData>
                <Version>0.1</Version>
                <Url>orm/fluentnhibernate/fluentnhibernate-0.1</Url>
              </Package>
              <Package>
                <Name>fluentnhibernate</Name>
                <MetaData>
                  <MetaData>
                    <Name>category</Name>
                    <Value>ORM</Value>
                  </MetaData>
                  <MetaData>
                    <Name>description</Name>
                    <Value>Fluent, XML-less, compile safe, automated, testable mappings for NHibernate </Value>
                  </MetaData>
                  <MetaData>
                    <Name>forum</Name>
                    <Value>http://groups.google.com/group/fluent-nhibernate</Value>
                  </MetaData>
                  <MetaData>
                    <Name>homepage</Name>
                    <Value>http://fluentnhibernate.org/</Value>
                  </MetaData>
                  <MetaData>
                    <Name>name</Name>
                    <Value>Fluent NHibernate</Value>
                  </MetaData>
                  <MetaData>
                    <Name>notes</Name>
                    <Value />
                  </MetaData>
                </MetaData>
                <Version>trunk</Version>
                <Url>orm/fluentnhibernate/fluentnhibernate-trunk</Url>
              </Package>
            </Packages>
            <Url>orm/fluentnhibernate/</Url>
          </Category>
          <Category>
            <Name>nhcontrib</Name>
            <Categories>
              <Category>
                <Name>nhibernate.burrow</Name>
                <Categories />
                <Packages>
                  <Package>
                    <Name>burrow</Name>
                    <MetaData>
                      <MetaData>
                        <Name>category</Name>
                        <Value>ORM</Value>
                      </MetaData>
                      <MetaData>
                        <Name>description</Name>
                        <Value>NHibernate.Burrow is a light weight middleware developed to support .Net applications using NHibernate</Value>
                      </MetaData>
                      <MetaData>
                        <Name>forum</Name>
                        <Value>http://groups.google.co.uk/group/nhusers?hl=en</Value>
                      </MetaData>
                      <MetaData>
                        <Name>homepage</Name>
                        <Value>http://www.ohloh.net/p/NHibernateContrib</Value>
                      </MetaData>
                      <MetaData>
                        <Name>name</Name>
                        <Value>NHibernate Burrrow</Value>
                      </MetaData>
                      <MetaData>
                        <Name>notes</Name>
                        <Value />
                      </MetaData>
                    </MetaData>
                    <Version>2.1</Version>
                    <Url>orm/nhcontrib/nhibernate.burrow/burrow-2.1</Url>
                  </Package>
                  <Package>
                    <Name>burrow</Name>
                    <MetaData>
                      <MetaData>
                        <Name>category</Name>
                        <Value>ORM</Value>
                      </MetaData>
                      <MetaData>
                        <Name>description</Name>
                        <Value>NHibernate.Burrow is a light weight middleware developed to support .Net applications using NHibernate</Value>
                      </MetaData>
                      <MetaData>
                        <Name>forum</Name>
                        <Value>http://groups.google.co.uk/group/nhusers?hl=en</Value>
                      </MetaData>
                      <MetaData>
                        <Name>homepage</Name>
                        <Value>http://www.ohloh.net/p/NHibernateContrib</Value>
                      </MetaData>
                      <MetaData>
                        <Name>name</Name>
                        <Value>NHibernate Burrrow</Value>
                      </MetaData>
                      <MetaData>
                        <Name>notes</Name>
                        <Value />
                      </MetaData>
                    </MetaData>
                    <Version>trunk</Version>
                    <Url>orm/nhcontrib/nhibernate.burrow/burrow-trunk</Url>
                  </Package>
                </Packages>
                <Url>orm/nhcontrib/nhibernate.burrow/</Url>
              </Category>
              <Category>
                <Name>nhibernate.caches</Name>
                <Categories />
                <Packages>
                  <Package>
                    <Name>caches</Name>
                    <MetaData>
                      <MetaData>
                        <Name>category</Name>
                        <Value>ORM</Value>
                      </MetaData>
                      <MetaData>
                        <Name>description</Name>
                        <Value>NHibernate Caches contains several Cache Provider's for NHibernate's Cache mechanism.</Value>
                      </MetaData>
                      <MetaData>
                        <Name>forum</Name>
                        <Value>http://groups.google.co.uk/group/nhusers?hl=en</Value>
                      </MetaData>
                      <MetaData>
                        <Name>homepage</Name>
                        <Value>http://www.ohloh.net/p/NHibernateContrib</Value>
                      </MetaData>
                      <MetaData>
                        <Name>name</Name>
                        <Value>NHibernate Caches</Value>
                      </MetaData>
                      <MetaData>
                        <Name>notes</Name>
                        <Value />
                      </MetaData>
                    </MetaData>
                    <Version>trunk</Version>
                    <Url>orm/nhcontrib/nhibernate.caches/caches-trunk</Url>
                  </Package>
                </Packages>
                <Url>orm/nhcontrib/nhibernate.caches/</Url>
              </Category>
              <Category>
                <Name>nhibernate.jetdriver</Name>
                <Categories />
                <Packages>
                  <Package>
                    <Name>jetdriver</Name>
                    <MetaData>
                      <MetaData>
                        <Name>category</Name>
                        <Value>ORM</Value>
                      </MetaData>
                      <MetaData>
                        <Name>description</Name>
                        <Value>NHibernate JetDriver.</Value>
                      </MetaData>
                      <MetaData>
                        <Name>forum</Name>
                        <Value>http://groups.google.co.uk/group/nhusers?hl=en</Value>
                      </MetaData>
                      <MetaData>
                        <Name>homepage</Name>
                        <Value>http://www.ohloh.net/p/NHibernateContrib</Value>
                      </MetaData>
                      <MetaData>
                        <Name>name</Name>
                        <Value>NHibernate JetDriver</Value>
                      </MetaData>
                      <MetaData>
                        <Name>notes</Name>
                        <Value />
                      </MetaData>
                    </MetaData>
                    <Version>2.1</Version>
                    <Url>orm/nhcontrib/nhibernate.jetdriver/jetdriver-2.1</Url>
                  </Package>
                  <Package>
                    <Name>jetdriver</Name>
                    <MetaData>
                      <MetaData>
                        <Name>category</Name>
                        <Value>ORM</Value>
                      </MetaData>
                      <MetaData>
                        <Name>description</Name>
                        <Value>NHibernate JetDriver.</Value>
                      </MetaData>
                      <MetaData>
                        <Name>forum</Name>
                        <Value>http://groups.google.co.uk/group/nhusers?hl=en</Value>
                      </MetaData>
                      <MetaData>
                        <Name>homepage</Name>
                        <Value>http://www.ohloh.net/p/NHibernateContrib</Value>
                      </MetaData>
                      <MetaData>
                        <Name>name</Name>
                        <Value>NHibernate JetDriver</Value>
                      </MetaData>
                      <MetaData>
                        <Name>notes</Name>
                        <Value />
                      </MetaData>
                    </MetaData>
                    <Version>trunk</Version>
                    <Url>orm/nhcontrib/nhibernate.jetdriver/jetdriver-trunk</Url>
                  </Package>
                </Packages>
                <Url>orm/nhcontrib/nhibernate.jetdriver/</Url>
              </Category>
              <Category>
                <Name>nhibernate.linq</Name>
                <Categories />
                <Packages>
                  <Package>
                    <Name>linq</Name>
                    <MetaData>
                      <MetaData>
                        <Name>category</Name>
                        <Value>ORM</Value>
                      </MetaData>
                      <MetaData>
                        <Name>description</Name>
                        <Value>NHibernate Linq - Linq provider for NHibernate.</Value>
                      </MetaData>
                      <MetaData>
                        <Name>forum</Name>
                        <Value>http://groups.google.co.uk/group/nhusers?hl=en</Value>
                      </MetaData>
                      <MetaData>
                        <Name>homepage</Name>
                        <Value>http://www.ohloh.net/p/NHibernateContrib</Value>
                      </MetaData>
                      <MetaData>
                        <Name>name</Name>
                        <Value>NHibernate Linq</Value>
                      </MetaData>
                      <MetaData>
                        <Name>notes</Name>
                        <Value />
                      </MetaData>
                    </MetaData>
                    <Version>2.1</Version>
                    <Url>orm/nhcontrib/nhibernate.linq/linq-2.1</Url>
                  </Package>
                  <Package>
                    <Name>linq</Name>
                    <MetaData>
                      <MetaData>
                        <Name>category</Name>
                        <Value>ORM</Value>
                      </MetaData>
                      <MetaData>
                        <Name>description</Name>
                        <Value>NHibernate Linq - Linq provider for NHibernate.</Value>
                      </MetaData>
                      <MetaData>
                        <Name>forum</Name>
                        <Value>http://groups.google.co.uk/group/nhusers?hl=en</Value>
                      </MetaData>
                      <MetaData>
                        <Name>homepage</Name>
                        <Value>http://www.ohloh.net/p/NHibernateContrib</Value>
                      </MetaData>
                      <MetaData>
                        <Name>name</Name>
                        <Value>NHibernate Linq</Value>
                      </MetaData>
                      <MetaData>
                        <Name>notes</Name>
                        <Value />
                      </MetaData>
                    </MetaData>
                    <Version>trunk</Version>
                    <Url>orm/nhcontrib/nhibernate.linq/linq-trunk</Url>
                  </Package>
                </Packages>
                <Url>orm/nhcontrib/nhibernate.linq/</Url>
              </Category>
              <Category>
                <Name>nhibernate.search</Name>
                <Categories />
                <Packages>
                  <Package>
                    <Name>search</Name>
                    <MetaData>
                      <MetaData>
                        <Name>category</Name>
                        <Value>ORM</Value>
                      </MetaData>
                      <MetaData>
                        <Name>description</Name>
                        <Value>NHibernate search.</Value>
                      </MetaData>
                      <MetaData>
                        <Name>forum</Name>
                        <Value>http://groups.google.co.uk/group/nhusers?hl=en</Value>
                      </MetaData>
                      <MetaData>
                        <Name>homepage</Name>
                        <Value>http://www.ohloh.net/p/NHibernateContrib</Value>
                      </MetaData>
                      <MetaData>
                        <Name>name</Name>
                        <Value>NHibernate Search</Value>
                      </MetaData>
                      <MetaData>
                        <Name>notes</Name>
                        <Value />
                      </MetaData>
                    </MetaData>
                    <Version>trunk</Version>
                    <Url>orm/nhcontrib/nhibernate.search/search-trunk</Url>
                  </Package>
                </Packages>
                <Url>orm/nhcontrib/nhibernate.search/</Url>
              </Category>
              <Category>
                <Name>nhibernate.validator</Name>
                <Categories />
                <Packages>
                  <Package>
                    <Name>validator</Name>
                    <MetaData>
                      <MetaData>
                        <Name>category</Name>
                        <Value>ORM</Value>
                      </MetaData>
                      <MetaData>
                        <Name>description</Name>
                        <Value>NHibernate Validator.</Value>
                      </MetaData>
                      <MetaData>
                        <Name>forum</Name>
                        <Value>http://groups.google.co.uk/group/nhusers?hl=en</Value>
                      </MetaData>
                      <MetaData>
                        <Name>homepage</Name>
                        <Value>http://www.ohloh.net/p/NHibernateContrib</Value>
                      </MetaData>
                      <MetaData>
                        <Name>name</Name>
                        <Value>NHibernate Validator</Value>
                      </MetaData>
                      <MetaData>
                        <Name>notes</Name>
                        <Value />
                      </MetaData>
                    </MetaData>
                    <Version>trunk</Version>
                    <Url>orm/nhcontrib/nhibernate.validator/validator-trunk</Url>
                  </Package>
                </Packages>
                <Url>orm/nhcontrib/nhibernate.validator/</Url>
              </Category>
            </Categories>
            <Packages />
            <Url>orm/nhcontrib/</Url>
          </Category>
          <Category>
            <Name>nhibernate</Name>
            <Categories />
            <Packages>
              <Package>
                <Name>nhibernate</Name>
                <MetaData>
                  <MetaData>
                    <Name>category</Name>
                    <Value>ORM</Value>
                  </MetaData>
                  <MetaData>
                    <Name>description</Name>
                    <Value>NHibernate handles persisting plain .NET objects to and from an underlying relational database.</Value>
                  </MetaData>
                  <MetaData>
                    <Name>forum</Name>
                    <Value>http://groups.google.co.uk/group/nhusers?hl=en</Value>
                  </MetaData>
                  <MetaData>
                    <Name>homepage</Name>
                    <Value>http://www.hibernate.org/343.html</Value>
                  </MetaData>
                  <MetaData>
                    <Name>name</Name>
                    <Value>NHibernate</Value>
                  </MetaData>
                  <MetaData>
                    <Name>notes</Name>
                    <Value />
                  </MetaData>
                </MetaData>
                <Version>2.1</Version>
                <Url>orm/nhibernate/nhibernate-2.1</Url>
              </Package>
              <Package>
                <Name>nhibernate</Name>
                <MetaData>
                  <MetaData>
                    <Name>category</Name>
                    <Value>ORM</Value>
                  </MetaData>
                  <MetaData>
                    <Name>description</Name>
                    <Value>NHibernate handles persisting plain .NET objects to and from an underlying relational database.</Value>
                  </MetaData>
                  <MetaData>
                    <Name>forum</Name>
                    <Value>http://groups.google.co.uk/group/nhusers?hl=en</Value>
                  </MetaData>
                  <MetaData>
                    <Name>homepage</Name>
                    <Value>http://www.hibernate.org/343.html</Value>
                  </MetaData>
                  <MetaData>
                    <Name>name</Name>
                    <Value>NHibernate</Value>
                  </MetaData>
                  <MetaData>
                    <Name>notes</Name>
                    <Value />
                  </MetaData>
                </MetaData>
                <Version>trunk</Version>
                <Url>orm/nhibernate/nhibernate-trunk</Url>
              </Package>
            </Packages>
            <Url>orm/nhibernate/</Url>
          </Category>
          <Category>
            <Name>subsonic</Name>
            <Categories />
            <Packages />
            <Url>orm/subsonic/</Url>
          </Category>
        </Categories>
        <Packages />
        <Url>orm/</Url>
      </Category>
      <Category>
        <Name>web</Name>
        <Categories>
          <Category>
            <Name>asp.net.mvc</Name>
            <Categories>
              <Category>
                <Name>mvccontrib</Name>
                <Categories />
                <Packages>
                  <Package>
                    <Name>mvccontrib</Name>
                    <MetaData>
                      <MetaData>
                        <Name>category</Name>
                        <Value>Web</Value>
                      </MetaData>
                      <MetaData>
                        <Name>description</Name>
                        <Value>This project adds additional functionality on top of the ASP.NET MVC Framework.</Value>
                      </MetaData>
                      <MetaData>
                        <Name>forum</Name>
                        <Value>http://groups.google.co.uk/group/mvccontrib-discuss</Value>
                      </MetaData>
                      <MetaData>
                        <Name>homepage</Name>
                        <Value>http://www.codeplex.com/MVCContrib</Value>
                      </MetaData>
                      <MetaData>
                        <Name>name</Name>
                        <Value>MVCContrib</Value>
                      </MetaData>
                      <MetaData>
                        <Name>notes</Name>
                        <Value />
                      </MetaData>
                    </MetaData>
                    <Version>trunk</Version>
                    <Url>web/asp.net.mvc/mvccontrib/mvccontrib-trunk</Url>
                  </Package>
                </Packages>
                <Url>web/asp.net.mvc/mvccontrib/</Url>
              </Category>
              <Category>
                <Name>viewengines</Name>
                <Categories>
                  <Category>
                    <Name>hasic</Name>
                    <Categories />
                    <Packages>
                      <Package>
                        <Name>hasic</Name>
                        <MetaData>
                          <MetaData>
                            <Name>category</Name>
                            <Value>Web</Value>
                          </MetaData>
                          <MetaData>
                            <Name>description</Name>
                            <Value>A view engine for ASP.NET MVC that uses VB.NET XML literals.</Value>
                          </MetaData>
                          <MetaData>
                            <Name>homepage</Name>
                            <Value>http://www.assembla.com/wiki/show/hasic</Value>
                          </MetaData>
                          <MetaData>
                            <Name>name</Name>
                            <Value>Hasic</Value>
                          </MetaData>
                          <MetaData>
                            <Name>notes</Name>
                            <Value />
                          </MetaData>
                        </MetaData>
                        <Version>trunk</Version>
                        <Url>web/asp.net.mvc/viewengines/hasic/hasic-trunk</Url>
                      </Package>
                    </Packages>
                    <Url>web/asp.net.mvc/viewengines/hasic/</Url>
                  </Category>
                </Categories>
                <Packages />
                <Url>web/asp.net.mvc/viewengines/</Url>
              </Category>
            </Categories>
            <Packages />
            <Url>web/asp.net.mvc/</Url>
          </Category>
          <Category>
            <Name>json</Name>
            <Categories>
              <Category>
                <Name>json.net</Name>
                <Categories />
                <Packages>
                  <Package>
                    <Name>net</Name>
                    <MetaData>
                      <MetaData>
                        <Name>category</Name>
                        <Value>Web</Value>
                      </MetaData>
                      <MetaData>
                        <Name>description</Name>
                        <Value>A .NET serialization for converting objects to JSON and vice versa</Value>
                      </MetaData>
                      <MetaData>
                        <Name>homepage</Name>
                        <Value>http://james.newtonking.com/pages/json-net.aspx/</Value>
                      </MetaData>
                      <MetaData>
                        <Name>name</Name>
                        <Value>JSON.NET</Value>
                      </MetaData>
                      <MetaData>
                        <Name>notes</Name>
                        <Value />
                      </MetaData>
                    </MetaData>
                    <Version>trunk</Version>
                    <Url>web/json/json.net/net-trunk</Url>
                  </Package>
                </Packages>
                <Url>web/json/json.net/</Url>
              </Category>
            </Categories>
            <Packages />
            <Url>web/json/</Url>
          </Category>
        </Categories>
        <Packages />
        <Url>web/</Url>
      </Category>
      <Category>
        <Name>wpf</Name>
        <Categories>
          <Category>
            <Name>caliburn</Name>
            <Categories>
              <Category>
                <Name>caliburn-silverlight</Name>
                <Categories />
                <Packages>
                  <Package>
                    <Name>caliburn</Name>
                    <MetaData>
                      <MetaData>
                        <Name>category</Name>
                        <Value>Silverlight</Value>
                      </MetaData>
                      <MetaData>
                        <Name>description</Name>
                        <Value>Designed to aid in the development of WPF and Silverlight applications, Caliburn implements a variety of UI patterns for solving real-world problems. Patterns that are enabled by the framework include MVC, MVP, Presentation Model (MVVM), Commands and Application Controller.</Value>
                      </MetaData>
                      <MetaData>
                        <Name>forum</Name>
                        <Value>http://caliburn.codeplex.com/Thread/List.aspx</Value>
                      </MetaData>
                      <MetaData>
                        <Name>homepage</Name>
                        <Value>http://caliburn.codeplex.com/</Value>
                      </MetaData>
                      <MetaData>
                        <Name>name</Name>
                        <Value>Caliburn</Value>
                      </MetaData>
                      <MetaData>
                        <Name>notes</Name>
                        <Value />
                      </MetaData>
                    </MetaData>
                    <Version>2.0</Version>
                    <Url>wpf/caliburn/caliburn-silverlight/caliburn-2.0</Url>
                  </Package>
                  <Package>
                    <Name>caliburn</Name>
                    <MetaData>
                      <MetaData>
                        <Name>category</Name>
                        <Value>Silverlight</Value>
                      </MetaData>
                      <MetaData>
                        <Name>description</Name>
                        <Value>Designed to aid in the development of WPF and Silverlight applications, Caliburn implements a variety of UI patterns for solving real-world problems. Patterns that are enabled by the framework include MVC, MVP, Presentation Model (MVVM), Commands and Application Controller.</Value>
                      </MetaData>
                      <MetaData>
                        <Name>forum</Name>
                        <Value>http://caliburn.codeplex.com/Thread/List.aspx</Value>
                      </MetaData>
                      <MetaData>
                        <Name>homepage</Name>
                        <Value>http://caliburn.codeplex.com/</Value>
                      </MetaData>
                      <MetaData>
                        <Name>name</Name>
                        <Value>Caliburn</Value>
                      </MetaData>
                      <MetaData>
                        <Name>notes</Name>
                        <Value />
                      </MetaData>
                    </MetaData>
                    <Version>trunk</Version>
                    <Url>wpf/caliburn/caliburn-silverlight/caliburn-trunk</Url>
                  </Package>
                </Packages>
                <Url>wpf/caliburn/caliburn-silverlight/</Url>
              </Category>
            </Categories>
            <Packages>
              <Package>
                <Name>caliburn</Name>
                <MetaData>
                  <MetaData>
                    <Name>category</Name>
                    <Value>WPF</Value>
                  </MetaData>
                  <MetaData>
                    <Name>description</Name>
                    <Value>Designed to aid in the development of WPF and Silverlight applications, Caliburn implements a variety of UI patterns for solving real-world problems. Patterns that are enabled by the framework include MVC, MVP, Presentation Model (MVVM), Commands and Application Controller.</Value>
                  </MetaData>
                  <MetaData>
                    <Name>forum</Name>
                    <Value>http://caliburn.codeplex.com/Thread/List.aspx</Value>
                  </MetaData>
                  <MetaData>
                    <Name>homepage</Name>
                    <Value>http://caliburn.codeplex.com/</Value>
                  </MetaData>
                  <MetaData>
                    <Name>name</Name>
                    <Value>Caliburn</Value>
                  </MetaData>
                  <MetaData>
                    <Name>notes</Name>
                    <Value />
                  </MetaData>
                </MetaData>
                <Version>trunk</Version>
                <Url>wpf/caliburn/caliburn-trunk</Url>
              </Package>
            </Packages>
            <Url>wpf/caliburn/</Url>
          </Category>
        </Categories>
        <Packages />
        <Url>wpf/</Url>
      </Category>
    </Categories>
    <Packages />
    <Url>.horn/</Url>
  </Category>
</ArrayOfCategory>